ERROR - 2023-10-18 11:21:18 --> mysqli_sql_exception: Unknown column 'activo' in 'field list' in C:\Program Files\Xampp\htdocs\ProyectoGrado\ProyectoFinal\system\Database\MySQLi\Connection.php:295
Stack trace:
#0 C:\Program Files\Xampp\htdocs\ProyectoGrado\ProyectoFinal\system\Database\MySQLi\Connection.php(295): mysqli->query('INSERT INTO `us...', 0)
#1 C:\Program Files\Xampp\htdocs\ProyectoGrado\ProyectoFinal\system\Database\BaseConnection.php(692): CodeIgniter\Database\MySQLi\Connection->execute('INSERT INTO `us...')
#2 C:\Program Files\Xampp\htdocs\ProyectoGrado\ProyectoFinal\system\Database\BaseConnection.php(606): CodeIgniter\Database\BaseConnection->simpleQuery('INSERT INTO `us...')
#3 C:\Program Files\Xampp\htdocs\ProyectoGrado\ProyectoFinal\system\Database\BaseBuilder.php(2309): CodeIgniter\Database\BaseConnection->query('INSERT INTO `us...', Array, false)
#4 C:\Program Files\Xampp\htdocs\ProyectoGrado\ProyectoFinal\system\Model.php(330): CodeIgniter\Database\BaseBuilder->insert()
#5 C:\Program Files\Xampp\htdocs\ProyectoGrado\ProyectoFinal\system\BaseModel.php(782): CodeIgniter\Model->doInsert(Array)
#6 C:\Program Files\Xampp\htdocs\ProyectoGrado\ProyectoFinal\system\Model.php(730): CodeIgniter\BaseModel->insert(Array, false)
#7 C:\Program Files\Xampp\htdocs\ProyectoGrado\ProyectoFinal\system\BaseModel.php(692): CodeIgniter\Model->insert(Array, false)
#8 C:\Program Files\Xampp\htdocs\ProyectoGrado\ProyectoFinal\app\Controllers\Usuarios.php(60): CodeIgniter\BaseModel->save(Array)
#9 C:\Program Files\Xampp\htdocs\ProyectoGrado\ProyectoFinal\system\CodeIgniter.php(934): App\Controllers\Usuarios->registro()
#10 C:\Program Files\Xampp\htdocs\ProyectoGrado\ProyectoFinal\system\CodeIgniter.php(499): CodeIgniter\CodeIgniter->runController(Object(App\Controllers\Usuarios))
#11 C:\Program Files\Xampp\htdocs\ProyectoGrado\ProyectoFinal\system\CodeIgniter.php(368): CodeIgniter\CodeIgniter->handleRequest(NULL, Object(Config\Cache), false)
#12 C:\Program Files\Xampp\htdocs\ProyectoGrado\ProyectoFinal\public\index.php(67): CodeIgniter\CodeIgniter->run()
#13 {main}
CRITICAL - 2023-10-18 11:21:18 --> Unknown column 'activo' in 'field list'
in SYSTEMPATH\Database\MySQLi\Connection.php on line 295.
 1 SYSTEMPATH\Database\MySQLi\Connection.php(295): mysqli->query('INSERT INTO `usuarios` (`nombre_usuario`, `correo_electronico`, `nombres`, `apellido`, `carnet`, `telefono`, `contrasena`, `tipo_usuario`, `codigo_verificacion`, `activo`) VALUES (\'fenix\', \'zzlaigthzz@gmail.com\', \'raul\', \'condori\', \'8000421\', \'60369846\', \'$2y$10$97G9USgUTxnM94zGV3RvCuw7yNKyl0MJ0W.vAuW/8fjziYzL2kxVO\', \'administrador\', 30840374, 0)', 0)
 2 SYSTEMPATH\Database\BaseConnection.php(692): CodeIgniter\Database\MySQLi\Connection->execute('INSERT INTO `usuarios` (`nombre_usuario`, `correo_electronico`, `nombres`, `apellido`, `carnet`, `telefono`, `contrasena`, `tipo_usuario`, `codigo_verificacion`, `activo`) VALUES (\'fenix\', \'zzlaigthzz@gmail.com\', \'raul\', \'condori\', \'8000421\', \'60369846\', \'$2y$10$97G9USgUTxnM94zGV3RvCuw7yNKyl0MJ0W.vAuW/8fjziYzL2kxVO\', \'administrador\', 30840374, 0)')
 3 SYSTEMPATH\Database\BaseConnection.php(606): CodeIgniter\Database\BaseConnection->simpleQuery('INSERT INTO `usuarios` (`nombre_usuario`, `correo_electronico`, `nombres`, `apellido`, `carnet`, `telefono`, `contrasena`, `tipo_usuario`, `codigo_verificacion`, `activo`) VALUES (\'fenix\', \'zzlaigthzz@gmail.com\', \'raul\', \'condori\', \'8000421\', \'60369846\', \'$2y$10$97G9USgUTxnM94zGV3RvCuw7yNKyl0MJ0W.vAuW/8fjziYzL2kxVO\', \'administrador\', 30840374, 0)')
 4 SYSTEMPATH\Database\BaseBuilder.php(2309): CodeIgniter\Database\BaseConnection->query('INSERT INTO `usuarios` (`nombre_usuario`, `correo_electronico`, `nombres`, `apellido`, `carnet`, `telefono`, `contrasena`, `tipo_usuario`, `codigo_verificacion`, `activo`) VALUES (:nombre_usuario:, :correo_electronico:, :nombres:, :apellido:, :carnet:, :telefono:, :contrasena:, :tipo_usuario:, :codigo_verificacion:, :activo:)', [...], false)
 5 SYSTEMPATH\Model.php(330): CodeIgniter\Database\BaseBuilder->insert()
 6 SYSTEMPATH\BaseModel.php(782): CodeIgniter\Model->doInsert([...])
 7 SYSTEMPATH\Model.php(730): CodeIgniter\BaseModel->insert([...], false)
 8 SYSTEMPATH\BaseModel.php(692): CodeIgniter\Model->insert([...], false)
 9 APPPATH\Controllers\Usuarios.php(60): CodeIgniter\BaseModel->save([...])
10 SYSTEMPATH\CodeIgniter.php(934): App\Controllers\Usuarios->registro()
11 SYSTEMPATH\CodeIgniter.php(499): CodeIgniter\CodeIgniter->runController(Object(App\Controllers\Usuarios))
12 SYSTEMPATH\CodeIgniter.php(368): CodeIgniter\CodeIgniter->handleRequest(null, Object(Config\Cache), false)
13 FCPATH\index.php(67): CodeIgniter\CodeIgniter->run()
ERROR - 2023-10-18 11:31:07 --> mysqli_sql_exception: Cannot add or update a child row: a foreign key constraint fails (`veterinariabd`.`productos`, CONSTRAINT `fk_productos_categoria2` FOREIGN KEY (`idCategoria`) REFERENCES `categoria` (`id`)) in C:\Program Files\Xampp\htdocs\ProyectoGrado\ProyectoFinal\system\Database\MySQLi\Connection.php:295
Stack trace:
#0 C:\Program Files\Xampp\htdocs\ProyectoGrado\ProyectoFinal\system\Database\MySQLi\Connection.php(295): mysqli->query('INSERT INTO `Pr...', 0)
#1 C:\Program Files\Xampp\htdocs\ProyectoGrado\ProyectoFinal\system\Database\BaseConnection.php(692): CodeIgniter\Database\MySQLi\Connection->execute('INSERT INTO `Pr...')
#2 C:\Program Files\Xampp\htdocs\ProyectoGrado\ProyectoFinal\system\Database\BaseConnection.php(606): CodeIgniter\Database\BaseConnection->simpleQuery('INSERT INTO `Pr...')
#3 C:\Program Files\Xampp\htdocs\ProyectoGrado\ProyectoFinal\system\Database\BaseBuilder.php(2309): CodeIgniter\Database\BaseConnection->query('INSERT INTO `Pr...', Array, false)
#4 C:\Program Files\Xampp\htdocs\ProyectoGrado\ProyectoFinal\system\Model.php(330): CodeIgniter\Database\BaseBuilder->insert()
#5 C:\Program Files\Xampp\htdocs\ProyectoGrado\ProyectoFinal\system\BaseModel.php(782): CodeIgniter\Model->doInsert(Array)
#6 C:\Program Files\Xampp\htdocs\ProyectoGrado\ProyectoFinal\system\Model.php(730): CodeIgniter\BaseModel->insert(Array, true)
#7 C:\Program Files\Xampp\htdocs\ProyectoGrado\ProyectoFinal\app\Controllers\Productos.php(38): CodeIgniter\Model->insert(Array)
#8 C:\Program Files\Xampp\htdocs\ProyectoGrado\ProyectoFinal\system\CodeIgniter.php(934): App\Controllers\Productos->store()
#9 C:\Program Files\Xampp\htdocs\ProyectoGrado\ProyectoFinal\system\CodeIgniter.php(499): CodeIgniter\CodeIgniter->runController(Object(App\Controllers\Productos))
#10 C:\Program Files\Xampp\htdocs\ProyectoGrado\ProyectoFinal\system\CodeIgniter.php(368): CodeIgniter\CodeIgniter->handleRequest(NULL, Object(Config\Cache), false)
#11 C:\Program Files\Xampp\htdocs\ProyectoGrado\ProyectoFinal\public\index.php(67): CodeIgniter\CodeIgniter->run()
#12 {main}
CRITICAL - 2023-10-18 11:31:07 --> Cannot add or update a child row: a foreign key constraint fails (`veterinariabd`.`productos`, CONSTRAINT `fk_productos_categoria2` FOREIGN KEY (`idCategoria`) REFERENCES `categoria` (`id`))
in SYSTEMPATH\Database\MySQLi\Connection.php on line 295.
 1 SYSTEMPATH\Database\MySQLi\Connection.php(295): mysqli->query('INSERT INTO `Productos` (`Nombre`, `Precio`, `Cantidad`, `Estado`, `Imagen`, `fechaRegistro`) VALUES (\'Collar para Perro\', \'45.10\', \'10\', 1, \'producto1_1.png\', \'2023-10-18\')', 0)
 2 SYSTEMPATH\Database\BaseConnection.php(692): CodeIgniter\Database\MySQLi\Connection->execute('INSERT INTO `Productos` (`Nombre`, `Precio`, `Cantidad`, `Estado`, `Imagen`, `fechaRegistro`) VALUES (\'Collar para Perro\', \'45.10\', \'10\', 1, \'producto1_1.png\', \'2023-10-18\')')
 3 SYSTEMPATH\Database\BaseConnection.php(606): CodeIgniter\Database\BaseConnection->simpleQuery('INSERT INTO `Productos` (`Nombre`, `Precio`, `Cantidad`, `Estado`, `Imagen`, `fechaRegistro`) VALUES (\'Collar para Perro\', \'45.10\', \'10\', 1, \'producto1_1.png\', \'2023-10-18\')')
 4 SYSTEMPATH\Database\BaseBuilder.php(2309): CodeIgniter\Database\BaseConnection->query('INSERT INTO `Productos` (`Nombre`, `Precio`, `Cantidad`, `Estado`, `Imagen`, `fechaRegistro`) VALUES (:Nombre:, :Precio:, :Cantidad:, :Estado:, :Imagen:, :fechaRegistro:)', [...], false)
 5 SYSTEMPATH\Model.php(330): CodeIgniter\Database\BaseBuilder->insert()
 6 SYSTEMPATH\BaseModel.php(782): CodeIgniter\Model->doInsert([...])
 7 SYSTEMPATH\Model.php(730): CodeIgniter\BaseModel->insert([...], true)
 8 APPPATH\Controllers\Productos.php(38): CodeIgniter\Model->insert([...])
 9 SYSTEMPATH\CodeIgniter.php(934): App\Controllers\Productos->store()
10 SYSTEMPATH\CodeIgniter.php(499): CodeIgniter\CodeIgniter->runController(Object(App\Controllers\Productos))
11 SYSTEMPATH\CodeIgniter.php(368): CodeIgniter\CodeIgniter->handleRequest(null, Object(Config\Cache), false)
12 FCPATH\index.php(67): CodeIgniter\CodeIgniter->run()
ERROR - 2023-10-18 11:45:42 --> mysqli_sql_exception: Cannot add or update a child row: a foreign key constraint fails (`veterinariabd`.`productos`, CONSTRAINT `fk_productos_categoria2` FOREIGN KEY (`idCategoria`) REFERENCES `categoria` (`id`)) in C:\Program Files\Xampp\htdocs\ProyectoGrado\ProyectoFinal\system\Database\MySQLi\Connection.php:295
Stack trace:
#0 C:\Program Files\Xampp\htdocs\ProyectoGrado\ProyectoFinal\system\Database\MySQLi\Connection.php(295): mysqli->query('INSERT INTO `Pr...', 0)
#1 C:\Program Files\Xampp\htdocs\ProyectoGrado\ProyectoFinal\system\Database\BaseConnection.php(692): CodeIgniter\Database\MySQLi\Connection->execute('INSERT INTO `Pr...')
#2 C:\Program Files\Xampp\htdocs\ProyectoGrado\ProyectoFinal\system\Database\BaseConnection.php(606): CodeIgniter\Database\BaseConnection->simpleQuery('INSERT INTO `Pr...')
#3 C:\Program Files\Xampp\htdocs\ProyectoGrado\ProyectoFinal\system\Database\BaseBuilder.php(2309): CodeIgniter\Database\BaseConnection->query('INSERT INTO `Pr...', Array, false)
#4 C:\Program Files\Xampp\htdocs\ProyectoGrado\ProyectoFinal\system\Model.php(330): CodeIgniter\Database\BaseBuilder->insert()
#5 C:\Program Files\Xampp\htdocs\ProyectoGrado\ProyectoFinal\system\BaseModel.php(782): CodeIgniter\Model->doInsert(Array)
#6 C:\Program Files\Xampp\htdocs\ProyectoGrado\ProyectoFinal\system\Model.php(730): CodeIgniter\BaseModel->insert(Array, true)
#7 C:\Program Files\Xampp\htdocs\ProyectoGrado\ProyectoFinal\app\Controllers\Productos.php(38): CodeIgniter\Model->insert(Array)
#8 C:\Program Files\Xampp\htdocs\ProyectoGrado\ProyectoFinal\system\CodeIgniter.php(934): App\Controllers\Productos->store()
#9 C:\Program Files\Xampp\htdocs\ProyectoGrado\ProyectoFinal\system\CodeIgniter.php(499): CodeIgniter\CodeIgniter->runController(Object(App\Controllers\Productos))
#10 C:\Program Files\Xampp\htdocs\ProyectoGrado\ProyectoFinal\system\CodeIgniter.php(368): CodeIgniter\CodeIgniter->handleRequest(NULL, Object(Config\Cache), false)
#11 C:\Program Files\Xampp\htdocs\ProyectoGrado\ProyectoFinal\public\index.php(67): CodeIgniter\CodeIgniter->run()
#12 {main}
CRITICAL - 2023-10-18 11:45:42 --> Cannot add or update a child row: a foreign key constraint fails (`veterinariabd`.`productos`, CONSTRAINT `fk_productos_categoria2` FOREIGN KEY (`idCategoria`) REFERENCES `categoria` (`id`))
in SYSTEMPATH\Database\MySQLi\Connection.php on line 295.
 1 SYSTEMPATH\Database\MySQLi\Connection.php(295): mysqli->query('INSERT INTO `Productos` (`Nombre`, `Precio`, `Cantidad`, `Estado`, `Imagen`, `fechaRegistro`) VALUES (\'Collar para Perro\', \'45.10\', \'10\', 1, \'producto1_2.png\', \'2023-10-18\')', 0)
 2 SYSTEMPATH\Database\BaseConnection.php(692): CodeIgniter\Database\MySQLi\Connection->execute('INSERT INTO `Productos` (`Nombre`, `Precio`, `Cantidad`, `Estado`, `Imagen`, `fechaRegistro`) VALUES (\'Collar para Perro\', \'45.10\', \'10\', 1, \'producto1_2.png\', \'2023-10-18\')')
 3 SYSTEMPATH\Database\BaseConnection.php(606): CodeIgniter\Database\BaseConnection->simpleQuery('INSERT INTO `Productos` (`Nombre`, `Precio`, `Cantidad`, `Estado`, `Imagen`, `fechaRegistro`) VALUES (\'Collar para Perro\', \'45.10\', \'10\', 1, \'producto1_2.png\', \'2023-10-18\')')
 4 SYSTEMPATH\Database\BaseBuilder.php(2309): CodeIgniter\Database\BaseConnection->query('INSERT INTO `Productos` (`Nombre`, `Precio`, `Cantidad`, `Estado`, `Imagen`, `fechaRegistro`) VALUES (:Nombre:, :Precio:, :Cantidad:, :Estado:, :Imagen:, :fechaRegistro:)', [...], false)
 5 SYSTEMPATH\Model.php(330): CodeIgniter\Database\BaseBuilder->insert()
 6 SYSTEMPATH\BaseModel.php(782): CodeIgniter\Model->doInsert([...])
 7 SYSTEMPATH\Model.php(730): CodeIgniter\BaseModel->insert([...], true)
 8 APPPATH\Controllers\Productos.php(38): CodeIgniter\Model->insert([...])
 9 SYSTEMPATH\CodeIgniter.php(934): App\Controllers\Productos->store()
10 SYSTEMPATH\CodeIgniter.php(499): CodeIgniter\CodeIgniter->runController(Object(App\Controllers\Productos))
11 SYSTEMPATH\CodeIgniter.php(368): CodeIgniter\CodeIgniter->handleRequest(null, Object(Config\Cache), false)
12 FCPATH\index.php(67): CodeIgniter\CodeIgniter->run()
ERROR - 2023-10-18 11:48:18 --> mysqli_sql_exception: Cannot add or update a child row: a foreign key constraint fails (`veterinariabd`.`productos`, CONSTRAINT `fk_productos_categoria2` FOREIGN KEY (`idCategoria`) REFERENCES `categoria` (`id`)) in C:\Program Files\Xampp\htdocs\ProyectoGrado\ProyectoFinal\system\Database\MySQLi\Connection.php:295
Stack trace:
#0 C:\Program Files\Xampp\htdocs\ProyectoGrado\ProyectoFinal\system\Database\MySQLi\Connection.php(295): mysqli->query('INSERT INTO `Pr...', 0)
#1 C:\Program Files\Xampp\htdocs\ProyectoGrado\ProyectoFinal\system\Database\BaseConnection.php(692): CodeIgniter\Database\MySQLi\Connection->execute('INSERT INTO `Pr...')
#2 C:\Program Files\Xampp\htdocs\ProyectoGrado\ProyectoFinal\system\Database\BaseConnection.php(606): CodeIgniter\Database\BaseConnection->simpleQuery('INSERT INTO `Pr...')
#3 C:\Program Files\Xampp\htdocs\ProyectoGrado\ProyectoFinal\system\Database\BaseBuilder.php(2309): CodeIgniter\Database\BaseConnection->query('INSERT INTO `Pr...', Array, false)
#4 C:\Program Files\Xampp\htdocs\ProyectoGrado\ProyectoFinal\system\Model.php(330): CodeIgniter\Database\BaseBuilder->insert()
#5 C:\Program Files\Xampp\htdocs\ProyectoGrado\ProyectoFinal\system\BaseModel.php(782): CodeIgniter\Model->doInsert(Array)
#6 C:\Program Files\Xampp\htdocs\ProyectoGrado\ProyectoFinal\system\Model.php(730): CodeIgniter\BaseModel->insert(Array, true)
#7 C:\Program Files\Xampp\htdocs\ProyectoGrado\ProyectoFinal\app\Controllers\Productos.php(38): CodeIgniter\Model->insert(Array)
#8 C:\Program Files\Xampp\htdocs\ProyectoGrado\ProyectoFinal\system\CodeIgniter.php(934): App\Controllers\Productos->store()
#9 C:\Program Files\Xampp\htdocs\ProyectoGrado\ProyectoFinal\system\CodeIgniter.php(499): CodeIgniter\CodeIgniter->runController(Object(App\Controllers\Productos))
#10 C:\Program Files\Xampp\htdocs\ProyectoGrado\ProyectoFinal\system\CodeIgniter.php(368): CodeIgniter\CodeIgniter->handleRequest(NULL, Object(Config\Cache), false)
#11 C:\Program Files\Xampp\htdocs\ProyectoGrado\ProyectoFinal\public\index.php(67): CodeIgniter\CodeIgniter->run()
#12 {main}
CRITICAL - 2023-10-18 11:48:19 --> Cannot add or update a child row: a foreign key constraint fails (`veterinariabd`.`productos`, CONSTRAINT `fk_productos_categoria2` FOREIGN KEY (`idCategoria`) REFERENCES `categoria` (`id`))
in SYSTEMPATH\Database\MySQLi\Connection.php on line 295.
 1 SYSTEMPATH\Database\MySQLi\Connection.php(295): mysqli->query('INSERT INTO `Productos` (`Nombre`, `Precio`, `Cantidad`, `Estado`, `Imagen`, `fechaRegistro`) VALUES (\'Collar para Perro\', \'45.6\', \'10\', 1, \'producto1_3.png\', \'2023-10-18\')', 0)
 2 SYSTEMPATH\Database\BaseConnection.php(692): CodeIgniter\Database\MySQLi\Connection->execute('INSERT INTO `Productos` (`Nombre`, `Precio`, `Cantidad`, `Estado`, `Imagen`, `fechaRegistro`) VALUES (\'Collar para Perro\', \'45.6\', \'10\', 1, \'producto1_3.png\', \'2023-10-18\')')
 3 SYSTEMPATH\Database\BaseConnection.php(606): CodeIgniter\Database\BaseConnection->simpleQuery('INSERT INTO `Productos` (`Nombre`, `Precio`, `Cantidad`, `Estado`, `Imagen`, `fechaRegistro`) VALUES (\'Collar para Perro\', \'45.6\', \'10\', 1, \'producto1_3.png\', \'2023-10-18\')')
 4 SYSTEMPATH\Database\BaseBuilder.php(2309): CodeIgniter\Database\BaseConnection->query('INSERT INTO `Productos` (`Nombre`, `Precio`, `Cantidad`, `Estado`, `Imagen`, `fechaRegistro`) VALUES (:Nombre:, :Precio:, :Cantidad:, :Estado:, :Imagen:, :fechaRegistro:)', [...], false)
 5 SYSTEMPATH\Model.php(330): CodeIgniter\Database\BaseBuilder->insert()
 6 SYSTEMPATH\BaseModel.php(782): CodeIgniter\Model->doInsert([...])
 7 SYSTEMPATH\Model.php(730): CodeIgniter\BaseModel->insert([...], true)
 8 APPPATH\Controllers\Productos.php(38): CodeIgniter\Model->insert([...])
 9 SYSTEMPATH\CodeIgniter.php(934): App\Controllers\Productos->store()
10 SYSTEMPATH\CodeIgniter.php(499): CodeIgniter\CodeIgniter->runController(Object(App\Controllers\Productos))
11 SYSTEMPATH\CodeIgniter.php(368): CodeIgniter\CodeIgniter->handleRequest(null, Object(Config\Cache), false)
12 FCPATH\index.php(67): CodeIgniter\CodeIgniter->run()
CRITICAL - 2023-10-18 15:35:40 --> Undefined variable $productos
in APPPATH\Views\categoria\listar.php on line 116.
 1 APPPATH\Views\categoria\listar.php(116): CodeIgniter\Debug\Exceptions->errorHandler(2, 'Undefined variable $productos', 'C:\\Program Files\\Xampp\\htdocs\\ProyectoGrado\\ProyectoFinal\\app\\Views\\categoria\\listar.php', 116)
 2 SYSTEMPATH\View\View.php(213): include('C:\\Program Files\\Xampp\\htdocs\\ProyectoGrado\\ProyectoFinal\\app\\Views\\categoria\\listar.php')
 3 SYSTEMPATH\View\View.php(216): CodeIgniter\View\View->CodeIgniter\View\{closure}()
 4 SYSTEMPATH\Common.php(1184): CodeIgniter\View\View->render('categoria/listar', [], true)
 5 APPPATH\Controllers\Categorias.php(14): view('categoria/listar', [...])
 6 SYSTEMPATH\CodeIgniter.php(934): App\Controllers\Categorias->index()
 7 SYSTEMPATH\CodeIgniter.php(499): CodeIgniter\CodeIgniter->runController(Object(App\Controllers\Categorias))
 8 SYSTEMPATH\CodeIgniter.php(368): CodeIgniter\CodeIgniter->handleRequest(null, Object(Config\Cache), false)
 9 FCPATH\index.php(67): CodeIgniter\CodeIgniter->run()
CRITICAL - 2023-10-18 15:35:51 --> Undefined variable $productos
in APPPATH\Views\categoria\listar.php on line 116.
 1 APPPATH\Views\categoria\listar.php(116): CodeIgniter\Debug\Exceptions->errorHandler(2, 'Undefined variable $productos', 'C:\\Program Files\\Xampp\\htdocs\\ProyectoGrado\\ProyectoFinal\\app\\Views\\categoria\\listar.php', 116)
 2 SYSTEMPATH\View\View.php(213): include('C:\\Program Files\\Xampp\\htdocs\\ProyectoGrado\\ProyectoFinal\\app\\Views\\categoria\\listar.php')
 3 SYSTEMPATH\View\View.php(216): CodeIgniter\View\View->CodeIgniter\View\{closure}()
 4 SYSTEMPATH\Common.php(1184): CodeIgniter\View\View->render('categoria/listar', [], true)
 5 APPPATH\Controllers\Categorias.php(14): view('categoria/listar', [...])
 6 SYSTEMPATH\CodeIgniter.php(934): App\Controllers\Categorias->index()
 7 SYSTEMPATH\CodeIgniter.php(499): CodeIgniter\CodeIgniter->runController(Object(App\Controllers\Categorias))
 8 SYSTEMPATH\CodeIgniter.php(368): CodeIgniter\CodeIgniter->handleRequest(null, Object(Config\Cache), false)
 9 FCPATH\index.php(67): CodeIgniter\CodeIgniter->run()
CRITICAL - 2023-10-18 17:02:25 --> Undefined variable $categoria
in APPPATH\Views\categoria\create.php on line 27.
 1 APPPATH\Views\categoria\create.php(27): CodeIgniter\Debug\Exceptions->errorHandler(2, 'Undefined variable $categoria', 'C:\\Program Files\\Xampp\\htdocs\\ProyectoGrado\\ProyectoFinal\\app\\Views\\categoria\\create.php', 27)
 2 SYSTEMPATH\View\View.php(213): include('C:\\Program Files\\Xampp\\htdocs\\ProyectoGrado\\ProyectoFinal\\app\\Views\\categoria\\create.php')
 3 SYSTEMPATH\View\View.php(216): CodeIgniter\View\View->CodeIgniter\View\{closure}()
 4 SYSTEMPATH\Common.php(1184): CodeIgniter\View\View->render('categoria/create', [], true)
 5 APPPATH\Controllers\Categoria.php(20): view('categoria/create', [...])
 6 SYSTEMPATH\CodeIgniter.php(934): App\Controllers\Categoria->create()
 7 SYSTEMPATH\CodeIgniter.php(499): CodeIgniter\CodeIgniter->runController(Object(App\Controllers\Categoria))
 8 SYSTEMPATH\CodeIgniter.php(368): CodeIgniter\CodeIgniter->handleRequest(null, Object(Config\Cache), false)
 9 FCPATH\index.php(67): CodeIgniter\CodeIgniter->run()
CRITICAL - 2023-10-18 17:24:42 --> Undefined array key "Nombre"
in APPPATH\Views\categoria\listar.php on line 126.
 1 APPPATH\Views\categoria\listar.php(126): CodeIgniter\Debug\Exceptions->errorHandler(2, 'Undefined array key "Nombre"', 'C:\\Program Files\\Xampp\\htdocs\\ProyectoGrado\\ProyectoFinal\\app\\Views\\categoria\\listar.php', 126)
 2 SYSTEMPATH\View\View.php(213): include('C:\\Program Files\\Xampp\\htdocs\\ProyectoGrado\\ProyectoFinal\\app\\Views\\categoria\\listar.php')
 3 SYSTEMPATH\View\View.php(216): CodeIgniter\View\View->CodeIgniter\View\{closure}()
 4 SYSTEMPATH\Common.php(1184): CodeIgniter\View\View->render('categoria/listar', [], true)
 5 APPPATH\Controllers\Categoria.php(14): view('categoria/listar', [...])
 6 SYSTEMPATH\CodeIgniter.php(934): App\Controllers\Categoria->listar()
 7 SYSTEMPATH\CodeIgniter.php(499): CodeIgniter\CodeIgniter->runController(Object(App\Controllers\Categoria))
 8 SYSTEMPATH\CodeIgniter.php(368): CodeIgniter\CodeIgniter->handleRequest(null, Object(Config\Cache), false)
 9 FCPATH\index.php(67): CodeIgniter\CodeIgniter->run()
CRITICAL - 2023-10-18 17:24:49 --> Undefined array key "Nombre"
in APPPATH\Views\categoria\listar.php on line 126.
 1 APPPATH\Views\categoria\listar.php(126): CodeIgniter\Debug\Exceptions->errorHandler(2, 'Undefined array key "Nombre"', 'C:\\Program Files\\Xampp\\htdocs\\ProyectoGrado\\ProyectoFinal\\app\\Views\\categoria\\listar.php', 126)
 2 SYSTEMPATH\View\View.php(213): include('C:\\Program Files\\Xampp\\htdocs\\ProyectoGrado\\ProyectoFinal\\app\\Views\\categoria\\listar.php')
 3 SYSTEMPATH\View\View.php(216): CodeIgniter\View\View->CodeIgniter\View\{closure}()
 4 SYSTEMPATH\Common.php(1184): CodeIgniter\View\View->render('categoria/listar', [], true)
 5 APPPATH\Controllers\Categoria.php(14): view('categoria/listar', [...])
 6 SYSTEMPATH\CodeIgniter.php(934): App\Controllers\Categoria->listar()
 7 SYSTEMPATH\CodeIgniter.php(499): CodeIgniter\CodeIgniter->runController(Object(App\Controllers\Categoria))
 8 SYSTEMPATH\CodeIgniter.php(368): CodeIgniter\CodeIgniter->handleRequest(null, Object(Config\Cache), false)
 9 FCPATH\index.php(67): CodeIgniter\CodeIgniter->run()
CRITICAL - 2023-10-18 17:24:52 --> Undefined array key "Nombre"
in APPPATH\Views\categoria\listar.php on line 126.
 1 APPPATH\Views\categoria\listar.php(126): CodeIgniter\Debug\Exceptions->errorHandler(2, 'Undefined array key "Nombre"', 'C:\\Program Files\\Xampp\\htdocs\\ProyectoGrado\\ProyectoFinal\\app\\Views\\categoria\\listar.php', 126)
 2 SYSTEMPATH\View\View.php(213): include('C:\\Program Files\\Xampp\\htdocs\\ProyectoGrado\\ProyectoFinal\\app\\Views\\categoria\\listar.php')
 3 SYSTEMPATH\View\View.php(216): CodeIgniter\View\View->CodeIgniter\View\{closure}()
 4 SYSTEMPATH\Common.php(1184): CodeIgniter\View\View->render('categoria/listar', [], true)
 5 APPPATH\Controllers\Categoria.php(14): view('categoria/listar', [...])
 6 SYSTEMPATH\CodeIgniter.php(934): App\Controllers\Categoria->listar()
 7 SYSTEMPATH\CodeIgniter.php(499): CodeIgniter\CodeIgniter->runController(Object(App\Controllers\Categoria))
 8 SYSTEMPATH\CodeIgniter.php(368): CodeIgniter\CodeIgniter->handleRequest(null, Object(Config\Cache), false)
 9 FCPATH\index.php(67): CodeIgniter\CodeIgniter->run()
CRITICAL - 2023-10-18 17:25:31 --> Undefined array key "Estado"
in APPPATH\Views\categoria\listar.php on line 133.
 1 APPPATH\Views\categoria\listar.php(133): CodeIgniter\Debug\Exceptions->errorHandler(2, 'Undefined array key "Estado"', 'C:\\Program Files\\Xampp\\htdocs\\ProyectoGrado\\ProyectoFinal\\app\\Views\\categoria\\listar.php', 133)
 2 SYSTEMPATH\View\View.php(213): include('C:\\Program Files\\Xampp\\htdocs\\ProyectoGrado\\ProyectoFinal\\app\\Views\\categoria\\listar.php')
 3 SYSTEMPATH\View\View.php(216): CodeIgniter\View\View->CodeIgniter\View\{closure}()
 4 SYSTEMPATH\Common.php(1184): CodeIgniter\View\View->render('categoria/listar', [], true)
 5 APPPATH\Controllers\Categoria.php(14): view('categoria/listar', [...])
 6 SYSTEMPATH\CodeIgniter.php(934): App\Controllers\Categoria->listar()
 7 SYSTEMPATH\CodeIgniter.php(499): CodeIgniter\CodeIgniter->runController(Object(App\Controllers\Categoria))
 8 SYSTEMPATH\CodeIgniter.php(368): CodeIgniter\CodeIgniter->handleRequest(null, Object(Config\Cache), false)
 9 FCPATH\index.php(67): CodeIgniter\CodeIgniter->run()
CRITICAL - 2023-10-18 17:25:32 --> Undefined array key "Estado"
in APPPATH\Views\categoria\listar.php on line 133.
 1 APPPATH\Views\categoria\listar.php(133): CodeIgniter\Debug\Exceptions->errorHandler(2, 'Undefined array key "Estado"', 'C:\\Program Files\\Xampp\\htdocs\\ProyectoGrado\\ProyectoFinal\\app\\Views\\categoria\\listar.php', 133)
 2 SYSTEMPATH\View\View.php(213): include('C:\\Program Files\\Xampp\\htdocs\\ProyectoGrado\\ProyectoFinal\\app\\Views\\categoria\\listar.php')
 3 SYSTEMPATH\View\View.php(216): CodeIgniter\View\View->CodeIgniter\View\{closure}()
 4 SYSTEMPATH\Common.php(1184): CodeIgniter\View\View->render('categoria/listar', [], true)
 5 APPPATH\Controllers\Categoria.php(14): view('categoria/listar', [...])
 6 SYSTEMPATH\CodeIgniter.php(934): App\Controllers\Categoria->listar()
 7 SYSTEMPATH\CodeIgniter.php(499): CodeIgniter\CodeIgniter->runController(Object(App\Controllers\Categoria))
 8 SYSTEMPATH\CodeIgniter.php(368): CodeIgniter\CodeIgniter->handleRequest(null, Object(Config\Cache), false)
 9 FCPATH\index.php(67): CodeIgniter\CodeIgniter->run()
CRITICAL - 2023-10-18 17:25:32 --> Undefined array key "Estado"
in APPPATH\Views\categoria\listar.php on line 133.
 1 APPPATH\Views\categoria\listar.php(133): CodeIgniter\Debug\Exceptions->errorHandler(2, 'Undefined array key "Estado"', 'C:\\Program Files\\Xampp\\htdocs\\ProyectoGrado\\ProyectoFinal\\app\\Views\\categoria\\listar.php', 133)
 2 SYSTEMPATH\View\View.php(213): include('C:\\Program Files\\Xampp\\htdocs\\ProyectoGrado\\ProyectoFinal\\app\\Views\\categoria\\listar.php')
 3 SYSTEMPATH\View\View.php(216): CodeIgniter\View\View->CodeIgniter\View\{closure}()
 4 SYSTEMPATH\Common.php(1184): CodeIgniter\View\View->render('categoria/listar', [], true)
 5 APPPATH\Controllers\Categoria.php(14): view('categoria/listar', [...])
 6 SYSTEMPATH\CodeIgniter.php(934): App\Controllers\Categoria->listar()
 7 SYSTEMPATH\CodeIgniter.php(499): CodeIgniter\CodeIgniter->runController(Object(App\Controllers\Categoria))
 8 SYSTEMPATH\CodeIgniter.php(368): CodeIgniter\CodeIgniter->handleRequest(null, Object(Config\Cache), false)
 9 FCPATH\index.php(67): CodeIgniter\CodeIgniter->run()
CRITICAL - 2023-10-18 18:38:58 --> Undefined array key "Nombre"
in APPPATH\Views\productos\listar.php on line 128.
 1 APPPATH\Views\productos\listar.php(128): CodeIgniter\Debug\Exceptions->errorHandler(2, 'Undefined array key "Nombre"', 'C:\\Program Files\\Xampp\\htdocs\\ProyectoGrado\\ProyectoFinal\\app\\Views\\productos\\listar.php', 128)
 2 SYSTEMPATH\View\View.php(213): include('C:\\Program Files\\Xampp\\htdocs\\ProyectoGrado\\ProyectoFinal\\app\\Views\\productos\\listar.php')
 3 SYSTEMPATH\View\View.php(216): CodeIgniter\View\View->CodeIgniter\View\{closure}()
 4 SYSTEMPATH\Common.php(1184): CodeIgniter\View\View->render('productos/listar', [], true)
 5 APPPATH\Controllers\Productos.php(15): view('productos/listar', [...])
 6 SYSTEMPATH\CodeIgniter.php(934): App\Controllers\Productos->index()
 7 SYSTEMPATH\CodeIgniter.php(499): CodeIgniter\CodeIgniter->runController(Object(App\Controllers\Productos))
 8 SYSTEMPATH\CodeIgniter.php(368): CodeIgniter\CodeIgniter->handleRequest(null, Object(Config\Cache), false)
 9 FCPATH\index.php(67): CodeIgniter\CodeIgniter->run()
CRITICAL - 2023-10-18 18:39:42 --> Undefined array key "Precio"
in APPPATH\Views\productos\listar.php on line 129.
 1 APPPATH\Views\productos\listar.php(129): CodeIgniter\Debug\Exceptions->errorHandler(2, 'Undefined array key "Precio"', 'C:\\Program Files\\Xampp\\htdocs\\ProyectoGrado\\ProyectoFinal\\app\\Views\\productos\\listar.php', 129)
 2 SYSTEMPATH\View\View.php(213): include('C:\\Program Files\\Xampp\\htdocs\\ProyectoGrado\\ProyectoFinal\\app\\Views\\productos\\listar.php')
 3 SYSTEMPATH\View\View.php(216): CodeIgniter\View\View->CodeIgniter\View\{closure}()
 4 SYSTEMPATH\Common.php(1184): CodeIgniter\View\View->render('productos/listar', [], true)
 5 APPPATH\Controllers\Productos.php(15): view('productos/listar', [...])
 6 SYSTEMPATH\CodeIgniter.php(934): App\Controllers\Productos->index()
 7 SYSTEMPATH\CodeIgniter.php(499): CodeIgniter\CodeIgniter->runController(Object(App\Controllers\Productos))
 8 SYSTEMPATH\CodeIgniter.php(368): CodeIgniter\CodeIgniter->handleRequest(null, Object(Config\Cache), false)
 9 FCPATH\index.php(67): CodeIgniter\CodeIgniter->run()
CRITICAL - 2023-10-18 18:40:05 --> Undefined array key "Estado"
in APPPATH\Views\productos\listar.php on line 137.
 1 APPPATH\Views\productos\listar.php(137): CodeIgniter\Debug\Exceptions->errorHandler(2, 'Undefined array key "Estado"', 'C:\\Program Files\\Xampp\\htdocs\\ProyectoGrado\\ProyectoFinal\\app\\Views\\productos\\listar.php', 137)
 2 SYSTEMPATH\View\View.php(213): include('C:\\Program Files\\Xampp\\htdocs\\ProyectoGrado\\ProyectoFinal\\app\\Views\\productos\\listar.php')
 3 SYSTEMPATH\View\View.php(216): CodeIgniter\View\View->CodeIgniter\View\{closure}()
 4 SYSTEMPATH\Common.php(1184): CodeIgniter\View\View->render('productos/listar', [], true)
 5 APPPATH\Controllers\Productos.php(15): view('productos/listar', [...])
 6 SYSTEMPATH\CodeIgniter.php(934): App\Controllers\Productos->index()
 7 SYSTEMPATH\CodeIgniter.php(499): CodeIgniter\CodeIgniter->runController(Object(App\Controllers\Productos))
 8 SYSTEMPATH\CodeIgniter.php(368): CodeIgniter\CodeIgniter->handleRequest(null, Object(Config\Cache), false)
 9 FCPATH\index.php(67): CodeIgniter\CodeIgniter->run()
ERROR - 2023-10-18 18:44:58 --> mysqli_sql_exception: Cannot add or update a child row: a foreign key constraint fails (`veterinariabd`.`productos`, CONSTRAINT `fk_productos_categoria2` FOREIGN KEY (`idCategoria`) REFERENCES `categoria` (`id`)) in C:\Program Files\Xampp\htdocs\ProyectoGrado\ProyectoFinal\system\Database\MySQLi\Connection.php:295
Stack trace:
#0 C:\Program Files\Xampp\htdocs\ProyectoGrado\ProyectoFinal\system\Database\MySQLi\Connection.php(295): mysqli->query('INSERT INTO `Pr...', 0)
#1 C:\Program Files\Xampp\htdocs\ProyectoGrado\ProyectoFinal\system\Database\BaseConnection.php(692): CodeIgniter\Database\MySQLi\Connection->execute('INSERT INTO `Pr...')
#2 C:\Program Files\Xampp\htdocs\ProyectoGrado\ProyectoFinal\system\Database\BaseConnection.php(606): CodeIgniter\Database\BaseConnection->simpleQuery('INSERT INTO `Pr...')
#3 C:\Program Files\Xampp\htdocs\ProyectoGrado\ProyectoFinal\system\Database\BaseBuilder.php(2309): CodeIgniter\Database\BaseConnection->query('INSERT INTO `Pr...', Array, false)
#4 C:\Program Files\Xampp\htdocs\ProyectoGrado\ProyectoFinal\system\Model.php(330): CodeIgniter\Database\BaseBuilder->insert()
#5 C:\Program Files\Xampp\htdocs\ProyectoGrado\ProyectoFinal\system\BaseModel.php(782): CodeIgniter\Model->doInsert(Array)
#6 C:\Program Files\Xampp\htdocs\ProyectoGrado\ProyectoFinal\system\Model.php(730): CodeIgniter\BaseModel->insert(Array, true)
#7 C:\Program Files\Xampp\htdocs\ProyectoGrado\ProyectoFinal\app\Controllers\Productos.php(38): CodeIgniter\Model->insert(Array)
#8 C:\Program Files\Xampp\htdocs\ProyectoGrado\ProyectoFinal\system\CodeIgniter.php(934): App\Controllers\Productos->store()
#9 C:\Program Files\Xampp\htdocs\ProyectoGrado\ProyectoFinal\system\CodeIgniter.php(499): CodeIgniter\CodeIgniter->runController(Object(App\Controllers\Productos))
#10 C:\Program Files\Xampp\htdocs\ProyectoGrado\ProyectoFinal\system\CodeIgniter.php(368): CodeIgniter\CodeIgniter->handleRequest(NULL, Object(Config\Cache), false)
#11 C:\Program Files\Xampp\htdocs\ProyectoGrado\ProyectoFinal\public\index.php(67): CodeIgniter\CodeIgniter->run()
#12 {main}
CRITICAL - 2023-10-18 18:44:58 --> Cannot add or update a child row: a foreign key constraint fails (`veterinariabd`.`productos`, CONSTRAINT `fk_productos_categoria2` FOREIGN KEY (`idCategoria`) REFERENCES `categoria` (`id`))
in SYSTEMPATH\Database\MySQLi\Connection.php on line 295.
 1 SYSTEMPATH\Database\MySQLi\Connection.php(295): mysqli->query('INSERT INTO `Productos` (`Nombre`, `Precio`, `Cantidad`, `Estado`, `Imagen`, `fechaRegistro`) VALUES (\'Collar para Perro\', \'20\', \'15\', 1, \'producto1_4.png\', \'2023-10-18\')', 0)
 2 SYSTEMPATH\Database\BaseConnection.php(692): CodeIgniter\Database\MySQLi\Connection->execute('INSERT INTO `Productos` (`Nombre`, `Precio`, `Cantidad`, `Estado`, `Imagen`, `fechaRegistro`) VALUES (\'Collar para Perro\', \'20\', \'15\', 1, \'producto1_4.png\', \'2023-10-18\')')
 3 SYSTEMPATH\Database\BaseConnection.php(606): CodeIgniter\Database\BaseConnection->simpleQuery('INSERT INTO `Productos` (`Nombre`, `Precio`, `Cantidad`, `Estado`, `Imagen`, `fechaRegistro`) VALUES (\'Collar para Perro\', \'20\', \'15\', 1, \'producto1_4.png\', \'2023-10-18\')')
 4 SYSTEMPATH\Database\BaseBuilder.php(2309): CodeIgniter\Database\BaseConnection->query('INSERT INTO `Productos` (`Nombre`, `Precio`, `Cantidad`, `Estado`, `Imagen`, `fechaRegistro`) VALUES (:Nombre:, :Precio:, :Cantidad:, :Estado:, :Imagen:, :fechaRegistro:)', [...], false)
 5 SYSTEMPATH\Model.php(330): CodeIgniter\Database\BaseBuilder->insert()
 6 SYSTEMPATH\BaseModel.php(782): CodeIgniter\Model->doInsert([...])
 7 SYSTEMPATH\Model.php(730): CodeIgniter\BaseModel->insert([...], true)
 8 APPPATH\Controllers\Productos.php(38): CodeIgniter\Model->insert([...])
 9 SYSTEMPATH\CodeIgniter.php(934): App\Controllers\Productos->store()
10 SYSTEMPATH\CodeIgniter.php(499): CodeIgniter\CodeIgniter->runController(Object(App\Controllers\Productos))
11 SYSTEMPATH\CodeIgniter.php(368): CodeIgniter\CodeIgniter->handleRequest(null, Object(Config\Cache), false)
12 FCPATH\index.php(67): CodeIgniter\CodeIgniter->run()
ERROR - 2023-10-18 19:04:19 --> mysqli_sql_exception: Cannot add or update a child row: a foreign key constraint fails (`veterinariabd`.`productos`, CONSTRAINT `fk_productos_categoria2` FOREIGN KEY (`idCategoria`) REFERENCES `categoria` (`id`)) in C:\Program Files\Xampp\htdocs\ProyectoGrado\ProyectoFinal\system\Database\MySQLi\Connection.php:295
Stack trace:
#0 C:\Program Files\Xampp\htdocs\ProyectoGrado\ProyectoFinal\system\Database\MySQLi\Connection.php(295): mysqli->query('UPDATE `Product...', 0)
#1 C:\Program Files\Xampp\htdocs\ProyectoGrado\ProyectoFinal\system\Database\BaseConnection.php(692): CodeIgniter\Database\MySQLi\Connection->execute('UPDATE `Product...')
#2 C:\Program Files\Xampp\htdocs\ProyectoGrado\ProyectoFinal\system\Database\BaseConnection.php(606): CodeIgniter\Database\BaseConnection->simpleQuery('UPDATE `Product...')
#3 C:\Program Files\Xampp\htdocs\ProyectoGrado\ProyectoFinal\system\Database\BaseBuilder.php(2476): CodeIgniter\Database\BaseConnection->query('UPDATE `Product...', Array, false)
#4 C:\Program Files\Xampp\htdocs\ProyectoGrado\ProyectoFinal\system\Model.php(396): CodeIgniter\Database\BaseBuilder->update()
#5 C:\Program Files\Xampp\htdocs\ProyectoGrado\ProyectoFinal\system\BaseModel.php(943): CodeIgniter\Model->doUpdate(Array, Array)
#6 C:\Program Files\Xampp\htdocs\ProyectoGrado\ProyectoFinal\system\Model.php(756): CodeIgniter\BaseModel->update(Array, Array)
#7 C:\Program Files\Xampp\htdocs\ProyectoGrado\ProyectoFinal\app\Controllers\Productos.php(65): CodeIgniter\Model->update('1', Array)
#8 C:\Program Files\Xampp\htdocs\ProyectoGrado\ProyectoFinal\system\CodeIgniter.php(934): App\Controllers\Productos->update('1')
#9 C:\Program Files\Xampp\htdocs\ProyectoGrado\ProyectoFinal\system\CodeIgniter.php(499): CodeIgniter\CodeIgniter->runController(Object(App\Controllers\Productos))
#10 C:\Program Files\Xampp\htdocs\ProyectoGrado\ProyectoFinal\system\CodeIgniter.php(368): CodeIgniter\CodeIgniter->handleRequest(NULL, Object(Config\Cache), false)
#11 C:\Program Files\Xampp\htdocs\ProyectoGrado\ProyectoFinal\public\index.php(67): CodeIgniter\CodeIgniter->run()
#12 {main}
CRITICAL - 2023-10-18 19:04:19 --> Cannot add or update a child row: a foreign key constraint fails (`veterinariabd`.`productos`, CONSTRAINT `fk_productos_categoria2` FOREIGN KEY (`idCategoria`) REFERENCES `categoria` (`id`))
in SYSTEMPATH\Database\MySQLi\Connection.php on line 295.
 1 SYSTEMPATH\Database\MySQLi\Connection.php(295): mysqli->query('UPDATE `Productos` SET `nombre` = \'dogchaw\', `precio` = \'48.80\', `cantidad` = \'5\', `imagen` = \'producto2_3.png\', `idCategoria` = NULL
WHERE `Productos`.`id` IN (\'1\')', 0)
 2 SYSTEMPATH\Database\BaseConnection.php(692): CodeIgniter\Database\MySQLi\Connection->execute('UPDATE `Productos` SET `nombre` = \'dogchaw\', `precio` = \'48.80\', `cantidad` = \'5\', `imagen` = \'producto2_3.png\', `idCategoria` = NULL
WHERE `Productos`.`id` IN (\'1\')')
 3 SYSTEMPATH\Database\BaseConnection.php(606): CodeIgniter\Database\BaseConnection->simpleQuery('UPDATE `Productos` SET `nombre` = \'dogchaw\', `precio` = \'48.80\', `cantidad` = \'5\', `imagen` = \'producto2_3.png\', `idCategoria` = NULL
WHERE `Productos`.`id` IN (\'1\')')
 4 SYSTEMPATH\Database\BaseBuilder.php(2476): CodeIgniter\Database\BaseConnection->query('UPDATE `Productos` SET `nombre` = :nombre:, `precio` = :precio:, `cantidad` = :cantidad:, `imagen` = :imagen:, `idCategoria` = :idCategoria:
WHERE `Productos`.`id` IN :Productos.id:', [...], false)
 5 SYSTEMPATH\Model.php(396): CodeIgniter\Database\BaseBuilder->update()
 6 SYSTEMPATH\BaseModel.php(943): CodeIgniter\Model->doUpdate([...], [...])
 7 SYSTEMPATH\Model.php(756): CodeIgniter\BaseModel->update([...], [...])
 8 APPPATH\Controllers\Productos.php(65): CodeIgniter\Model->update('1', [...])
 9 SYSTEMPATH\CodeIgniter.php(934): App\Controllers\Productos->update('1')
10 SYSTEMPATH\CodeIgniter.php(499): CodeIgniter\CodeIgniter->runController(Object(App\Controllers\Productos))
11 SYSTEMPATH\CodeIgniter.php(368): CodeIgniter\CodeIgniter->handleRequest(null, Object(Config\Cache), false)
12 FCPATH\index.php(67): CodeIgniter\CodeIgniter->run()
CRITICAL - 2023-10-18 21:13:05 --> Invalid file: "clientes/create.php"
in SYSTEMPATH\Exceptions\FrameworkException.php on line 33.
 1 SYSTEMPATH\View\View.php(201): CodeIgniter\Exceptions\FrameworkException::forInvalidFile('clientes/create.php')
 2 SYSTEMPATH\Common.php(1184): CodeIgniter\View\View->render('clientes/create', [], true)
 3 APPPATH\Controllers\Clientes.php(20): view('clientes/create', [...])
 4 SYSTEMPATH\CodeIgniter.php(934): App\Controllers\Clientes->create()
 5 SYSTEMPATH\CodeIgniter.php(499): CodeIgniter\CodeIgniter->runController(Object(App\Controllers\Clientes))
 6 SYSTEMPATH\CodeIgniter.php(368): CodeIgniter\CodeIgniter->handleRequest(null, Object(Config\Cache), false)
 7 FCPATH\index.php(67): CodeIgniter\CodeIgniter->run()
CRITICAL - 2023-10-18 21:17:24 --> Undefined array key "Nombre"
in APPPATH\Views\ventas\seleccionarProducto.php on line 37.
 1 APPPATH\Views\ventas\seleccionarProducto.php(37): CodeIgniter\Debug\Exceptions->errorHandler(2, 'Undefined array key "Nombre"', 'C:\\Program Files\\Xampp\\htdocs\\ProyectoGrado\\ProyectoFinal\\app\\Views\\ventas\\seleccionarProducto.php', 37)
 2 SYSTEMPATH\View\View.php(213): include('C:\\Program Files\\Xampp\\htdocs\\ProyectoGrado\\ProyectoFinal\\app\\Views\\ventas\\seleccionarProducto.php')
 3 SYSTEMPATH\View\View.php(216): CodeIgniter\View\View->CodeIgniter\View\{closure}()
 4 SYSTEMPATH\Common.php(1184): CodeIgniter\View\View->render('ventas/seleccionarProducto', [], true)
 5 APPPATH\Controllers\Ventas.php(34): view('ventas/seleccionarProducto', [...])
 6 SYSTEMPATH\CodeIgniter.php(934): App\Controllers\Ventas->seleccionarUsuario('2')
 7 SYSTEMPATH\CodeIgniter.php(499): CodeIgniter\CodeIgniter->runController(Object(App\Controllers\Ventas))
 8 SYSTEMPATH\CodeIgniter.php(368): CodeIgniter\CodeIgniter->handleRequest(null, Object(Config\Cache), false)
 9 FCPATH\index.php(67): CodeIgniter\CodeIgniter->run()
CRITICAL - 2023-10-18 21:24:23 --> Undefined variable $productos
in APPPATH\Views\ventas\index.php on line 70.
 1 APPPATH\Views\ventas\index.php(70): CodeIgniter\Debug\Exceptions->errorHandler(2, 'Undefined variable $productos', 'C:\\Program Files\\Xampp\\htdocs\\ProyectoGrado\\ProyectoFinal\\app\\Views\\ventas\\index.php', 70)
 2 SYSTEMPATH\View\View.php(213): include('C:\\Program Files\\Xampp\\htdocs\\ProyectoGrado\\ProyectoFinal\\app\\Views\\ventas\\index.php')
 3 SYSTEMPATH\View\View.php(216): CodeIgniter\View\View->CodeIgniter\View\{closure}()
 4 SYSTEMPATH\Common.php(1184): CodeIgniter\View\View->render('ventas/index', [], true)
 5 APPPATH\Controllers\Ventas.php(23): view('ventas/index', [...])
 6 SYSTEMPATH\CodeIgniter.php(934): App\Controllers\Ventas->buscarUsuario()
 7 SYSTEMPATH\CodeIgniter.php(499): CodeIgniter\CodeIgniter->runController(Object(App\Controllers\Ventas))
 8 SYSTEMPATH\CodeIgniter.php(368): CodeIgniter\CodeIgniter->handleRequest(null, Object(Config\Cache), false)
 9 FCPATH\index.php(67): CodeIgniter\CodeIgniter->run()
CRITICAL - 2023-10-18 21:25:07 --> Undefined variable $productos
in APPPATH\Views\ventas\index.php on line 70.
 1 APPPATH\Views\ventas\index.php(70): CodeIgniter\Debug\Exceptions->errorHandler(2, 'Undefined variable $productos', 'C:\\Program Files\\Xampp\\htdocs\\ProyectoGrado\\ProyectoFinal\\app\\Views\\ventas\\index.php', 70)
 2 SYSTEMPATH\View\View.php(213): include('C:\\Program Files\\Xampp\\htdocs\\ProyectoGrado\\ProyectoFinal\\app\\Views\\ventas\\index.php')
 3 SYSTEMPATH\View\View.php(216): CodeIgniter\View\View->CodeIgniter\View\{closure}()
 4 SYSTEMPATH\Common.php(1184): CodeIgniter\View\View->render('ventas/index', [], true)
 5 APPPATH\Controllers\Ventas.php(23): view('ventas/index', [...])
 6 SYSTEMPATH\CodeIgniter.php(934): App\Controllers\Ventas->buscarUsuario()
 7 SYSTEMPATH\CodeIgniter.php(499): CodeIgniter\CodeIgniter->runController(Object(App\Controllers\Ventas))
 8 SYSTEMPATH\CodeIgniter.php(368): CodeIgniter\CodeIgniter->handleRequest(null, Object(Config\Cache), false)
 9 FCPATH\index.php(67): CodeIgniter\CodeIgniter->run()
CRITICAL - 2023-10-18 21:28:56 --> Undefined variable $productos
in APPPATH\Views\ventas\index.php on line 77.
 1 APPPATH\Views\ventas\index.php(77): CodeIgniter\Debug\Exceptions->errorHandler(2, 'Undefined variable $productos', 'C:\\Program Files\\Xampp\\htdocs\\ProyectoGrado\\ProyectoFinal\\app\\Views\\ventas\\index.php', 77)
 2 SYSTEMPATH\View\View.php(213): include('C:\\Program Files\\Xampp\\htdocs\\ProyectoGrado\\ProyectoFinal\\app\\Views\\ventas\\index.php')
 3 SYSTEMPATH\View\View.php(216): CodeIgniter\View\View->CodeIgniter\View\{closure}()
 4 SYSTEMPATH\Common.php(1184): CodeIgniter\View\View->render('ventas/index', [], true)
 5 APPPATH\Controllers\Ventas.php(15): view('ventas/index', [...])
 6 SYSTEMPATH\CodeIgniter.php(934): App\Controllers\Ventas->index()
 7 SYSTEMPATH\CodeIgniter.php(499): CodeIgniter\CodeIgniter->runController(Object(App\Controllers\Ventas))
 8 SYSTEMPATH\CodeIgniter.php(368): CodeIgniter\CodeIgniter->handleRequest(null, Object(Config\Cache), false)
 9 FCPATH\index.php(67): CodeIgniter\CodeIgniter->run()
CRITICAL - 2023-10-18 21:28:58 --> Undefined variable $productos
in APPPATH\Views\ventas\index.php on line 77.
 1 APPPATH\Views\ventas\index.php(77): CodeIgniter\Debug\Exceptions->errorHandler(2, 'Undefined variable $productos', 'C:\\Program Files\\Xampp\\htdocs\\ProyectoGrado\\ProyectoFinal\\app\\Views\\ventas\\index.php', 77)
 2 SYSTEMPATH\View\View.php(213): include('C:\\Program Files\\Xampp\\htdocs\\ProyectoGrado\\ProyectoFinal\\app\\Views\\ventas\\index.php')
 3 SYSTEMPATH\View\View.php(216): CodeIgniter\View\View->CodeIgniter\View\{closure}()
 4 SYSTEMPATH\Common.php(1184): CodeIgniter\View\View->render('ventas/index', [], true)
 5 APPPATH\Controllers\Ventas.php(15): view('ventas/index', [...])
 6 SYSTEMPATH\CodeIgniter.php(934): App\Controllers\Ventas->index()
 7 SYSTEMPATH\CodeIgniter.php(499): CodeIgniter\CodeIgniter->runController(Object(App\Controllers\Ventas))
 8 SYSTEMPATH\CodeIgniter.php(368): CodeIgniter\CodeIgniter->handleRequest(null, Object(Config\Cache), false)
 9 FCPATH\index.php(67): CodeIgniter\CodeIgniter->run()
CRITICAL - 2023-10-18 21:51:42 --> Undefined variable $productos
in APPPATH\Views\ventas\index.php on line 77.
 1 APPPATH\Views\ventas\index.php(77): CodeIgniter\Debug\Exceptions->errorHandler(2, 'Undefined variable $productos', 'C:\\Program Files\\Xampp\\htdocs\\ProyectoGrado\\ProyectoFinal\\app\\Views\\ventas\\index.php', 77)
 2 SYSTEMPATH\View\View.php(213): include('C:\\Program Files\\Xampp\\htdocs\\ProyectoGrado\\ProyectoFinal\\app\\Views\\ventas\\index.php')
 3 SYSTEMPATH\View\View.php(216): CodeIgniter\View\View->CodeIgniter\View\{closure}()
 4 SYSTEMPATH\Common.php(1184): CodeIgniter\View\View->render('ventas/index', [], true)
 5 APPPATH\Controllers\Ventas.php(15): view('ventas/index', [...])
 6 SYSTEMPATH\CodeIgniter.php(934): App\Controllers\Ventas->index()
 7 SYSTEMPATH\CodeIgniter.php(499): CodeIgniter\CodeIgniter->runController(Object(App\Controllers\Ventas))
 8 SYSTEMPATH\CodeIgniter.php(368): CodeIgniter\CodeIgniter->handleRequest(null, Object(Config\Cache), false)
 9 FCPATH\index.php(67): CodeIgniter\CodeIgniter->run()
CRITICAL - 2023-10-18 21:51:53 --> Undefined array key "Nombre"
in APPPATH\Views\productos\listar.php on line 191.
 1 APPPATH\Views\productos\listar.php(191): CodeIgniter\Debug\Exceptions->errorHandler(2, 'Undefined array key "Nombre"', 'C:\\Program Files\\Xampp\\htdocs\\ProyectoGrado\\ProyectoFinal\\app\\Views\\productos\\listar.php', 191)
 2 SYSTEMPATH\View\View.php(213): include('C:\\Program Files\\Xampp\\htdocs\\ProyectoGrado\\ProyectoFinal\\app\\Views\\productos\\listar.php')
 3 SYSTEMPATH\View\View.php(216): CodeIgniter\View\View->CodeIgniter\View\{closure}()
 4 SYSTEMPATH\Common.php(1184): CodeIgniter\View\View->render('productos/listar', [], true)
 5 APPPATH\Controllers\Productos.php(15): view('productos/listar', [...])
 6 SYSTEMPATH\CodeIgniter.php(934): App\Controllers\Productos->index()
 7 SYSTEMPATH\CodeIgniter.php(499): CodeIgniter\CodeIgniter->runController(Object(App\Controllers\Productos))
 8 SYSTEMPATH\CodeIgniter.php(368): CodeIgniter\CodeIgniter->handleRequest(null, Object(Config\Cache), false)
 9 FCPATH\index.php(67): CodeIgniter\CodeIgniter->run()
CRITICAL - 2023-10-18 21:54:29 --> Undefined variable $productos
in APPPATH\Views\ventas\index.php on line 77.
 1 APPPATH\Views\ventas\index.php(77): CodeIgniter\Debug\Exceptions->errorHandler(2, 'Undefined variable $productos', 'C:\\Program Files\\Xampp\\htdocs\\ProyectoGrado\\ProyectoFinal\\app\\Views\\ventas\\index.php', 77)
 2 SYSTEMPATH\View\View.php(213): include('C:\\Program Files\\Xampp\\htdocs\\ProyectoGrado\\ProyectoFinal\\app\\Views\\ventas\\index.php')
 3 SYSTEMPATH\View\View.php(216): CodeIgniter\View\View->CodeIgniter\View\{closure}()
 4 SYSTEMPATH\Common.php(1184): CodeIgniter\View\View->render('ventas/index', [], true)
 5 APPPATH\Controllers\Ventas.php(15): view('ventas/index', [...])
 6 SYSTEMPATH\CodeIgniter.php(934): App\Controllers\Ventas->index()
 7 SYSTEMPATH\CodeIgniter.php(499): CodeIgniter\CodeIgniter->runController(Object(App\Controllers\Ventas))
 8 SYSTEMPATH\CodeIgniter.php(368): CodeIgniter\CodeIgniter->handleRequest(null, Object(Config\Cache), false)
 9 FCPATH\index.php(67): CodeIgniter\CodeIgniter->run()
CRITICAL - 2023-10-18 21:58:58 --> Undefined variable $productos
in APPPATH\Views\ventas\index.php on line 77.
 1 APPPATH\Views\ventas\index.php(77): CodeIgniter\Debug\Exceptions->errorHandler(2, 'Undefined variable $productos', 'C:\\Program Files\\Xampp\\htdocs\\ProyectoGrado\\ProyectoFinal\\app\\Views\\ventas\\index.php', 77)
 2 SYSTEMPATH\View\View.php(213): include('C:\\Program Files\\Xampp\\htdocs\\ProyectoGrado\\ProyectoFinal\\app\\Views\\ventas\\index.php')
 3 SYSTEMPATH\View\View.php(216): CodeIgniter\View\View->CodeIgniter\View\{closure}()
 4 SYSTEMPATH\Common.php(1184): CodeIgniter\View\View->render('ventas/index', [], true)
 5 APPPATH\Controllers\Ventas.php(15): view('ventas/index', [...])
 6 SYSTEMPATH\CodeIgniter.php(934): App\Controllers\Ventas->index()
 7 SYSTEMPATH\CodeIgniter.php(499): CodeIgniter\CodeIgniter->runController(Object(App\Controllers\Ventas))
 8 SYSTEMPATH\CodeIgniter.php(368): CodeIgniter\CodeIgniter->handleRequest(null, Object(Config\Cache), false)
 9 FCPATH\index.php(67): CodeIgniter\CodeIgniter->run()
CRITICAL - 2023-10-18 21:59:46 --> Undefined array key "Nombre"
in APPPATH\Views\ventas\seleccionarProducto.php on line 37.
 1 APPPATH\Views\ventas\seleccionarProducto.php(37): CodeIgniter\Debug\Exceptions->errorHandler(2, 'Undefined array key "Nombre"', 'C:\\Program Files\\Xampp\\htdocs\\ProyectoGrado\\ProyectoFinal\\app\\Views\\ventas\\seleccionarProducto.php', 37)
 2 SYSTEMPATH\View\View.php(213): include('C:\\Program Files\\Xampp\\htdocs\\ProyectoGrado\\ProyectoFinal\\app\\Views\\ventas\\seleccionarProducto.php')
 3 SYSTEMPATH\View\View.php(216): CodeIgniter\View\View->CodeIgniter\View\{closure}()
 4 SYSTEMPATH\Common.php(1184): CodeIgniter\View\View->render('ventas/seleccionarProducto', [], true)
 5 APPPATH\Controllers\Ventas.php(34): view('ventas/seleccionarProducto', [...])
 6 SYSTEMPATH\CodeIgniter.php(934): App\Controllers\Ventas->seleccionarUsuario('2')
 7 SYSTEMPATH\CodeIgniter.php(499): CodeIgniter\CodeIgniter->runController(Object(App\Controllers\Ventas))
 8 SYSTEMPATH\CodeIgniter.php(368): CodeIgniter\CodeIgniter->handleRequest(null, Object(Config\Cache), false)
 9 FCPATH\index.php(67): CodeIgniter\CodeIgniter->run()
