CRITICAL - 2023-09-07 18:35:37 --> Invalid file: "usuarios/loginRegister.php"
in SYSTEMPATH\Exceptions\FrameworkException.php on line 33.
 1 SYSTEMPATH\View\View.php(201): CodeIgniter\Exceptions\FrameworkException::forInvalidFile('usuarios/loginRegister.php')
 2 SYSTEMPATH\Common.php(1184): CodeIgniter\View\View->render('usuarios/loginRegister', [], true)
 3 APPPATH\Controllers\Usuarios.php(33): view('usuarios/loginRegister', [...])
 4 SYSTEMPATH\CodeIgniter.php(934): App\Controllers\Usuarios->registro()
 5 SYSTEMPATH\CodeIgniter.php(499): CodeIgniter\CodeIgniter->runController(Object(App\Controllers\Usuarios))
 6 SYSTEMPATH\CodeIgniter.php(368): CodeIgniter\CodeIgniter->handleRequest(null, Object(Config\Cache), false)
 7 FCPATH\index.php(67): CodeIgniter\CodeIgniter->run()
CRITICAL - 2023-09-07 18:37:42 --> Invalid file: "usuarios/loginRegister.php"
in SYSTEMPATH\Exceptions\FrameworkException.php on line 33.
 1 SYSTEMPATH\View\View.php(201): CodeIgniter\Exceptions\FrameworkException::forInvalidFile('usuarios/loginRegister.php')
 2 SYSTEMPATH\Common.php(1184): CodeIgniter\View\View->render('usuarios/loginRegister', [], true)
 3 APPPATH\Controllers\Usuarios.php(27): view('usuarios/loginRegister', [...])
 4 SYSTEMPATH\CodeIgniter.php(934): App\Controllers\Usuarios->registro()
 5 SYSTEMPATH\CodeIgniter.php(499): CodeIgniter\CodeIgniter->runController(Object(App\Controllers\Usuarios))
 6 SYSTEMPATH\CodeIgniter.php(368): CodeIgniter\CodeIgniter->handleRequest(null, Object(Config\Cache), false)
 7 FCPATH\index.php(67): CodeIgniter\CodeIgniter->run()
CRITICAL - 2023-09-07 18:37:49 --> Invalid file: "usuarios/loginRegister.php"
in SYSTEMPATH\Exceptions\FrameworkException.php on line 33.
 1 SYSTEMPATH\View\View.php(201): CodeIgniter\Exceptions\FrameworkException::forInvalidFile('usuarios/loginRegister.php')
 2 SYSTEMPATH\Common.php(1184): CodeIgniter\View\View->render('usuarios/loginRegister', [], true)
 3 APPPATH\Controllers\Usuarios.php(27): view('usuarios/loginRegister', [...])
 4 SYSTEMPATH\CodeIgniter.php(934): App\Controllers\Usuarios->registro()
 5 SYSTEMPATH\CodeIgniter.php(499): CodeIgniter\CodeIgniter->runController(Object(App\Controllers\Usuarios))
 6 SYSTEMPATH\CodeIgniter.php(368): CodeIgniter\CodeIgniter->handleRequest(null, Object(Config\Cache), false)
 7 FCPATH\index.php(67): CodeIgniter\CodeIgniter->run()
CRITICAL - 2023-09-07 18:55:15 --> Invalid file: "usuarios/loginRegister.php"
in SYSTEMPATH\Exceptions\FrameworkException.php on line 33.
 1 SYSTEMPATH\View\View.php(201): CodeIgniter\Exceptions\FrameworkException::forInvalidFile('usuarios/loginRegister.php')
 2 SYSTEMPATH\Common.php(1184): CodeIgniter\View\View->render('usuarios/loginRegister', [], true)
 3 APPPATH\Controllers\Usuarios.php(27): view('usuarios/loginRegister', [...])
 4 SYSTEMPATH\CodeIgniter.php(934): App\Controllers\Usuarios->registro()
 5 SYSTEMPATH\CodeIgniter.php(499): CodeIgniter\CodeIgniter->runController(Object(App\Controllers\Usuarios))
 6 SYSTEMPATH\CodeIgniter.php(368): CodeIgniter\CodeIgniter->handleRequest(null, Object(Config\Cache), false)
 7 FCPATH\index.php(67): CodeIgniter\CodeIgniter->run()
CRITICAL - 2023-09-07 18:58:46 --> Invalid file: "usuarios/loginRegister.php"
in SYSTEMPATH\Exceptions\FrameworkException.php on line 33.
 1 SYSTEMPATH\View\View.php(201): CodeIgniter\Exceptions\FrameworkException::forInvalidFile('usuarios/loginRegister.php')
 2 SYSTEMPATH\Common.php(1184): CodeIgniter\View\View->render('usuarios/loginRegister', [], true)
 3 APPPATH\Controllers\Usuarios.php(27): view('usuarios/loginRegister', [...])
 4 SYSTEMPATH\CodeIgniter.php(934): App\Controllers\Usuarios->registro()
 5 SYSTEMPATH\CodeIgniter.php(499): CodeIgniter\CodeIgniter->runController(Object(App\Controllers\Usuarios))
 6 SYSTEMPATH\CodeIgniter.php(368): CodeIgniter\CodeIgniter->handleRequest(null, Object(Config\Cache), false)
 7 FCPATH\index.php(67): CodeIgniter\CodeIgniter->run()
CRITICAL - 2023-09-07 19:41:27 --> include(header.php): Failed to open stream: No such file or directory
in APPPATH\Views\productos\create.php on line 1.
 1 APPPATH\Views\productos\create.php(1): CodeIgniter\Debug\Exceptions->errorHandler(2, 'include(header.php): Failed to open stream: No such file or directory', 'C:\\Program Files\\Xampp\\htdocs\\ProyectoGrado\\ProyectoFinal\\app\\Views\\productos\\create.php', 1)
 2 APPPATH\Views\productos\create.php(1): include()
 3 SYSTEMPATH\View\View.php(213): include('C:\\Program Files\\Xampp\\htdocs\\ProyectoGrado\\ProyectoFinal\\app\\Views\\productos\\create.php')
 4 SYSTEMPATH\View\View.php(216): CodeIgniter\View\View->CodeIgniter\View\{closure}()
 5 SYSTEMPATH\Common.php(1184): CodeIgniter\View\View->render('productos/create', [], true)
 6 APPPATH\Controllers\Productos.php(21): view('productos/create', [...])
 7 SYSTEMPATH\CodeIgniter.php(934): App\Controllers\Productos->create()
 8 SYSTEMPATH\CodeIgniter.php(499): CodeIgniter\CodeIgniter->runController(Object(App\Controllers\Productos))
 9 SYSTEMPATH\CodeIgniter.php(368): CodeIgniter\CodeIgniter->handleRequest(null, Object(Config\Cache), false)
10 FCPATH\index.php(67): CodeIgniter\CodeIgniter->run()
CRITICAL - 2023-09-07 20:21:27 --> Invalid file: "usuarios/loginRegister.php"
in SYSTEMPATH\Exceptions\FrameworkException.php on line 33.
 1 SYSTEMPATH\View\View.php(201): CodeIgniter\Exceptions\FrameworkException::forInvalidFile('usuarios/loginRegister.php')
 2 SYSTEMPATH\Common.php(1184): CodeIgniter\View\View->render('usuarios/loginRegister', [], true)
 3 APPPATH\Controllers\Usuarios.php(27): view('usuarios/loginRegister', [...])
 4 SYSTEMPATH\CodeIgniter.php(934): App\Controllers\Usuarios->registro()
 5 SYSTEMPATH\CodeIgniter.php(499): CodeIgniter\CodeIgniter->runController(Object(App\Controllers\Usuarios))
 6 SYSTEMPATH\CodeIgniter.php(368): CodeIgniter\CodeIgniter->handleRequest(null, Object(Config\Cache), false)
 7 FCPATH\index.php(67): CodeIgniter\CodeIgniter->run()
CRITICAL - 2023-09-07 20:26:24 --> Invalid file: "usuarios/loginRegister.php"
in SYSTEMPATH\Exceptions\FrameworkException.php on line 33.
 1 SYSTEMPATH\View\View.php(201): CodeIgniter\Exceptions\FrameworkException::forInvalidFile('usuarios/loginRegister.php')
 2 SYSTEMPATH\Common.php(1184): CodeIgniter\View\View->render('usuarios/loginRegister', [], true)
 3 APPPATH\Controllers\Usuarios.php(27): view('usuarios/loginRegister', [...])
 4 SYSTEMPATH\CodeIgniter.php(934): App\Controllers\Usuarios->registro()
 5 SYSTEMPATH\CodeIgniter.php(499): CodeIgniter\CodeIgniter->runController(Object(App\Controllers\Usuarios))
 6 SYSTEMPATH\CodeIgniter.php(368): CodeIgniter\CodeIgniter->handleRequest(null, Object(Config\Cache), false)
 7 FCPATH\index.php(67): CodeIgniter\CodeIgniter->run()
CRITICAL - 2023-09-07 20:26:31 --> Invalid file: "usuarios/loginRegister.php"
in SYSTEMPATH\Exceptions\FrameworkException.php on line 33.
 1 SYSTEMPATH\View\View.php(201): CodeIgniter\Exceptions\FrameworkException::forInvalidFile('usuarios/loginRegister.php')
 2 SYSTEMPATH\Common.php(1184): CodeIgniter\View\View->render('usuarios/loginRegister', [], true)
 3 APPPATH\Controllers\Usuarios.php(27): view('usuarios/loginRegister', [...])
 4 SYSTEMPATH\CodeIgniter.php(934): App\Controllers\Usuarios->registro()
 5 SYSTEMPATH\CodeIgniter.php(499): CodeIgniter\CodeIgniter->runController(Object(App\Controllers\Usuarios))
 6 SYSTEMPATH\CodeIgniter.php(368): CodeIgniter\CodeIgniter->handleRequest(null, Object(Config\Cache), false)
 7 FCPATH\index.php(67): CodeIgniter\CodeIgniter->run()
CRITICAL - 2023-09-07 20:32:22 --> Invalid file: "usuarios/Registro.php"
in SYSTEMPATH\Exceptions\FrameworkException.php on line 33.
 1 SYSTEMPATH\View\View.php(201): CodeIgniter\Exceptions\FrameworkException::forInvalidFile('usuarios/Registro.php')
 2 SYSTEMPATH\Common.php(1184): CodeIgniter\View\View->render('usuarios/Registro', [], true)
 3 APPPATH\Controllers\Usuarios.php(27): view('usuarios/Registro', [...])
 4 SYSTEMPATH\CodeIgniter.php(934): App\Controllers\Usuarios->registro()
 5 SYSTEMPATH\CodeIgniter.php(499): CodeIgniter\CodeIgniter->runController(Object(App\Controllers\Usuarios))
 6 SYSTEMPATH\CodeIgniter.php(368): CodeIgniter\CodeIgniter->handleRequest(null, Object(Config\Cache), false)
 7 FCPATH\index.php(67): CodeIgniter\CodeIgniter->run()
CRITICAL - 2023-09-07 20:37:48 --> Invalid file: "usuarios/loginRegister.php"
in SYSTEMPATH\Exceptions\FrameworkException.php on line 33.
 1 SYSTEMPATH\View\View.php(201): CodeIgniter\Exceptions\FrameworkException::forInvalidFile('usuarios/loginRegister.php')
 2 SYSTEMPATH\Common.php(1184): CodeIgniter\View\View->render('usuarios/loginRegister', [], true)
 3 APPPATH\Controllers\Usuarios.php(27): view('usuarios/loginRegister', [...])
 4 SYSTEMPATH\CodeIgniter.php(934): App\Controllers\Usuarios->registro()
 5 SYSTEMPATH\CodeIgniter.php(499): CodeIgniter\CodeIgniter->runController(Object(App\Controllers\Usuarios))
 6 SYSTEMPATH\CodeIgniter.php(368): CodeIgniter\CodeIgniter->handleRequest(null, Object(Config\Cache), false)
 7 FCPATH\index.php(67): CodeIgniter\CodeIgniter->run()
CRITICAL - 2023-09-07 20:39:28 --> Invalid file: "usuarios/loginRegister.php"
in SYSTEMPATH\Exceptions\FrameworkException.php on line 33.
 1 SYSTEMPATH\View\View.php(201): CodeIgniter\Exceptions\FrameworkException::forInvalidFile('usuarios/loginRegister.php')
 2 SYSTEMPATH\Common.php(1184): CodeIgniter\View\View->render('usuarios/loginRegister', [], true)
 3 APPPATH\Controllers\Usuarios.php(27): view('usuarios/loginRegister', [...])
 4 SYSTEMPATH\CodeIgniter.php(934): App\Controllers\Usuarios->registro()
 5 SYSTEMPATH\CodeIgniter.php(499): CodeIgniter\CodeIgniter->runController(Object(App\Controllers\Usuarios))
 6 SYSTEMPATH\CodeIgniter.php(368): CodeIgniter\CodeIgniter->handleRequest(null, Object(Config\Cache), false)
 7 FCPATH\index.php(67): CodeIgniter\CodeIgniter->run()
CRITICAL - 2023-09-07 20:39:36 --> Invalid file: "usuarios/loginRegister.php"
in SYSTEMPATH\Exceptions\FrameworkException.php on line 33.
 1 SYSTEMPATH\View\View.php(201): CodeIgniter\Exceptions\FrameworkException::forInvalidFile('usuarios/loginRegister.php')
 2 SYSTEMPATH\Common.php(1184): CodeIgniter\View\View->render('usuarios/loginRegister', [], true)
 3 APPPATH\Controllers\Usuarios.php(27): view('usuarios/loginRegister', [...])
 4 SYSTEMPATH\CodeIgniter.php(934): App\Controllers\Usuarios->registro()
 5 SYSTEMPATH\CodeIgniter.php(499): CodeIgniter\CodeIgniter->runController(Object(App\Controllers\Usuarios))
 6 SYSTEMPATH\CodeIgniter.php(368): CodeIgniter\CodeIgniter->handleRequest(null, Object(Config\Cache), false)
 7 FCPATH\index.php(67): CodeIgniter\CodeIgniter->run()
CRITICAL - 2023-09-07 20:54:56 --> Invalid file: "usuarios/loginRegister.php"
in SYSTEMPATH\Exceptions\FrameworkException.php on line 33.
 1 SYSTEMPATH\View\View.php(201): CodeIgniter\Exceptions\FrameworkException::forInvalidFile('usuarios/loginRegister.php')
 2 SYSTEMPATH\Common.php(1184): CodeIgniter\View\View->render('usuarios/loginRegister', [], true)
 3 APPPATH\Controllers\Usuarios.php(27): view('usuarios/loginRegister', [...])
 4 SYSTEMPATH\CodeIgniter.php(934): App\Controllers\Usuarios->registro()
 5 SYSTEMPATH\CodeIgniter.php(499): CodeIgniter\CodeIgniter->runController(Object(App\Controllers\Usuarios))
 6 SYSTEMPATH\CodeIgniter.php(368): CodeIgniter\CodeIgniter->handleRequest(null, Object(Config\Cache), false)
 7 FCPATH\index.php(67): CodeIgniter\CodeIgniter->run()
CRITICAL - 2023-09-07 21:39:44 --> Invalid file: "usuarios/loginRegister.php"
in SYSTEMPATH\Exceptions\FrameworkException.php on line 33.
 1 SYSTEMPATH\View\View.php(201): CodeIgniter\Exceptions\FrameworkException::forInvalidFile('usuarios/loginRegister.php')
 2 SYSTEMPATH\Common.php(1184): CodeIgniter\View\View->render('usuarios/loginRegister', [], true)
 3 APPPATH\Controllers\Usuarios.php(27): view('usuarios/loginRegister', [...])
 4 SYSTEMPATH\CodeIgniter.php(934): App\Controllers\Usuarios->registro()
 5 SYSTEMPATH\CodeIgniter.php(499): CodeIgniter\CodeIgniter->runController(Object(App\Controllers\Usuarios))
 6 SYSTEMPATH\CodeIgniter.php(368): CodeIgniter\CodeIgniter->handleRequest(null, Object(Config\Cache), false)
 7 FCPATH\index.php(67): CodeIgniter\CodeIgniter->run()
CRITICAL - 2023-09-07 22:17:38 --> Invalid file: "usuarios/actualizarContrasena.php"
in SYSTEMPATH\Exceptions\FrameworkException.php on line 33.
 1 SYSTEMPATH\View\View.php(201): CodeIgniter\Exceptions\FrameworkException::forInvalidFile('usuarios/actualizarContrasena.php')
 2 SYSTEMPATH\Common.php(1184): CodeIgniter\View\View->render('usuarios/actualizarContrasena', [], true)
 3 APPPATH\Controllers\Usuarios.php(147): view('usuarios/actualizarContrasena')
 4 SYSTEMPATH\CodeIgniter.php(934): App\Controllers\Usuarios->cambiarContrasena()
 5 SYSTEMPATH\CodeIgniter.php(499): CodeIgniter\CodeIgniter->runController(Object(App\Controllers\Usuarios))
 6 SYSTEMPATH\CodeIgniter.php(368): CodeIgniter\CodeIgniter->handleRequest(null, Object(Config\Cache), false)
 7 FCPATH\index.php(67): CodeIgniter\CodeIgniter->run()
CRITICAL - 2023-09-07 22:18:22 --> Invalid file: "usuarios/actualizarContrasena.php"
in SYSTEMPATH\Exceptions\FrameworkException.php on line 33.
 1 SYSTEMPATH\View\View.php(201): CodeIgniter\Exceptions\FrameworkException::forInvalidFile('usuarios/actualizarContrasena.php')
 2 SYSTEMPATH\Common.php(1184): CodeIgniter\View\View->render('usuarios/actualizarContrasena', [], true)
 3 APPPATH\Controllers\Usuarios.php(147): view('usuarios/actualizarContrasena')
 4 SYSTEMPATH\CodeIgniter.php(934): App\Controllers\Usuarios->cambiarContrasena()
 5 SYSTEMPATH\CodeIgniter.php(499): CodeIgniter\CodeIgniter->runController(Object(App\Controllers\Usuarios))
 6 SYSTEMPATH\CodeIgniter.php(368): CodeIgniter\CodeIgniter->handleRequest(null, Object(Config\Cache), false)
 7 FCPATH\index.php(67): CodeIgniter\CodeIgniter->run()
CRITICAL - 2023-09-07 22:23:26 --> Invalid file: "usuarios/actualizarContrasena.php"
in SYSTEMPATH\Exceptions\FrameworkException.php on line 33.
 1 SYSTEMPATH\View\View.php(201): CodeIgniter\Exceptions\FrameworkException::forInvalidFile('usuarios/actualizarContrasena.php')
 2 SYSTEMPATH\Common.php(1184): CodeIgniter\View\View->render('usuarios/actualizarContrasena', [], true)
 3 APPPATH\Controllers\Usuarios.php(147): view('usuarios/actualizarContrasena')
 4 SYSTEMPATH\CodeIgniter.php(934): App\Controllers\Usuarios->cambiarContrasena()
 5 SYSTEMPATH\CodeIgniter.php(499): CodeIgniter\CodeIgniter->runController(Object(App\Controllers\Usuarios))
 6 SYSTEMPATH\CodeIgniter.php(368): CodeIgniter\CodeIgniter->handleRequest(null, Object(Config\Cache), false)
 7 FCPATH\index.php(67): CodeIgniter\CodeIgniter->run()
CRITICAL - 2023-09-07 22:25:12 --> Invalid file: "usuarios/actualizarContrasena.php"
in SYSTEMPATH\Exceptions\FrameworkException.php on line 33.
 1 SYSTEMPATH\View\View.php(201): CodeIgniter\Exceptions\FrameworkException::forInvalidFile('usuarios/actualizarContrasena.php')
 2 SYSTEMPATH\Common.php(1184): CodeIgniter\View\View->render('usuarios/actualizarContrasena', [], true)
 3 APPPATH\Controllers\Usuarios.php(147): view('usuarios/actualizarContrasena')
 4 SYSTEMPATH\CodeIgniter.php(934): App\Controllers\Usuarios->cambiarContrasena()
 5 SYSTEMPATH\CodeIgniter.php(499): CodeIgniter\CodeIgniter->runController(Object(App\Controllers\Usuarios))
 6 SYSTEMPATH\CodeIgniter.php(368): CodeIgniter\CodeIgniter->handleRequest(null, Object(Config\Cache), false)
 7 FCPATH\index.php(67): CodeIgniter\CodeIgniter->run()
CRITICAL - 2023-09-07 22:30:48 --> Invalid file: "usuarios/actualizarContrasena.php"
in SYSTEMPATH\Exceptions\FrameworkException.php on line 33.
 1 SYSTEMPATH\View\View.php(201): CodeIgniter\Exceptions\FrameworkException::forInvalidFile('usuarios/actualizarContrasena.php')
 2 SYSTEMPATH\Common.php(1184): CodeIgniter\View\View->render('usuarios/actualizarContrasena', [], true)
 3 APPPATH\Controllers\Usuarios.php(147): view('usuarios/actualizarContrasena')
 4 SYSTEMPATH\CodeIgniter.php(934): App\Controllers\Usuarios->cambiarContrasena()
 5 SYSTEMPATH\CodeIgniter.php(499): CodeIgniter\CodeIgniter->runController(Object(App\Controllers\Usuarios))
 6 SYSTEMPATH\CodeIgniter.php(368): CodeIgniter\CodeIgniter->handleRequest(null, Object(Config\Cache), false)
 7 FCPATH\index.php(67): CodeIgniter\CodeIgniter->run()
CRITICAL - 2023-09-07 22:31:24 --> Invalid file: "usuarios/actualizarContrasena.php"
in SYSTEMPATH\Exceptions\FrameworkException.php on line 33.
 1 SYSTEMPATH\View\View.php(201): CodeIgniter\Exceptions\FrameworkException::forInvalidFile('usuarios/actualizarContrasena.php')
 2 SYSTEMPATH\Common.php(1184): CodeIgniter\View\View->render('usuarios/actualizarContrasena', [], true)
 3 APPPATH\Controllers\Usuarios.php(147): view('usuarios/actualizarContrasena')
 4 SYSTEMPATH\CodeIgniter.php(934): App\Controllers\Usuarios->cambiarContrasena()
 5 SYSTEMPATH\CodeIgniter.php(499): CodeIgniter\CodeIgniter->runController(Object(App\Controllers\Usuarios))
 6 SYSTEMPATH\CodeIgniter.php(368): CodeIgniter\CodeIgniter->handleRequest(null, Object(Config\Cache), false)
 7 FCPATH\index.php(67): CodeIgniter\CodeIgniter->run()
CRITICAL - 2023-09-07 22:32:16 --> Invalid file: "usuarios/actualizarContrasena.php"
in SYSTEMPATH\Exceptions\FrameworkException.php on line 33.
 1 SYSTEMPATH\View\View.php(201): CodeIgniter\Exceptions\FrameworkException::forInvalidFile('usuarios/actualizarContrasena.php')
 2 SYSTEMPATH\Common.php(1184): CodeIgniter\View\View->render('usuarios/actualizarContrasena', [], true)
 3 APPPATH\Controllers\Usuarios.php(147): view('usuarios/actualizarContrasena')
 4 SYSTEMPATH\CodeIgniter.php(934): App\Controllers\Usuarios->cambiarContrasena()
 5 SYSTEMPATH\CodeIgniter.php(499): CodeIgniter\CodeIgniter->runController(Object(App\Controllers\Usuarios))
 6 SYSTEMPATH\CodeIgniter.php(368): CodeIgniter\CodeIgniter->handleRequest(null, Object(Config\Cache), false)
 7 FCPATH\index.php(67): CodeIgniter\CodeIgniter->run()
CRITICAL - 2023-09-07 22:57:04 --> Invalid file: "usuarios/actualizarContrasena.php"
in SYSTEMPATH\Exceptions\FrameworkException.php on line 33.
 1 SYSTEMPATH\View\View.php(201): CodeIgniter\Exceptions\FrameworkException::forInvalidFile('usuarios/actualizarContrasena.php')
 2 SYSTEMPATH\Common.php(1184): CodeIgniter\View\View->render('usuarios/actualizarContrasena', [], true)
 3 APPPATH\Controllers\Usuarios.php(147): view('usuarios/actualizarContrasena')
 4 SYSTEMPATH\CodeIgniter.php(934): App\Controllers\Usuarios->cambiarContrasena()
 5 SYSTEMPATH\CodeIgniter.php(499): CodeIgniter\CodeIgniter->runController(Object(App\Controllers\Usuarios))
 6 SYSTEMPATH\CodeIgniter.php(368): CodeIgniter\CodeIgniter->handleRequest(null, Object(Config\Cache), false)
 7 FCPATH\index.php(67): CodeIgniter\CodeIgniter->run()
CRITICAL - 2023-09-07 22:57:05 --> Invalid file: "usuarios/actualizarContrasena.php"
in SYSTEMPATH\Exceptions\FrameworkException.php on line 33.
 1 SYSTEMPATH\View\View.php(201): CodeIgniter\Exceptions\FrameworkException::forInvalidFile('usuarios/actualizarContrasena.php')
 2 SYSTEMPATH\Common.php(1184): CodeIgniter\View\View->render('usuarios/actualizarContrasena', [], true)
 3 APPPATH\Controllers\Usuarios.php(147): view('usuarios/actualizarContrasena')
 4 SYSTEMPATH\CodeIgniter.php(934): App\Controllers\Usuarios->cambiarContrasena()
 5 SYSTEMPATH\CodeIgniter.php(499): CodeIgniter\CodeIgniter->runController(Object(App\Controllers\Usuarios))
 6 SYSTEMPATH\CodeIgniter.php(368): CodeIgniter\CodeIgniter->handleRequest(null, Object(Config\Cache), false)
 7 FCPATH\index.php(67): CodeIgniter\CodeIgniter->run()
CRITICAL - 2023-09-07 22:57:06 --> Invalid file: "usuarios/actualizarContrasena.php"
in SYSTEMPATH\Exceptions\FrameworkException.php on line 33.
 1 SYSTEMPATH\View\View.php(201): CodeIgniter\Exceptions\FrameworkException::forInvalidFile('usuarios/actualizarContrasena.php')
 2 SYSTEMPATH\Common.php(1184): CodeIgniter\View\View->render('usuarios/actualizarContrasena', [], true)
 3 APPPATH\Controllers\Usuarios.php(147): view('usuarios/actualizarContrasena')
 4 SYSTEMPATH\CodeIgniter.php(934): App\Controllers\Usuarios->cambiarContrasena()
 5 SYSTEMPATH\CodeIgniter.php(499): CodeIgniter\CodeIgniter->runController(Object(App\Controllers\Usuarios))
 6 SYSTEMPATH\CodeIgniter.php(368): CodeIgniter\CodeIgniter->handleRequest(null, Object(Config\Cache), false)
 7 FCPATH\index.php(67): CodeIgniter\CodeIgniter->run()
CRITICAL - 2023-09-07 22:57:06 --> Invalid file: "usuarios/actualizarContrasena.php"
in SYSTEMPATH\Exceptions\FrameworkException.php on line 33.
 1 SYSTEMPATH\View\View.php(201): CodeIgniter\Exceptions\FrameworkException::forInvalidFile('usuarios/actualizarContrasena.php')
 2 SYSTEMPATH\Common.php(1184): CodeIgniter\View\View->render('usuarios/actualizarContrasena', [], true)
 3 APPPATH\Controllers\Usuarios.php(147): view('usuarios/actualizarContrasena')
 4 SYSTEMPATH\CodeIgniter.php(934): App\Controllers\Usuarios->cambiarContrasena()
 5 SYSTEMPATH\CodeIgniter.php(499): CodeIgniter\CodeIgniter->runController(Object(App\Controllers\Usuarios))
 6 SYSTEMPATH\CodeIgniter.php(368): CodeIgniter\CodeIgniter->handleRequest(null, Object(Config\Cache), false)
 7 FCPATH\index.php(67): CodeIgniter\CodeIgniter->run()
CRITICAL - 2023-09-07 22:57:06 --> Invalid file: "usuarios/actualizarContrasena.php"
in SYSTEMPATH\Exceptions\FrameworkException.php on line 33.
 1 SYSTEMPATH\View\View.php(201): CodeIgniter\Exceptions\FrameworkException::forInvalidFile('usuarios/actualizarContrasena.php')
 2 SYSTEMPATH\Common.php(1184): CodeIgniter\View\View->render('usuarios/actualizarContrasena', [], true)
 3 APPPATH\Controllers\Usuarios.php(147): view('usuarios/actualizarContrasena')
 4 SYSTEMPATH\CodeIgniter.php(934): App\Controllers\Usuarios->cambiarContrasena()
 5 SYSTEMPATH\CodeIgniter.php(499): CodeIgniter\CodeIgniter->runController(Object(App\Controllers\Usuarios))
 6 SYSTEMPATH\CodeIgniter.php(368): CodeIgniter\CodeIgniter->handleRequest(null, Object(Config\Cache), false)
 7 FCPATH\index.php(67): CodeIgniter\CodeIgniter->run()
CRITICAL - 2023-09-07 22:57:08 --> Invalid file: "usuarios/actualizarContrasena.php"
in SYSTEMPATH\Exceptions\FrameworkException.php on line 33.
 1 SYSTEMPATH\View\View.php(201): CodeIgniter\Exceptions\FrameworkException::forInvalidFile('usuarios/actualizarContrasena.php')
 2 SYSTEMPATH\Common.php(1184): CodeIgniter\View\View->render('usuarios/actualizarContrasena', [], true)
 3 APPPATH\Controllers\Usuarios.php(147): view('usuarios/actualizarContrasena')
 4 SYSTEMPATH\CodeIgniter.php(934): App\Controllers\Usuarios->cambiarContrasena()
 5 SYSTEMPATH\CodeIgniter.php(499): CodeIgniter\CodeIgniter->runController(Object(App\Controllers\Usuarios))
 6 SYSTEMPATH\CodeIgniter.php(368): CodeIgniter\CodeIgniter->handleRequest(null, Object(Config\Cache), false)
 7 FCPATH\index.php(67): CodeIgniter\CodeIgniter->run()
CRITICAL - 2023-09-07 22:59:33 --> Invalid file: "usuarios/actualizarContrasena.php"
in SYSTEMPATH\Exceptions\FrameworkException.php on line 33.
 1 SYSTEMPATH\View\View.php(201): CodeIgniter\Exceptions\FrameworkException::forInvalidFile('usuarios/actualizarContrasena.php')
 2 SYSTEMPATH\Common.php(1184): CodeIgniter\View\View->render('usuarios/actualizarContrasena', [], true)
 3 APPPATH\Controllers\Usuarios.php(147): view('usuarios/actualizarContrasena')
 4 SYSTEMPATH\CodeIgniter.php(934): App\Controllers\Usuarios->cambiarContrasena()
 5 SYSTEMPATH\CodeIgniter.php(499): CodeIgniter\CodeIgniter->runController(Object(App\Controllers\Usuarios))
 6 SYSTEMPATH\CodeIgniter.php(368): CodeIgniter\CodeIgniter->handleRequest(null, Object(Config\Cache), false)
 7 FCPATH\index.php(67): CodeIgniter\CodeIgniter->run()
CRITICAL - 2023-09-07 22:59:34 --> Invalid file: "usuarios/actualizarContrasena.php"
in SYSTEMPATH\Exceptions\FrameworkException.php on line 33.
 1 SYSTEMPATH\View\View.php(201): CodeIgniter\Exceptions\FrameworkException::forInvalidFile('usuarios/actualizarContrasena.php')
 2 SYSTEMPATH\Common.php(1184): CodeIgniter\View\View->render('usuarios/actualizarContrasena', [], true)
 3 APPPATH\Controllers\Usuarios.php(147): view('usuarios/actualizarContrasena')
 4 SYSTEMPATH\CodeIgniter.php(934): App\Controllers\Usuarios->cambiarContrasena()
 5 SYSTEMPATH\CodeIgniter.php(499): CodeIgniter\CodeIgniter->runController(Object(App\Controllers\Usuarios))
 6 SYSTEMPATH\CodeIgniter.php(368): CodeIgniter\CodeIgniter->handleRequest(null, Object(Config\Cache), false)
 7 FCPATH\index.php(67): CodeIgniter\CodeIgniter->run()
CRITICAL - 2023-09-07 22:59:36 --> Invalid file: "usuarios/actualizarContrasena.php"
in SYSTEMPATH\Exceptions\FrameworkException.php on line 33.
 1 SYSTEMPATH\View\View.php(201): CodeIgniter\Exceptions\FrameworkException::forInvalidFile('usuarios/actualizarContrasena.php')
 2 SYSTEMPATH\Common.php(1184): CodeIgniter\View\View->render('usuarios/actualizarContrasena', [], true)
 3 APPPATH\Controllers\Usuarios.php(147): view('usuarios/actualizarContrasena')
 4 SYSTEMPATH\CodeIgniter.php(934): App\Controllers\Usuarios->cambiarContrasena()
 5 SYSTEMPATH\CodeIgniter.php(499): CodeIgniter\CodeIgniter->runController(Object(App\Controllers\Usuarios))
 6 SYSTEMPATH\CodeIgniter.php(368): CodeIgniter\CodeIgniter->handleRequest(null, Object(Config\Cache), false)
 7 FCPATH\index.php(67): CodeIgniter\CodeIgniter->run()
CRITICAL - 2023-09-07 22:59:38 --> Invalid file: "usuarios/actualizarContrasena.php"
in SYSTEMPATH\Exceptions\FrameworkException.php on line 33.
 1 SYSTEMPATH\View\View.php(201): CodeIgniter\Exceptions\FrameworkException::forInvalidFile('usuarios/actualizarContrasena.php')
 2 SYSTEMPATH\Common.php(1184): CodeIgniter\View\View->render('usuarios/actualizarContrasena', [], true)
 3 APPPATH\Controllers\Usuarios.php(147): view('usuarios/actualizarContrasena')
 4 SYSTEMPATH\CodeIgniter.php(934): App\Controllers\Usuarios->cambiarContrasena()
 5 SYSTEMPATH\CodeIgniter.php(499): CodeIgniter\CodeIgniter->runController(Object(App\Controllers\Usuarios))
 6 SYSTEMPATH\CodeIgniter.php(368): CodeIgniter\CodeIgniter->handleRequest(null, Object(Config\Cache), false)
 7 FCPATH\index.php(67): CodeIgniter\CodeIgniter->run()
CRITICAL - 2023-09-07 23:02:10 --> Invalid file: "usuarios/actualizarContrasena.php"
in SYSTEMPATH\Exceptions\FrameworkException.php on line 33.
 1 SYSTEMPATH\View\View.php(201): CodeIgniter\Exceptions\FrameworkException::forInvalidFile('usuarios/actualizarContrasena.php')
 2 SYSTEMPATH\Common.php(1184): CodeIgniter\View\View->render('usuarios/actualizarContrasena', [], true)
 3 APPPATH\Controllers\Usuarios.php(147): view('usuarios/actualizarContrasena')
 4 SYSTEMPATH\CodeIgniter.php(934): App\Controllers\Usuarios->cambiarContrasena()
 5 SYSTEMPATH\CodeIgniter.php(499): CodeIgniter\CodeIgniter->runController(Object(App\Controllers\Usuarios))
 6 SYSTEMPATH\CodeIgniter.php(368): CodeIgniter\CodeIgniter->handleRequest(null, Object(Config\Cache), false)
 7 FCPATH\index.php(67): CodeIgniter\CodeIgniter->run()
CRITICAL - 2023-09-07 23:02:11 --> Invalid file: "usuarios/actualizarContrasena.php"
in SYSTEMPATH\Exceptions\FrameworkException.php on line 33.
 1 SYSTEMPATH\View\View.php(201): CodeIgniter\Exceptions\FrameworkException::forInvalidFile('usuarios/actualizarContrasena.php')
 2 SYSTEMPATH\Common.php(1184): CodeIgniter\View\View->render('usuarios/actualizarContrasena', [], true)
 3 APPPATH\Controllers\Usuarios.php(147): view('usuarios/actualizarContrasena')
 4 SYSTEMPATH\CodeIgniter.php(934): App\Controllers\Usuarios->cambiarContrasena()
 5 SYSTEMPATH\CodeIgniter.php(499): CodeIgniter\CodeIgniter->runController(Object(App\Controllers\Usuarios))
 6 SYSTEMPATH\CodeIgniter.php(368): CodeIgniter\CodeIgniter->handleRequest(null, Object(Config\Cache), false)
 7 FCPATH\index.php(67): CodeIgniter\CodeIgniter->run()
CRITICAL - 2023-09-07 23:02:11 --> Invalid file: "usuarios/actualizarContrasena.php"
in SYSTEMPATH\Exceptions\FrameworkException.php on line 33.
 1 SYSTEMPATH\View\View.php(201): CodeIgniter\Exceptions\FrameworkException::forInvalidFile('usuarios/actualizarContrasena.php')
 2 SYSTEMPATH\Common.php(1184): CodeIgniter\View\View->render('usuarios/actualizarContrasena', [], true)
 3 APPPATH\Controllers\Usuarios.php(147): view('usuarios/actualizarContrasena')
 4 SYSTEMPATH\CodeIgniter.php(934): App\Controllers\Usuarios->cambiarContrasena()
 5 SYSTEMPATH\CodeIgniter.php(499): CodeIgniter\CodeIgniter->runController(Object(App\Controllers\Usuarios))
 6 SYSTEMPATH\CodeIgniter.php(368): CodeIgniter\CodeIgniter->handleRequest(null, Object(Config\Cache), false)
 7 FCPATH\index.php(67): CodeIgniter\CodeIgniter->run()
CRITICAL - 2023-09-07 23:02:13 --> Invalid file: "usuarios/actualizarContrasena.php"
in SYSTEMPATH\Exceptions\FrameworkException.php on line 33.
 1 SYSTEMPATH\View\View.php(201): CodeIgniter\Exceptions\FrameworkException::forInvalidFile('usuarios/actualizarContrasena.php')
 2 SYSTEMPATH\Common.php(1184): CodeIgniter\View\View->render('usuarios/actualizarContrasena', [], true)
 3 APPPATH\Controllers\Usuarios.php(147): view('usuarios/actualizarContrasena')
 4 SYSTEMPATH\CodeIgniter.php(934): App\Controllers\Usuarios->cambiarContrasena()
 5 SYSTEMPATH\CodeIgniter.php(499): CodeIgniter\CodeIgniter->runController(Object(App\Controllers\Usuarios))
 6 SYSTEMPATH\CodeIgniter.php(368): CodeIgniter\CodeIgniter->handleRequest(null, Object(Config\Cache), false)
 7 FCPATH\index.php(67): CodeIgniter\CodeIgniter->run()
CRITICAL - 2023-09-07 23:02:40 --> Invalid file: "usuarios/actualizarContrasena.php"
in SYSTEMPATH\Exceptions\FrameworkException.php on line 33.
 1 SYSTEMPATH\View\View.php(201): CodeIgniter\Exceptions\FrameworkException::forInvalidFile('usuarios/actualizarContrasena.php')
 2 SYSTEMPATH\Common.php(1184): CodeIgniter\View\View->render('usuarios/actualizarContrasena', [], true)
 3 APPPATH\Controllers\Usuarios.php(147): view('usuarios/actualizarContrasena')
 4 SYSTEMPATH\CodeIgniter.php(934): App\Controllers\Usuarios->cambiarContrasena()
 5 SYSTEMPATH\CodeIgniter.php(499): CodeIgniter\CodeIgniter->runController(Object(App\Controllers\Usuarios))
 6 SYSTEMPATH\CodeIgniter.php(368): CodeIgniter\CodeIgniter->handleRequest(null, Object(Config\Cache), false)
 7 FCPATH\index.php(67): CodeIgniter\CodeIgniter->run()
CRITICAL - 2023-09-07 23:02:41 --> Invalid file: "usuarios/actualizarContrasena.php"
in SYSTEMPATH\Exceptions\FrameworkException.php on line 33.
 1 SYSTEMPATH\View\View.php(201): CodeIgniter\Exceptions\FrameworkException::forInvalidFile('usuarios/actualizarContrasena.php')
 2 SYSTEMPATH\Common.php(1184): CodeIgniter\View\View->render('usuarios/actualizarContrasena', [], true)
 3 APPPATH\Controllers\Usuarios.php(147): view('usuarios/actualizarContrasena')
 4 SYSTEMPATH\CodeIgniter.php(934): App\Controllers\Usuarios->cambiarContrasena()
 5 SYSTEMPATH\CodeIgniter.php(499): CodeIgniter\CodeIgniter->runController(Object(App\Controllers\Usuarios))
 6 SYSTEMPATH\CodeIgniter.php(368): CodeIgniter\CodeIgniter->handleRequest(null, Object(Config\Cache), false)
 7 FCPATH\index.php(67): CodeIgniter\CodeIgniter->run()
CRITICAL - 2023-09-07 23:02:41 --> Invalid file: "usuarios/actualizarContrasena.php"
in SYSTEMPATH\Exceptions\FrameworkException.php on line 33.
 1 SYSTEMPATH\View\View.php(201): CodeIgniter\Exceptions\FrameworkException::forInvalidFile('usuarios/actualizarContrasena.php')
 2 SYSTEMPATH\Common.php(1184): CodeIgniter\View\View->render('usuarios/actualizarContrasena', [], true)
 3 APPPATH\Controllers\Usuarios.php(147): view('usuarios/actualizarContrasena')
 4 SYSTEMPATH\CodeIgniter.php(934): App\Controllers\Usuarios->cambiarContrasena()
 5 SYSTEMPATH\CodeIgniter.php(499): CodeIgniter\CodeIgniter->runController(Object(App\Controllers\Usuarios))
 6 SYSTEMPATH\CodeIgniter.php(368): CodeIgniter\CodeIgniter->handleRequest(null, Object(Config\Cache), false)
 7 FCPATH\index.php(67): CodeIgniter\CodeIgniter->run()
CRITICAL - 2023-09-07 23:02:41 --> Invalid file: "usuarios/actualizarContrasena.php"
in SYSTEMPATH\Exceptions\FrameworkException.php on line 33.
 1 SYSTEMPATH\View\View.php(201): CodeIgniter\Exceptions\FrameworkException::forInvalidFile('usuarios/actualizarContrasena.php')
 2 SYSTEMPATH\Common.php(1184): CodeIgniter\View\View->render('usuarios/actualizarContrasena', [], true)
 3 APPPATH\Controllers\Usuarios.php(147): view('usuarios/actualizarContrasena')
 4 SYSTEMPATH\CodeIgniter.php(934): App\Controllers\Usuarios->cambiarContrasena()
 5 SYSTEMPATH\CodeIgniter.php(499): CodeIgniter\CodeIgniter->runController(Object(App\Controllers\Usuarios))
 6 SYSTEMPATH\CodeIgniter.php(368): CodeIgniter\CodeIgniter->handleRequest(null, Object(Config\Cache), false)
 7 FCPATH\index.php(67): CodeIgniter\CodeIgniter->run()
CRITICAL - 2023-09-07 23:02:41 --> Invalid file: "usuarios/actualizarContrasena.php"
in SYSTEMPATH\Exceptions\FrameworkException.php on line 33.
 1 SYSTEMPATH\View\View.php(201): CodeIgniter\Exceptions\FrameworkException::forInvalidFile('usuarios/actualizarContrasena.php')
 2 SYSTEMPATH\Common.php(1184): CodeIgniter\View\View->render('usuarios/actualizarContrasena', [], true)
 3 APPPATH\Controllers\Usuarios.php(147): view('usuarios/actualizarContrasena')
 4 SYSTEMPATH\CodeIgniter.php(934): App\Controllers\Usuarios->cambiarContrasena()
 5 SYSTEMPATH\CodeIgniter.php(499): CodeIgniter\CodeIgniter->runController(Object(App\Controllers\Usuarios))
 6 SYSTEMPATH\CodeIgniter.php(368): CodeIgniter\CodeIgniter->handleRequest(null, Object(Config\Cache), false)
 7 FCPATH\index.php(67): CodeIgniter\CodeIgniter->run()
CRITICAL - 2023-09-07 23:02:41 --> Invalid file: "usuarios/actualizarContrasena.php"
in SYSTEMPATH\Exceptions\FrameworkException.php on line 33.
 1 SYSTEMPATH\View\View.php(201): CodeIgniter\Exceptions\FrameworkException::forInvalidFile('usuarios/actualizarContrasena.php')
 2 SYSTEMPATH\Common.php(1184): CodeIgniter\View\View->render('usuarios/actualizarContrasena', [], true)
 3 APPPATH\Controllers\Usuarios.php(147): view('usuarios/actualizarContrasena')
 4 SYSTEMPATH\CodeIgniter.php(934): App\Controllers\Usuarios->cambiarContrasena()
 5 SYSTEMPATH\CodeIgniter.php(499): CodeIgniter\CodeIgniter->runController(Object(App\Controllers\Usuarios))
 6 SYSTEMPATH\CodeIgniter.php(368): CodeIgniter\CodeIgniter->handleRequest(null, Object(Config\Cache), false)
 7 FCPATH\index.php(67): CodeIgniter\CodeIgniter->run()
CRITICAL - 2023-09-07 23:02:43 --> Invalid file: "usuarios/actualizarContrasena.php"
in SYSTEMPATH\Exceptions\FrameworkException.php on line 33.
 1 SYSTEMPATH\View\View.php(201): CodeIgniter\Exceptions\FrameworkException::forInvalidFile('usuarios/actualizarContrasena.php')
 2 SYSTEMPATH\Common.php(1184): CodeIgniter\View\View->render('usuarios/actualizarContrasena', [], true)
 3 APPPATH\Controllers\Usuarios.php(147): view('usuarios/actualizarContrasena')
 4 SYSTEMPATH\CodeIgniter.php(934): App\Controllers\Usuarios->cambiarContrasena()
 5 SYSTEMPATH\CodeIgniter.php(499): CodeIgniter\CodeIgniter->runController(Object(App\Controllers\Usuarios))
 6 SYSTEMPATH\CodeIgniter.php(368): CodeIgniter\CodeIgniter->handleRequest(null, Object(Config\Cache), false)
 7 FCPATH\index.php(67): CodeIgniter\CodeIgniter->run()
CRITICAL - 2023-09-07 23:03:02 --> Invalid file: "usuarios/actualizarContrasena.php"
in SYSTEMPATH\Exceptions\FrameworkException.php on line 33.
 1 SYSTEMPATH\View\View.php(201): CodeIgniter\Exceptions\FrameworkException::forInvalidFile('usuarios/actualizarContrasena.php')
 2 SYSTEMPATH\Common.php(1184): CodeIgniter\View\View->render('usuarios/actualizarContrasena', [], true)
 3 APPPATH\Controllers\Usuarios.php(147): view('usuarios/actualizarContrasena')
 4 SYSTEMPATH\CodeIgniter.php(934): App\Controllers\Usuarios->cambiarContrasena()
 5 SYSTEMPATH\CodeIgniter.php(499): CodeIgniter\CodeIgniter->runController(Object(App\Controllers\Usuarios))
 6 SYSTEMPATH\CodeIgniter.php(368): CodeIgniter\CodeIgniter->handleRequest(null, Object(Config\Cache), false)
 7 FCPATH\index.php(67): CodeIgniter\CodeIgniter->run()
CRITICAL - 2023-09-07 23:03:03 --> Invalid file: "usuarios/actualizarContrasena.php"
in SYSTEMPATH\Exceptions\FrameworkException.php on line 33.
 1 SYSTEMPATH\View\View.php(201): CodeIgniter\Exceptions\FrameworkException::forInvalidFile('usuarios/actualizarContrasena.php')
 2 SYSTEMPATH\Common.php(1184): CodeIgniter\View\View->render('usuarios/actualizarContrasena', [], true)
 3 APPPATH\Controllers\Usuarios.php(147): view('usuarios/actualizarContrasena')
 4 SYSTEMPATH\CodeIgniter.php(934): App\Controllers\Usuarios->cambiarContrasena()
 5 SYSTEMPATH\CodeIgniter.php(499): CodeIgniter\CodeIgniter->runController(Object(App\Controllers\Usuarios))
 6 SYSTEMPATH\CodeIgniter.php(368): CodeIgniter\CodeIgniter->handleRequest(null, Object(Config\Cache), false)
 7 FCPATH\index.php(67): CodeIgniter\CodeIgniter->run()
CRITICAL - 2023-09-07 23:03:03 --> Invalid file: "usuarios/actualizarContrasena.php"
in SYSTEMPATH\Exceptions\FrameworkException.php on line 33.
 1 SYSTEMPATH\View\View.php(201): CodeIgniter\Exceptions\FrameworkException::forInvalidFile('usuarios/actualizarContrasena.php')
 2 SYSTEMPATH\Common.php(1184): CodeIgniter\View\View->render('usuarios/actualizarContrasena', [], true)
 3 APPPATH\Controllers\Usuarios.php(147): view('usuarios/actualizarContrasena')
 4 SYSTEMPATH\CodeIgniter.php(934): App\Controllers\Usuarios->cambiarContrasena()
 5 SYSTEMPATH\CodeIgniter.php(499): CodeIgniter\CodeIgniter->runController(Object(App\Controllers\Usuarios))
 6 SYSTEMPATH\CodeIgniter.php(368): CodeIgniter\CodeIgniter->handleRequest(null, Object(Config\Cache), false)
 7 FCPATH\index.php(67): CodeIgniter\CodeIgniter->run()
CRITICAL - 2023-09-07 23:07:54 --> Invalid file: "usuarios/actualizarContrasena.php"
in SYSTEMPATH\Exceptions\FrameworkException.php on line 33.
 1 SYSTEMPATH\View\View.php(201): CodeIgniter\Exceptions\FrameworkException::forInvalidFile('usuarios/actualizarContrasena.php')
 2 SYSTEMPATH\Common.php(1184): CodeIgniter\View\View->render('usuarios/actualizarContrasena', [], true)
 3 APPPATH\Controllers\Usuarios.php(147): view('usuarios/actualizarContrasena')
 4 SYSTEMPATH\CodeIgniter.php(934): App\Controllers\Usuarios->cambiarContrasena()
 5 SYSTEMPATH\CodeIgniter.php(499): CodeIgniter\CodeIgniter->runController(Object(App\Controllers\Usuarios))
 6 SYSTEMPATH\CodeIgniter.php(368): CodeIgniter\CodeIgniter->handleRequest(null, Object(Config\Cache), false)
 7 FCPATH\index.php(67): CodeIgniter\CodeIgniter->run()
CRITICAL - 2023-09-07 23:09:13 --> Invalid file: "usuarios/actualizarContrasena.php"
in SYSTEMPATH\Exceptions\FrameworkException.php on line 33.
 1 SYSTEMPATH\View\View.php(201): CodeIgniter\Exceptions\FrameworkException::forInvalidFile('usuarios/actualizarContrasena.php')
 2 SYSTEMPATH\Common.php(1184): CodeIgniter\View\View->render('usuarios/actualizarContrasena', [], true)
 3 APPPATH\Controllers\Usuarios.php(147): view('usuarios/actualizarContrasena')
 4 SYSTEMPATH\CodeIgniter.php(934): App\Controllers\Usuarios->cambiarContrasena()
 5 SYSTEMPATH\CodeIgniter.php(499): CodeIgniter\CodeIgniter->runController(Object(App\Controllers\Usuarios))
 6 SYSTEMPATH\CodeIgniter.php(368): CodeIgniter\CodeIgniter->handleRequest(null, Object(Config\Cache), false)
 7 FCPATH\index.php(67): CodeIgniter\CodeIgniter->run()
CRITICAL - 2023-09-07 23:09:14 --> Invalid file: "usuarios/actualizarContrasena.php"
in SYSTEMPATH\Exceptions\FrameworkException.php on line 33.
 1 SYSTEMPATH\View\View.php(201): CodeIgniter\Exceptions\FrameworkException::forInvalidFile('usuarios/actualizarContrasena.php')
 2 SYSTEMPATH\Common.php(1184): CodeIgniter\View\View->render('usuarios/actualizarContrasena', [], true)
 3 APPPATH\Controllers\Usuarios.php(147): view('usuarios/actualizarContrasena')
 4 SYSTEMPATH\CodeIgniter.php(934): App\Controllers\Usuarios->cambiarContrasena()
 5 SYSTEMPATH\CodeIgniter.php(499): CodeIgniter\CodeIgniter->runController(Object(App\Controllers\Usuarios))
 6 SYSTEMPATH\CodeIgniter.php(368): CodeIgniter\CodeIgniter->handleRequest(null, Object(Config\Cache), false)
 7 FCPATH\index.php(67): CodeIgniter\CodeIgniter->run()
CRITICAL - 2023-09-07 23:09:14 --> Invalid file: "usuarios/actualizarContrasena.php"
in SYSTEMPATH\Exceptions\FrameworkException.php on line 33.
 1 SYSTEMPATH\View\View.php(201): CodeIgniter\Exceptions\FrameworkException::forInvalidFile('usuarios/actualizarContrasena.php')
 2 SYSTEMPATH\Common.php(1184): CodeIgniter\View\View->render('usuarios/actualizarContrasena', [], true)
 3 APPPATH\Controllers\Usuarios.php(147): view('usuarios/actualizarContrasena')
 4 SYSTEMPATH\CodeIgniter.php(934): App\Controllers\Usuarios->cambiarContrasena()
 5 SYSTEMPATH\CodeIgniter.php(499): CodeIgniter\CodeIgniter->runController(Object(App\Controllers\Usuarios))
 6 SYSTEMPATH\CodeIgniter.php(368): CodeIgniter\CodeIgniter->handleRequest(null, Object(Config\Cache), false)
 7 FCPATH\index.php(67): CodeIgniter\CodeIgniter->run()
CRITICAL - 2023-09-07 23:09:17 --> Invalid file: "usuarios/actualizarContrasena.php"
in SYSTEMPATH\Exceptions\FrameworkException.php on line 33.
 1 SYSTEMPATH\View\View.php(201): CodeIgniter\Exceptions\FrameworkException::forInvalidFile('usuarios/actualizarContrasena.php')
 2 SYSTEMPATH\Common.php(1184): CodeIgniter\View\View->render('usuarios/actualizarContrasena', [], true)
 3 APPPATH\Controllers\Usuarios.php(147): view('usuarios/actualizarContrasena')
 4 SYSTEMPATH\CodeIgniter.php(934): App\Controllers\Usuarios->cambiarContrasena()
 5 SYSTEMPATH\CodeIgniter.php(499): CodeIgniter\CodeIgniter->runController(Object(App\Controllers\Usuarios))
 6 SYSTEMPATH\CodeIgniter.php(368): CodeIgniter\CodeIgniter->handleRequest(null, Object(Config\Cache), false)
 7 FCPATH\index.php(67): CodeIgniter\CodeIgniter->run()
CRITICAL - 2023-09-07 23:12:02 --> Invalid file: "usuarios/actualizarContrasena.php"
in SYSTEMPATH\Exceptions\FrameworkException.php on line 33.
 1 SYSTEMPATH\View\View.php(201): CodeIgniter\Exceptions\FrameworkException::forInvalidFile('usuarios/actualizarContrasena.php')
 2 SYSTEMPATH\Common.php(1184): CodeIgniter\View\View->render('usuarios/actualizarContrasena', [], true)
 3 APPPATH\Controllers\Usuarios.php(147): view('usuarios/actualizarContrasena')
 4 SYSTEMPATH\CodeIgniter.php(934): App\Controllers\Usuarios->cambiarContrasena()
 5 SYSTEMPATH\CodeIgniter.php(499): CodeIgniter\CodeIgniter->runController(Object(App\Controllers\Usuarios))
 6 SYSTEMPATH\CodeIgniter.php(368): CodeIgniter\CodeIgniter->handleRequest(null, Object(Config\Cache), false)
 7 FCPATH\index.php(67): CodeIgniter\CodeIgniter->run()
CRITICAL - 2023-09-07 23:12:04 --> Invalid file: "usuarios/actualizarContrasena.php"
in SYSTEMPATH\Exceptions\FrameworkException.php on line 33.
 1 SYSTEMPATH\View\View.php(201): CodeIgniter\Exceptions\FrameworkException::forInvalidFile('usuarios/actualizarContrasena.php')
 2 SYSTEMPATH\Common.php(1184): CodeIgniter\View\View->render('usuarios/actualizarContrasena', [], true)
 3 APPPATH\Controllers\Usuarios.php(147): view('usuarios/actualizarContrasena')
 4 SYSTEMPATH\CodeIgniter.php(934): App\Controllers\Usuarios->cambiarContrasena()
 5 SYSTEMPATH\CodeIgniter.php(499): CodeIgniter\CodeIgniter->runController(Object(App\Controllers\Usuarios))
 6 SYSTEMPATH\CodeIgniter.php(368): CodeIgniter\CodeIgniter->handleRequest(null, Object(Config\Cache), false)
 7 FCPATH\index.php(67): CodeIgniter\CodeIgniter->run()
ERROR - 2023-09-07 23:44:50 --> Email: sendWithSmtp throwed ErrorException: fsockopen(): php_network_getaddresses: getaddrinfo for smtp.gmail.com failed: No such host is known.  in C:\Program Files\Xampp\htdocs\ProyectoGrado\ProyectoFinal\system\Email\Email.php:1863
Stack trace:
#0 [internal function]: CodeIgniter\Debug\Exceptions->errorHandler(2, 'fsockopen(): ph...', 'C:\\Program File...', 1863)
#1 C:\Program Files\Xampp\htdocs\ProyectoGrado\ProyectoFinal\system\Email\Email.php(1863): fsockopen('tls://smtp.gmai...', 465, NULL, NULL, 5)
#2 C:\Program Files\Xampp\htdocs\ProyectoGrado\ProyectoFinal\system\Email\Email.php(1782): CodeIgniter\Email\Email->SMTPConnect()
#3 C:\Program Files\Xampp\htdocs\ProyectoGrado\ProyectoFinal\system\Email\Email.php(1667): CodeIgniter\Email\Email->sendWithSmtp()
#4 C:\Program Files\Xampp\htdocs\ProyectoGrado\ProyectoFinal\system\Email\Email.php(1565): CodeIgniter\Email\Email->spoolEmail()
#5 C:\Program Files\Xampp\htdocs\ProyectoGrado\ProyectoFinal\app\Controllers\Usuarios.php(59): CodeIgniter\Email\Email->send()
#6 C:\Program Files\Xampp\htdocs\ProyectoGrado\ProyectoFinal\system\CodeIgniter.php(934): App\Controllers\Usuarios->registro()
#7 C:\Program Files\Xampp\htdocs\ProyectoGrado\ProyectoFinal\system\CodeIgniter.php(499): CodeIgniter\CodeIgniter->runController(Object(App\Controllers\Usuarios))
#8 C:\Program Files\Xampp\htdocs\ProyectoGrado\ProyectoFinal\system\CodeIgniter.php(368): CodeIgniter\CodeIgniter->handleRequest(NULL, Object(Config\Cache), false)
#9 C:\Program Files\Xampp\htdocs\ProyectoGrado\ProyectoFinal\public\index.php(67): CodeIgniter\CodeIgniter->run()
#10 {main}
ERROR - 2023-09-07 23:44:50 --> Email: Unable to send email using SMTP. Your server might not be configured to send mail using this method.
ERROR - 2023-09-07 23:44:50 --> 
