ERROR - 2023-11-01 01:10:21 --> mysqli_sql_exception: Column 'idClientes' cannot be null in C:\Program Files\Xampp\htdocs\ProyectoGrado\ProyectoFinal\system\Database\MySQLi\Connection.php:295
Stack trace:
#0 C:\Program Files\Xampp\htdocs\ProyectoGrado\ProyectoFinal\system\Database\MySQLi\Connection.php(295): mysqli->query('INSERT INTO `Ve...', 0)
#1 C:\Program Files\Xampp\htdocs\ProyectoGrado\ProyectoFinal\system\Database\BaseConnection.php(692): CodeIgniter\Database\MySQLi\Connection->execute('INSERT INTO `Ve...')
#2 C:\Program Files\Xampp\htdocs\ProyectoGrado\ProyectoFinal\system\Database\BaseConnection.php(606): CodeIgniter\Database\BaseConnection->simpleQuery('INSERT INTO `Ve...')
#3 C:\Program Files\Xampp\htdocs\ProyectoGrado\ProyectoFinal\system\Database\BaseBuilder.php(2309): CodeIgniter\Database\BaseConnection->query('INSERT INTO `Ve...', Array, false)
#4 C:\Program Files\Xampp\htdocs\ProyectoGrado\ProyectoFinal\system\Model.php(330): CodeIgniter\Database\BaseBuilder->insert()
#5 C:\Program Files\Xampp\htdocs\ProyectoGrado\ProyectoFinal\system\BaseModel.php(782): CodeIgniter\Model->doInsert(Array)
#6 C:\Program Files\Xampp\htdocs\ProyectoGrado\ProyectoFinal\system\Model.php(730): CodeIgniter\BaseModel->insert(Array, true)
#7 C:\Program Files\Xampp\htdocs\ProyectoGrado\ProyectoFinal\app\Models\VentasModel.php(25): CodeIgniter\Model->insert(Array)
#8 C:\Program Files\Xampp\htdocs\ProyectoGrado\ProyectoFinal\app\Controllers\Ventas.php(41): App\Models\VentasModel->agregarVenta(NULL, '1', '660.00', Array)
#9 C:\Program Files\Xampp\htdocs\ProyectoGrado\ProyectoFinal\system\CodeIgniter.php(934): App\Controllers\Ventas->crearVenta()
#10 C:\Program Files\Xampp\htdocs\ProyectoGrado\ProyectoFinal\system\CodeIgniter.php(499): CodeIgniter\CodeIgniter->runController(Object(App\Controllers\Ventas))
#11 C:\Program Files\Xampp\htdocs\ProyectoGrado\ProyectoFinal\system\CodeIgniter.php(368): CodeIgniter\CodeIgniter->handleRequest(NULL, Object(Config\Cache), false)
#12 C:\Program Files\Xampp\htdocs\ProyectoGrado\ProyectoFinal\public\index.php(67): CodeIgniter\CodeIgniter->run()
#13 {main}
ERROR - 2023-11-01 01:10:21 --> mysqli_sql_exception: Cannot add or update a child row: a foreign key constraint fails (`veterinariabd`.`detalleventas`, CONSTRAINT `detalleventas_ibfk_1` FOREIGN KEY (`idVentas`) REFERENCES `ventas` (`id`)) in C:\Program Files\Xampp\htdocs\ProyectoGrado\ProyectoFinal\system\Database\MySQLi\Connection.php:295
Stack trace:
#0 C:\Program Files\Xampp\htdocs\ProyectoGrado\ProyectoFinal\system\Database\MySQLi\Connection.php(295): mysqli->query('INSERT INTO `De...', 0)
#1 C:\Program Files\Xampp\htdocs\ProyectoGrado\ProyectoFinal\system\Database\BaseConnection.php(692): CodeIgniter\Database\MySQLi\Connection->execute('INSERT INTO `De...')
#2 C:\Program Files\Xampp\htdocs\ProyectoGrado\ProyectoFinal\system\Database\BaseConnection.php(606): CodeIgniter\Database\BaseConnection->simpleQuery('INSERT INTO `De...')
#3 C:\Program Files\Xampp\htdocs\ProyectoGrado\ProyectoFinal\system\Database\BaseBuilder.php(2309): CodeIgniter\Database\BaseConnection->query('INSERT INTO `De...', Array, false)
#4 C:\Program Files\Xampp\htdocs\ProyectoGrado\ProyectoFinal\app\Models\VentasModel.php(41): CodeIgniter\Database\BaseBuilder->insert(Array)
#5 C:\Program Files\Xampp\htdocs\ProyectoGrado\ProyectoFinal\app\Controllers\Ventas.php(41): App\Models\VentasModel->agregarVenta(NULL, '1', '660.00', Array)
#6 C:\Program Files\Xampp\htdocs\ProyectoGrado\ProyectoFinal\system\CodeIgniter.php(934): App\Controllers\Ventas->crearVenta()
#7 C:\Program Files\Xampp\htdocs\ProyectoGrado\ProyectoFinal\system\CodeIgniter.php(499): CodeIgniter\CodeIgniter->runController(Object(App\Controllers\Ventas))
#8 C:\Program Files\Xampp\htdocs\ProyectoGrado\ProyectoFinal\system\CodeIgniter.php(368): CodeIgniter\CodeIgniter->handleRequest(NULL, Object(Config\Cache), false)
#9 C:\Program Files\Xampp\htdocs\ProyectoGrado\ProyectoFinal\public\index.php(67): CodeIgniter\CodeIgniter->run()
#10 {main}
ERROR - 2023-11-01 01:10:47 --> mysqli_sql_exception: Column 'idClientes' cannot be null in C:\Program Files\Xampp\htdocs\ProyectoGrado\ProyectoFinal\system\Database\MySQLi\Connection.php:295
Stack trace:
#0 C:\Program Files\Xampp\htdocs\ProyectoGrado\ProyectoFinal\system\Database\MySQLi\Connection.php(295): mysqli->query('INSERT INTO `Ve...', 0)
#1 C:\Program Files\Xampp\htdocs\ProyectoGrado\ProyectoFinal\system\Database\BaseConnection.php(692): CodeIgniter\Database\MySQLi\Connection->execute('INSERT INTO `Ve...')
#2 C:\Program Files\Xampp\htdocs\ProyectoGrado\ProyectoFinal\system\Database\BaseConnection.php(606): CodeIgniter\Database\BaseConnection->simpleQuery('INSERT INTO `Ve...')
#3 C:\Program Files\Xampp\htdocs\ProyectoGrado\ProyectoFinal\system\Database\BaseBuilder.php(2309): CodeIgniter\Database\BaseConnection->query('INSERT INTO `Ve...', Array, false)
#4 C:\Program Files\Xampp\htdocs\ProyectoGrado\ProyectoFinal\system\Model.php(330): CodeIgniter\Database\BaseBuilder->insert()
#5 C:\Program Files\Xampp\htdocs\ProyectoGrado\ProyectoFinal\system\BaseModel.php(782): CodeIgniter\Model->doInsert(Array)
#6 C:\Program Files\Xampp\htdocs\ProyectoGrado\ProyectoFinal\system\Model.php(730): CodeIgniter\BaseModel->insert(Array, true)
#7 C:\Program Files\Xampp\htdocs\ProyectoGrado\ProyectoFinal\app\Models\VentasModel.php(25): CodeIgniter\Model->insert(Array)
#8 C:\Program Files\Xampp\htdocs\ProyectoGrado\ProyectoFinal\app\Controllers\Ventas.php(41): App\Models\VentasModel->agregarVenta(NULL, '1', '660.00', Array)
#9 C:\Program Files\Xampp\htdocs\ProyectoGrado\ProyectoFinal\system\CodeIgniter.php(934): App\Controllers\Ventas->crearVenta()
#10 C:\Program Files\Xampp\htdocs\ProyectoGrado\ProyectoFinal\system\CodeIgniter.php(499): CodeIgniter\CodeIgniter->runController(Object(App\Controllers\Ventas))
#11 C:\Program Files\Xampp\htdocs\ProyectoGrado\ProyectoFinal\system\CodeIgniter.php(368): CodeIgniter\CodeIgniter->handleRequest(NULL, Object(Config\Cache), false)
#12 C:\Program Files\Xampp\htdocs\ProyectoGrado\ProyectoFinal\public\index.php(67): CodeIgniter\CodeIgniter->run()
#13 {main}
ERROR - 2023-11-01 01:10:47 --> mysqli_sql_exception: Cannot add or update a child row: a foreign key constraint fails (`veterinariabd`.`detalleventas`, CONSTRAINT `detalleventas_ibfk_1` FOREIGN KEY (`idVentas`) REFERENCES `ventas` (`id`)) in C:\Program Files\Xampp\htdocs\ProyectoGrado\ProyectoFinal\system\Database\MySQLi\Connection.php:295
Stack trace:
#0 C:\Program Files\Xampp\htdocs\ProyectoGrado\ProyectoFinal\system\Database\MySQLi\Connection.php(295): mysqli->query('INSERT INTO `De...', 0)
#1 C:\Program Files\Xampp\htdocs\ProyectoGrado\ProyectoFinal\system\Database\BaseConnection.php(692): CodeIgniter\Database\MySQLi\Connection->execute('INSERT INTO `De...')
#2 C:\Program Files\Xampp\htdocs\ProyectoGrado\ProyectoFinal\system\Database\BaseConnection.php(606): CodeIgniter\Database\BaseConnection->simpleQuery('INSERT INTO `De...')
#3 C:\Program Files\Xampp\htdocs\ProyectoGrado\ProyectoFinal\system\Database\BaseBuilder.php(2309): CodeIgniter\Database\BaseConnection->query('INSERT INTO `De...', Array, false)
#4 C:\Program Files\Xampp\htdocs\ProyectoGrado\ProyectoFinal\app\Models\VentasModel.php(41): CodeIgniter\Database\BaseBuilder->insert(Array)
#5 C:\Program Files\Xampp\htdocs\ProyectoGrado\ProyectoFinal\app\Controllers\Ventas.php(41): App\Models\VentasModel->agregarVenta(NULL, '1', '660.00', Array)
#6 C:\Program Files\Xampp\htdocs\ProyectoGrado\ProyectoFinal\system\CodeIgniter.php(934): App\Controllers\Ventas->crearVenta()
#7 C:\Program Files\Xampp\htdocs\ProyectoGrado\ProyectoFinal\system\CodeIgniter.php(499): CodeIgniter\CodeIgniter->runController(Object(App\Controllers\Ventas))
#8 C:\Program Files\Xampp\htdocs\ProyectoGrado\ProyectoFinal\system\CodeIgniter.php(368): CodeIgniter\CodeIgniter->handleRequest(NULL, Object(Config\Cache), false)
#9 C:\Program Files\Xampp\htdocs\ProyectoGrado\ProyectoFinal\public\index.php(67): CodeIgniter\CodeIgniter->run()
#10 {main}
ERROR - 2023-11-01 01:13:12 --> mysqli_sql_exception: Column 'idClientes' cannot be null in C:\Program Files\Xampp\htdocs\ProyectoGrado\ProyectoFinal\system\Database\MySQLi\Connection.php:295
Stack trace:
#0 C:\Program Files\Xampp\htdocs\ProyectoGrado\ProyectoFinal\system\Database\MySQLi\Connection.php(295): mysqli->query('INSERT INTO `Ve...', 0)
#1 C:\Program Files\Xampp\htdocs\ProyectoGrado\ProyectoFinal\system\Database\BaseConnection.php(692): CodeIgniter\Database\MySQLi\Connection->execute('INSERT INTO `Ve...')
#2 C:\Program Files\Xampp\htdocs\ProyectoGrado\ProyectoFinal\system\Database\BaseConnection.php(606): CodeIgniter\Database\BaseConnection->simpleQuery('INSERT INTO `Ve...')
#3 C:\Program Files\Xampp\htdocs\ProyectoGrado\ProyectoFinal\system\Database\BaseBuilder.php(2309): CodeIgniter\Database\BaseConnection->query('INSERT INTO `Ve...', Array, false)
#4 C:\Program Files\Xampp\htdocs\ProyectoGrado\ProyectoFinal\system\Model.php(330): CodeIgniter\Database\BaseBuilder->insert()
#5 C:\Program Files\Xampp\htdocs\ProyectoGrado\ProyectoFinal\system\BaseModel.php(782): CodeIgniter\Model->doInsert(Array)
#6 C:\Program Files\Xampp\htdocs\ProyectoGrado\ProyectoFinal\system\Model.php(730): CodeIgniter\BaseModel->insert(Array, true)
#7 C:\Program Files\Xampp\htdocs\ProyectoGrado\ProyectoFinal\app\Models\VentasModel.php(25): CodeIgniter\Model->insert(Array)
#8 C:\Program Files\Xampp\htdocs\ProyectoGrado\ProyectoFinal\app\Controllers\Ventas.php(41): App\Models\VentasModel->agregarVenta(NULL, '1', '21.00', Array)
#9 C:\Program Files\Xampp\htdocs\ProyectoGrado\ProyectoFinal\system\CodeIgniter.php(934): App\Controllers\Ventas->crearVenta()
#10 C:\Program Files\Xampp\htdocs\ProyectoGrado\ProyectoFinal\system\CodeIgniter.php(499): CodeIgniter\CodeIgniter->runController(Object(App\Controllers\Ventas))
#11 C:\Program Files\Xampp\htdocs\ProyectoGrado\ProyectoFinal\system\CodeIgniter.php(368): CodeIgniter\CodeIgniter->handleRequest(NULL, Object(Config\Cache), false)
#12 C:\Program Files\Xampp\htdocs\ProyectoGrado\ProyectoFinal\public\index.php(67): CodeIgniter\CodeIgniter->run()
#13 {main}
ERROR - 2023-11-01 01:13:12 --> mysqli_sql_exception: Cannot add or update a child row: a foreign key constraint fails (`veterinariabd`.`detalleventas`, CONSTRAINT `detalleventas_ibfk_1` FOREIGN KEY (`idVentas`) REFERENCES `ventas` (`id`)) in C:\Program Files\Xampp\htdocs\ProyectoGrado\ProyectoFinal\system\Database\MySQLi\Connection.php:295
Stack trace:
#0 C:\Program Files\Xampp\htdocs\ProyectoGrado\ProyectoFinal\system\Database\MySQLi\Connection.php(295): mysqli->query('INSERT INTO `De...', 0)
#1 C:\Program Files\Xampp\htdocs\ProyectoGrado\ProyectoFinal\system\Database\BaseConnection.php(692): CodeIgniter\Database\MySQLi\Connection->execute('INSERT INTO `De...')
#2 C:\Program Files\Xampp\htdocs\ProyectoGrado\ProyectoFinal\system\Database\BaseConnection.php(606): CodeIgniter\Database\BaseConnection->simpleQuery('INSERT INTO `De...')
#3 C:\Program Files\Xampp\htdocs\ProyectoGrado\ProyectoFinal\system\Database\BaseBuilder.php(2309): CodeIgniter\Database\BaseConnection->query('INSERT INTO `De...', Array, false)
#4 C:\Program Files\Xampp\htdocs\ProyectoGrado\ProyectoFinal\app\Models\VentasModel.php(41): CodeIgniter\Database\BaseBuilder->insert(Array)
#5 C:\Program Files\Xampp\htdocs\ProyectoGrado\ProyectoFinal\app\Controllers\Ventas.php(41): App\Models\VentasModel->agregarVenta(NULL, '1', '21.00', Array)
#6 C:\Program Files\Xampp\htdocs\ProyectoGrado\ProyectoFinal\system\CodeIgniter.php(934): App\Controllers\Ventas->crearVenta()
#7 C:\Program Files\Xampp\htdocs\ProyectoGrado\ProyectoFinal\system\CodeIgniter.php(499): CodeIgniter\CodeIgniter->runController(Object(App\Controllers\Ventas))
#8 C:\Program Files\Xampp\htdocs\ProyectoGrado\ProyectoFinal\system\CodeIgniter.php(368): CodeIgniter\CodeIgniter->handleRequest(NULL, Object(Config\Cache), false)
#9 C:\Program Files\Xampp\htdocs\ProyectoGrado\ProyectoFinal\public\index.php(67): CodeIgniter\CodeIgniter->run()
#10 {main}
ERROR - 2023-11-01 02:22:06 --> mysqli_sql_exception: Column 'idClientes' cannot be null in C:\Program Files\Xampp\htdocs\ProyectoGrado\ProyectoFinal\system\Database\MySQLi\Connection.php:295
Stack trace:
#0 C:\Program Files\Xampp\htdocs\ProyectoGrado\ProyectoFinal\system\Database\MySQLi\Connection.php(295): mysqli->query('INSERT INTO `Ve...', 0)
#1 C:\Program Files\Xampp\htdocs\ProyectoGrado\ProyectoFinal\system\Database\BaseConnection.php(692): CodeIgniter\Database\MySQLi\Connection->execute('INSERT INTO `Ve...')
#2 C:\Program Files\Xampp\htdocs\ProyectoGrado\ProyectoFinal\system\Database\BaseConnection.php(606): CodeIgniter\Database\BaseConnection->simpleQuery('INSERT INTO `Ve...')
#3 C:\Program Files\Xampp\htdocs\ProyectoGrado\ProyectoFinal\system\Database\BaseBuilder.php(2309): CodeIgniter\Database\BaseConnection->query('INSERT INTO `Ve...', Array, false)
#4 C:\Program Files\Xampp\htdocs\ProyectoGrado\ProyectoFinal\system\Model.php(330): CodeIgniter\Database\BaseBuilder->insert()
#5 C:\Program Files\Xampp\htdocs\ProyectoGrado\ProyectoFinal\system\BaseModel.php(782): CodeIgniter\Model->doInsert(Array)
#6 C:\Program Files\Xampp\htdocs\ProyectoGrado\ProyectoFinal\system\Model.php(730): CodeIgniter\BaseModel->insert(Array, true)
#7 C:\Program Files\Xampp\htdocs\ProyectoGrado\ProyectoFinal\app\Models\VentasModel.php(25): CodeIgniter\Model->insert(Array)
#8 C:\Program Files\Xampp\htdocs\ProyectoGrado\ProyectoFinal\app\Controllers\Ventas.php(41): App\Models\VentasModel->agregarVenta(NULL, '1', '660.00', Array)
#9 C:\Program Files\Xampp\htdocs\ProyectoGrado\ProyectoFinal\system\CodeIgniter.php(934): App\Controllers\Ventas->crearVenta()
#10 C:\Program Files\Xampp\htdocs\ProyectoGrado\ProyectoFinal\system\CodeIgniter.php(499): CodeIgniter\CodeIgniter->runController(Object(App\Controllers\Ventas))
#11 C:\Program Files\Xampp\htdocs\ProyectoGrado\ProyectoFinal\system\CodeIgniter.php(368): CodeIgniter\CodeIgniter->handleRequest(NULL, Object(Config\Cache), false)
#12 C:\Program Files\Xampp\htdocs\ProyectoGrado\ProyectoFinal\public\index.php(67): CodeIgniter\CodeIgniter->run()
#13 {main}
ERROR - 2023-11-01 02:22:06 --> mysqli_sql_exception: Cannot add or update a child row: a foreign key constraint fails (`veterinariabd`.`detalleventas`, CONSTRAINT `detalleventas_ibfk_1` FOREIGN KEY (`idVentas`) REFERENCES `ventas` (`id`)) in C:\Program Files\Xampp\htdocs\ProyectoGrado\ProyectoFinal\system\Database\MySQLi\Connection.php:295
Stack trace:
#0 C:\Program Files\Xampp\htdocs\ProyectoGrado\ProyectoFinal\system\Database\MySQLi\Connection.php(295): mysqli->query('INSERT INTO `De...', 0)
#1 C:\Program Files\Xampp\htdocs\ProyectoGrado\ProyectoFinal\system\Database\BaseConnection.php(692): CodeIgniter\Database\MySQLi\Connection->execute('INSERT INTO `De...')
#2 C:\Program Files\Xampp\htdocs\ProyectoGrado\ProyectoFinal\system\Database\BaseConnection.php(606): CodeIgniter\Database\BaseConnection->simpleQuery('INSERT INTO `De...')
#3 C:\Program Files\Xampp\htdocs\ProyectoGrado\ProyectoFinal\system\Database\BaseBuilder.php(2309): CodeIgniter\Database\BaseConnection->query('INSERT INTO `De...', Array, false)
#4 C:\Program Files\Xampp\htdocs\ProyectoGrado\ProyectoFinal\app\Models\VentasModel.php(41): CodeIgniter\Database\BaseBuilder->insert(Array)
#5 C:\Program Files\Xampp\htdocs\ProyectoGrado\ProyectoFinal\app\Controllers\Ventas.php(41): App\Models\VentasModel->agregarVenta(NULL, '1', '660.00', Array)
#6 C:\Program Files\Xampp\htdocs\ProyectoGrado\ProyectoFinal\system\CodeIgniter.php(934): App\Controllers\Ventas->crearVenta()
#7 C:\Program Files\Xampp\htdocs\ProyectoGrado\ProyectoFinal\system\CodeIgniter.php(499): CodeIgniter\CodeIgniter->runController(Object(App\Controllers\Ventas))
#8 C:\Program Files\Xampp\htdocs\ProyectoGrado\ProyectoFinal\system\CodeIgniter.php(368): CodeIgniter\CodeIgniter->handleRequest(NULL, Object(Config\Cache), false)
#9 C:\Program Files\Xampp\htdocs\ProyectoGrado\ProyectoFinal\public\index.php(67): CodeIgniter\CodeIgniter->run()
#10 {main}
CRITICAL - 2023-11-01 02:32:57 --> Attempt to read property "nombre" on array
in APPPATH\Controllers\Ventas.php on line 36.
 1 APPPATH\Controllers\Ventas.php(36): CodeIgniter\Debug\Exceptions->errorHandler(2, 'Attempt to read property "nombre" on array', 'C:\\Program Files\\Xampp\\htdocs\\ProyectoGrado\\ProyectoFinal\\app\\Controllers\\Ventas.php', 36)
 2 SYSTEMPATH\CodeIgniter.php(934): App\Controllers\Ventas->crearVenta()
 3 SYSTEMPATH\CodeIgniter.php(499): CodeIgniter\CodeIgniter->runController(Object(App\Controllers\Ventas))
 4 SYSTEMPATH\CodeIgniter.php(368): CodeIgniter\CodeIgniter->handleRequest(null, Object(Config\Cache), false)
 5 FCPATH\index.php(67): CodeIgniter\CodeIgniter->run()
ERROR - 2023-11-01 02:42:42 --> mysqli_sql_exception: Column 'idClientes' cannot be null in C:\Program Files\Xampp\htdocs\ProyectoGrado\ProyectoFinal\system\Database\MySQLi\Connection.php:295
Stack trace:
#0 C:\Program Files\Xampp\htdocs\ProyectoGrado\ProyectoFinal\system\Database\MySQLi\Connection.php(295): mysqli->query('INSERT INTO `Ve...', 0)
#1 C:\Program Files\Xampp\htdocs\ProyectoGrado\ProyectoFinal\system\Database\BaseConnection.php(692): CodeIgniter\Database\MySQLi\Connection->execute('INSERT INTO `Ve...')
#2 C:\Program Files\Xampp\htdocs\ProyectoGrado\ProyectoFinal\system\Database\BaseConnection.php(606): CodeIgniter\Database\BaseConnection->simpleQuery('INSERT INTO `Ve...')
#3 C:\Program Files\Xampp\htdocs\ProyectoGrado\ProyectoFinal\system\Database\BaseBuilder.php(2309): CodeIgniter\Database\BaseConnection->query('INSERT INTO `Ve...', Array, false)
#4 C:\Program Files\Xampp\htdocs\ProyectoGrado\ProyectoFinal\system\Model.php(330): CodeIgniter\Database\BaseBuilder->insert()
#5 C:\Program Files\Xampp\htdocs\ProyectoGrado\ProyectoFinal\system\BaseModel.php(782): CodeIgniter\Model->doInsert(Array)
#6 C:\Program Files\Xampp\htdocs\ProyectoGrado\ProyectoFinal\system\Model.php(730): CodeIgniter\BaseModel->insert(Array, true)
#7 C:\Program Files\Xampp\htdocs\ProyectoGrado\ProyectoFinal\app\Models\VentasModel.php(25): CodeIgniter\Model->insert(Array)
#8 C:\Program Files\Xampp\htdocs\ProyectoGrado\ProyectoFinal\app\Controllers\Ventas.php(41): App\Models\VentasModel->agregarVenta(NULL, '1', '21.00', Array)
#9 C:\Program Files\Xampp\htdocs\ProyectoGrado\ProyectoFinal\system\CodeIgniter.php(934): App\Controllers\Ventas->crearVenta()
#10 C:\Program Files\Xampp\htdocs\ProyectoGrado\ProyectoFinal\system\CodeIgniter.php(499): CodeIgniter\CodeIgniter->runController(Object(App\Controllers\Ventas))
#11 C:\Program Files\Xampp\htdocs\ProyectoGrado\ProyectoFinal\system\CodeIgniter.php(368): CodeIgniter\CodeIgniter->handleRequest(NULL, Object(Config\Cache), false)
#12 C:\Program Files\Xampp\htdocs\ProyectoGrado\ProyectoFinal\public\index.php(67): CodeIgniter\CodeIgniter->run()
#13 {main}
ERROR - 2023-11-01 02:44:50 --> mysqli_sql_exception: Column 'idClientes' cannot be null in C:\Program Files\Xampp\htdocs\ProyectoGrado\ProyectoFinal\system\Database\MySQLi\Connection.php:295
Stack trace:
#0 C:\Program Files\Xampp\htdocs\ProyectoGrado\ProyectoFinal\system\Database\MySQLi\Connection.php(295): mysqli->query('INSERT INTO `Ve...', 0)
#1 C:\Program Files\Xampp\htdocs\ProyectoGrado\ProyectoFinal\system\Database\BaseConnection.php(692): CodeIgniter\Database\MySQLi\Connection->execute('INSERT INTO `Ve...')
#2 C:\Program Files\Xampp\htdocs\ProyectoGrado\ProyectoFinal\system\Database\BaseConnection.php(606): CodeIgniter\Database\BaseConnection->simpleQuery('INSERT INTO `Ve...')
#3 C:\Program Files\Xampp\htdocs\ProyectoGrado\ProyectoFinal\system\Database\BaseBuilder.php(2309): CodeIgniter\Database\BaseConnection->query('INSERT INTO `Ve...', Array, false)
#4 C:\Program Files\Xampp\htdocs\ProyectoGrado\ProyectoFinal\system\Model.php(330): CodeIgniter\Database\BaseBuilder->insert()
#5 C:\Program Files\Xampp\htdocs\ProyectoGrado\ProyectoFinal\system\BaseModel.php(782): CodeIgniter\Model->doInsert(Array)
#6 C:\Program Files\Xampp\htdocs\ProyectoGrado\ProyectoFinal\system\Model.php(730): CodeIgniter\BaseModel->insert(Array, true)
#7 C:\Program Files\Xampp\htdocs\ProyectoGrado\ProyectoFinal\app\Models\VentasModel.php(25): CodeIgniter\Model->insert(Array)
#8 C:\Program Files\Xampp\htdocs\ProyectoGrado\ProyectoFinal\app\Controllers\Ventas.php(41): App\Models\VentasModel->agregarVenta(NULL, '1', '45.00', Array)
#9 C:\Program Files\Xampp\htdocs\ProyectoGrado\ProyectoFinal\system\CodeIgniter.php(934): App\Controllers\Ventas->crearVenta()
#10 C:\Program Files\Xampp\htdocs\ProyectoGrado\ProyectoFinal\system\CodeIgniter.php(499): CodeIgniter\CodeIgniter->runController(Object(App\Controllers\Ventas))
#11 C:\Program Files\Xampp\htdocs\ProyectoGrado\ProyectoFinal\system\CodeIgniter.php(368): CodeIgniter\CodeIgniter->handleRequest(NULL, Object(Config\Cache), false)
#12 C:\Program Files\Xampp\htdocs\ProyectoGrado\ProyectoFinal\public\index.php(67): CodeIgniter\CodeIgniter->run()
#13 {main}
ERROR - 2023-11-01 05:36:08 --> mysqli_sql_exception: Column 'fechaRegistro' cannot be null in C:\Program Files\Xampp\htdocs\ProyectoGrado\ProyectoFinal\system\Database\MySQLi\Connection.php:295
Stack trace:
#0 C:\Program Files\Xampp\htdocs\ProyectoGrado\ProyectoFinal\system\Database\MySQLi\Connection.php(295): mysqli->query('INSERT INTO `us...', 0)
#1 C:\Program Files\Xampp\htdocs\ProyectoGrado\ProyectoFinal\system\Database\BaseConnection.php(692): CodeIgniter\Database\MySQLi\Connection->execute('INSERT INTO `us...')
#2 C:\Program Files\Xampp\htdocs\ProyectoGrado\ProyectoFinal\system\Database\BaseConnection.php(606): CodeIgniter\Database\BaseConnection->simpleQuery('INSERT INTO `us...')
#3 C:\Program Files\Xampp\htdocs\ProyectoGrado\ProyectoFinal\system\Database\BaseBuilder.php(2309): CodeIgniter\Database\BaseConnection->query('INSERT INTO `us...', Array, false)
#4 C:\Program Files\Xampp\htdocs\ProyectoGrado\ProyectoFinal\system\Model.php(330): CodeIgniter\Database\BaseBuilder->insert()
#5 C:\Program Files\Xampp\htdocs\ProyectoGrado\ProyectoFinal\system\BaseModel.php(782): CodeIgniter\Model->doInsert(Array)
#6 C:\Program Files\Xampp\htdocs\ProyectoGrado\ProyectoFinal\system\Model.php(730): CodeIgniter\BaseModel->insert(Array, false)
#7 C:\Program Files\Xampp\htdocs\ProyectoGrado\ProyectoFinal\system\BaseModel.php(692): CodeIgniter\Model->insert(Array, false)
#8 C:\Program Files\Xampp\htdocs\ProyectoGrado\ProyectoFinal\app\Controllers\Usuarios.php(66): CodeIgniter\BaseModel->save(Array)
#9 C:\Program Files\Xampp\htdocs\ProyectoGrado\ProyectoFinal\system\CodeIgniter.php(934): App\Controllers\Usuarios->registro()
#10 C:\Program Files\Xampp\htdocs\ProyectoGrado\ProyectoFinal\system\CodeIgniter.php(499): CodeIgniter\CodeIgniter->runController(Object(App\Controllers\Usuarios))
#11 C:\Program Files\Xampp\htdocs\ProyectoGrado\ProyectoFinal\system\CodeIgniter.php(368): CodeIgniter\CodeIgniter->handleRequest(NULL, Object(Config\Cache), false)
#12 C:\Program Files\Xampp\htdocs\ProyectoGrado\ProyectoFinal\public\index.php(67): CodeIgniter\CodeIgniter->run()
#13 {main}
CRITICAL - 2023-11-01 05:36:08 --> Column 'fechaRegistro' cannot be null
in SYSTEMPATH\Database\MySQLi\Connection.php on line 295.
 1 SYSTEMPATH\Database\MySQLi\Connection.php(295): mysqli->query('INSERT INTO `usuarios` (`nombre_usuario`, `correo_electronico`, `whatsapp`, `contrasena`, `tipo_usuario`, `fechaRegistro`, `codigo_verificacion`, `estado`) VALUES (\'raul\', \'lijove1351@undewp.com\', \'85421394\', \'$2y$10$4e.bTSoG1t6/9j0nPVQaE.fyvrfUt33W/kWxinw1WqLgh14wLL1XW\', \'empleado\', NULL, 16422047, 0)', 0)
 2 SYSTEMPATH\Database\BaseConnection.php(692): CodeIgniter\Database\MySQLi\Connection->execute('INSERT INTO `usuarios` (`nombre_usuario`, `correo_electronico`, `whatsapp`, `contrasena`, `tipo_usuario`, `fechaRegistro`, `codigo_verificacion`, `estado`) VALUES (\'raul\', \'lijove1351@undewp.com\', \'85421394\', \'$2y$10$4e.bTSoG1t6/9j0nPVQaE.fyvrfUt33W/kWxinw1WqLgh14wLL1XW\', \'empleado\', NULL, 16422047, 0)')
 3 SYSTEMPATH\Database\BaseConnection.php(606): CodeIgniter\Database\BaseConnection->simpleQuery('INSERT INTO `usuarios` (`nombre_usuario`, `correo_electronico`, `whatsapp`, `contrasena`, `tipo_usuario`, `fechaRegistro`, `codigo_verificacion`, `estado`) VALUES (\'raul\', \'lijove1351@undewp.com\', \'85421394\', \'$2y$10$4e.bTSoG1t6/9j0nPVQaE.fyvrfUt33W/kWxinw1WqLgh14wLL1XW\', \'empleado\', NULL, 16422047, 0)')
 4 SYSTEMPATH\Database\BaseBuilder.php(2309): CodeIgniter\Database\BaseConnection->query('INSERT INTO `usuarios` (`nombre_usuario`, `correo_electronico`, `whatsapp`, `contrasena`, `tipo_usuario`, `fechaRegistro`, `codigo_verificacion`, `estado`) VALUES (:nombre_usuario:, :correo_electronico:, :whatsapp:, :contrasena:, :tipo_usuario:, :fechaRegistro:, :codigo_verificacion:, :estado:)', [...], false)
 5 SYSTEMPATH\Model.php(330): CodeIgniter\Database\BaseBuilder->insert()
 6 SYSTEMPATH\BaseModel.php(782): CodeIgniter\Model->doInsert([...])
 7 SYSTEMPATH\Model.php(730): CodeIgniter\BaseModel->insert([...], false)
 8 SYSTEMPATH\BaseModel.php(692): CodeIgniter\Model->insert([...], false)
 9 APPPATH\Controllers\Usuarios.php(66): CodeIgniter\BaseModel->save([...])
10 SYSTEMPATH\CodeIgniter.php(934): App\Controllers\Usuarios->registro()
11 SYSTEMPATH\CodeIgniter.php(499): CodeIgniter\CodeIgniter->runController(Object(App\Controllers\Usuarios))
12 SYSTEMPATH\CodeIgniter.php(368): CodeIgniter\CodeIgniter->handleRequest(null, Object(Config\Cache), false)
13 FCPATH\index.php(67): CodeIgniter\CodeIgniter->run()
