ERROR - 2023-11-03 00:29:36 --> Error connecting to the database: mysqli_sql_exception: Access denied for user 'root'@'localhost' (using password: YES) in C:\Program Files\Xampp\htdocs\ProyectoGrado\ProyectoFinal\system\Database\MySQLi\Connection.php:173
Stack trace:
#0 C:\Program Files\Xampp\htdocs\ProyectoGrado\ProyectoFinal\system\Database\MySQLi\Connection.php(173): mysqli->real_connect('localhost', 'root', Object(SensitiveParameterValue), 'veterinariabd', 3306, '', 0)
#1 C:\Program Files\Xampp\htdocs\ProyectoGrado\ProyectoFinal\system\Database\BaseConnection.php(391): CodeIgniter\Database\MySQLi\Connection->connect(false)
#2 C:\Program Files\Xampp\htdocs\ProyectoGrado\ProyectoFinal\system\Database\BaseConnection.php(574): CodeIgniter\Database\BaseConnection->initialize()
#3 C:\Program Files\Xampp\htdocs\ProyectoGrado\ProyectoFinal\system\Database\BaseBuilder.php(1616): CodeIgniter\Database\BaseConnection->query('SELECT *\nFROM `...', Array, false)
#4 C:\Program Files\Xampp\htdocs\ProyectoGrado\ProyectoFinal\system\Model.php(241): CodeIgniter\Database\BaseBuilder->get()
#5 C:\Program Files\Xampp\htdocs\ProyectoGrado\ProyectoFinal\system\BaseModel.php(618): CodeIgniter\Model->doFindAll(0, 0)
#6 C:\Program Files\Xampp\htdocs\ProyectoGrado\ProyectoFinal\app\Controllers\Clientes.php(12): CodeIgniter\BaseModel->findAll()
#7 C:\Program Files\Xampp\htdocs\ProyectoGrado\ProyectoFinal\system\CodeIgniter.php(934): App\Controllers\Clientes->listar()
#8 C:\Program Files\Xampp\htdocs\ProyectoGrado\ProyectoFinal\system\CodeIgniter.php(499): CodeIgniter\CodeIgniter->runController(Object(App\Controllers\Clientes))
#9 C:\Program Files\Xampp\htdocs\ProyectoGrado\ProyectoFinal\system\CodeIgniter.php(368): CodeIgniter\CodeIgniter->handleRequest(NULL, Object(Config\Cache), false)
#10 C:\Program Files\Xampp\htdocs\ProyectoGrado\ProyectoFinal\public\index.php(67): CodeIgniter\CodeIgniter->run()
#11 {main}

Next CodeIgniter\Database\Exceptions\DatabaseException: Access denied for user '****'@'localhost' (using password: YES) in C:\Program Files\Xampp\htdocs\ProyectoGrado\ProyectoFinal\system\Database\MySQLi\Connection.php:218
Stack trace:
#0 C:\Program Files\Xampp\htdocs\ProyectoGrado\ProyectoFinal\system\Database\BaseConnection.php(391): CodeIgniter\Database\MySQLi\Connection->connect(false)
#1 C:\Program Files\Xampp\htdocs\ProyectoGrado\ProyectoFinal\system\Database\BaseConnection.php(574): CodeIgniter\Database\BaseConnection->initialize()
#2 C:\Program Files\Xampp\htdocs\ProyectoGrado\ProyectoFinal\system\Database\BaseBuilder.php(1616): CodeIgniter\Database\BaseConnection->query('SELECT *\nFROM `...', Array, false)
#3 C:\Program Files\Xampp\htdocs\ProyectoGrado\ProyectoFinal\system\Model.php(241): CodeIgniter\Database\BaseBuilder->get()
#4 C:\Program Files\Xampp\htdocs\ProyectoGrado\ProyectoFinal\system\BaseModel.php(618): CodeIgniter\Model->doFindAll(0, 0)
#5 C:\Program Files\Xampp\htdocs\ProyectoGrado\ProyectoFinal\app\Controllers\Clientes.php(12): CodeIgniter\BaseModel->findAll()
#6 C:\Program Files\Xampp\htdocs\ProyectoGrado\ProyectoFinal\system\CodeIgniter.php(934): App\Controllers\Clientes->listar()
#7 C:\Program Files\Xampp\htdocs\ProyectoGrado\ProyectoFinal\system\CodeIgniter.php(499): CodeIgniter\CodeIgniter->runController(Object(App\Controllers\Clientes))
#8 C:\Program Files\Xampp\htdocs\ProyectoGrado\ProyectoFinal\system\CodeIgniter.php(368): CodeIgniter\CodeIgniter->handleRequest(NULL, Object(Config\Cache), false)
#9 C:\Program Files\Xampp\htdocs\ProyectoGrado\ProyectoFinal\public\index.php(67): CodeIgniter\CodeIgniter->run()
#10 {main}
CRITICAL - 2023-11-03 00:29:36 --> Unable to connect to the database.
Main connection [MySQLi]: Access denied for user '****'@'localhost' (using password: YES)
in SYSTEMPATH\Database\BaseConnection.php on line 427.
 1 SYSTEMPATH\Database\BaseConnection.php(574): CodeIgniter\Database\BaseConnection->initialize()
 2 SYSTEMPATH\Database\BaseBuilder.php(1616): CodeIgniter\Database\BaseConnection->query('SELECT *
FROM `Clientes`', [], false)
 3 SYSTEMPATH\Model.php(241): CodeIgniter\Database\BaseBuilder->get()
 4 SYSTEMPATH\BaseModel.php(618): CodeIgniter\Model->doFindAll(0, 0)
 5 APPPATH\Controllers\Clientes.php(12): CodeIgniter\BaseModel->findAll()
 6 SYSTEMPATH\CodeIgniter.php(934): App\Controllers\Clientes->listar()
 7 SYSTEMPATH\CodeIgniter.php(499): CodeIgniter\CodeIgniter->runController(Object(App\Controllers\Clientes))
 8 SYSTEMPATH\CodeIgniter.php(368): CodeIgniter\CodeIgniter->handleRequest(null, Object(Config\Cache), false)
 9 FCPATH\index.php(67): CodeIgniter\CodeIgniter->run()
CRITICAL - 2023-11-03 16:12:41 --> Undefined array key "precio"
in APPPATH\Controllers\Ventas.php on line 94.
 1 APPPATH\Controllers\Ventas.php(94): CodeIgniter\Debug\Exceptions->errorHandler(2, 'Undefined array key "precio"', 'C:\\Program Files\\Xampp\\htdocs\\ProyectoGrado\\ProyectoFinal\\app\\Controllers\\Ventas.php', 94)
 2 SYSTEMPATH\CodeIgniter.php(934): App\Controllers\Ventas->generarComprobante('5')
 3 SYSTEMPATH\CodeIgniter.php(499): CodeIgniter\CodeIgniter->runController(Object(App\Controllers\Ventas))
 4 SYSTEMPATH\CodeIgniter.php(368): CodeIgniter\CodeIgniter->handleRequest(null, Object(Config\Cache), false)
 5 FCPATH\index.php(67): CodeIgniter\CodeIgniter->run()
CRITICAL - 2023-11-03 16:13:44 --> Undefined array key "totalVenta"
in APPPATH\Controllers\Ventas.php on line 99.
 1 APPPATH\Controllers\Ventas.php(99): CodeIgniter\Debug\Exceptions->errorHandler(2, 'Undefined array key "totalVenta"', 'C:\\Program Files\\Xampp\\htdocs\\ProyectoGrado\\ProyectoFinal\\app\\Controllers\\Ventas.php', 99)
 2 SYSTEMPATH\CodeIgniter.php(934): App\Controllers\Ventas->generarComprobante('5')
 3 SYSTEMPATH\CodeIgniter.php(499): CodeIgniter\CodeIgniter->runController(Object(App\Controllers\Ventas))
 4 SYSTEMPATH\CodeIgniter.php(368): CodeIgniter\CodeIgniter->handleRequest(null, Object(Config\Cache), false)
 5 FCPATH\index.php(67): CodeIgniter\CodeIgniter->run()
ERROR - 2023-11-03 16:24:21 --> mysqli_sql_exception: Unknown column 'ventas.idUsuario' in 'on clause' in C:\Program Files\Xampp\htdocs\ProyectoGrado\ProyectoFinal\system\Database\MySQLi\Connection.php:295
Stack trace:
#0 C:\Program Files\Xampp\htdocs\ProyectoGrado\ProyectoFinal\system\Database\MySQLi\Connection.php(295): mysqli->query('SELECT `ventas`...', 0)
#1 C:\Program Files\Xampp\htdocs\ProyectoGrado\ProyectoFinal\system\Database\BaseConnection.php(692): CodeIgniter\Database\MySQLi\Connection->execute('SELECT `ventas`...')
#2 C:\Program Files\Xampp\htdocs\ProyectoGrado\ProyectoFinal\system\Database\BaseConnection.php(606): CodeIgniter\Database\BaseConnection->simpleQuery('SELECT `ventas`...')
#3 C:\Program Files\Xampp\htdocs\ProyectoGrado\ProyectoFinal\system\Database\BaseBuilder.php(1616): CodeIgniter\Database\BaseConnection->query('SELECT `ventas`...', Array, false)
#4 C:\Program Files\Xampp\htdocs\ProyectoGrado\ProyectoFinal\app\Controllers\Ventas.php(110): CodeIgniter\Database\BaseBuilder->get()
#5 C:\Program Files\Xampp\htdocs\ProyectoGrado\ProyectoFinal\system\CodeIgniter.php(934): App\Controllers\Ventas->generarComprobante('5')
#6 C:\Program Files\Xampp\htdocs\ProyectoGrado\ProyectoFinal\system\CodeIgniter.php(499): CodeIgniter\CodeIgniter->runController(Object(App\Controllers\Ventas))
#7 C:\Program Files\Xampp\htdocs\ProyectoGrado\ProyectoFinal\system\CodeIgniter.php(368): CodeIgniter\CodeIgniter->handleRequest(NULL, Object(Config\Cache), false)
#8 C:\Program Files\Xampp\htdocs\ProyectoGrado\ProyectoFinal\public\index.php(67): CodeIgniter\CodeIgniter->run()
#9 {main}
CRITICAL - 2023-11-03 16:24:21 --> Unknown column 'ventas.idUsuario' in 'on clause'
in SYSTEMPATH\Database\MySQLi\Connection.php on line 295.
 1 SYSTEMPATH\Database\MySQLi\Connection.php(295): mysqli->query('SELECT `ventas`.`id`, `clientes`.`ciNit`, `clientes`.`razonSocial`, `detalleventas`.`cantidadV`, `detalleventas`.`nombre`, `detalleventas`.`precioUnitario`, `ventas`.`total`, `usuarios`.`nombre_Usuario`
FROM `detalleventas`
JOIN `ventas` ON `ventas`.`id` = `detalleventas`.`idVenta`
JOIN `productos` ON `productos`.`id` = `detalleventas`.`idProducto`
JOIN `clientes` ON `clientes`.`id` = `ventas`.`idCliente`
JOIN `usuarios` ON `usuarios`.`id` = `ventas`.`idUsuario`
WHERE `ventas`.`id` = \'8\'', 0)
 2 SYSTEMPATH\Database\BaseConnection.php(692): CodeIgniter\Database\MySQLi\Connection->execute('SELECT `ventas`.`id`, `clientes`.`ciNit`, `clientes`.`razonSocial`, `detalleventas`.`cantidadV`, `detalleventas`.`nombre`, `detalleventas`.`precioUnitario`, `ventas`.`total`, `usuarios`.`nombre_Usuario`
FROM `detalleventas`
JOIN `ventas` ON `ventas`.`id` = `detalleventas`.`idVenta`
JOIN `productos` ON `productos`.`id` = `detalleventas`.`idProducto`
JOIN `clientes` ON `clientes`.`id` = `ventas`.`idCliente`
JOIN `usuarios` ON `usuarios`.`id` = `ventas`.`idUsuario`
WHERE `ventas`.`id` = \'8\'')
 3 SYSTEMPATH\Database\BaseConnection.php(606): CodeIgniter\Database\BaseConnection->simpleQuery('SELECT `ventas`.`id`, `clientes`.`ciNit`, `clientes`.`razonSocial`, `detalleventas`.`cantidadV`, `detalleventas`.`nombre`, `detalleventas`.`precioUnitario`, `ventas`.`total`, `usuarios`.`nombre_Usuario`
FROM `detalleventas`
JOIN `ventas` ON `ventas`.`id` = `detalleventas`.`idVenta`
JOIN `productos` ON `productos`.`id` = `detalleventas`.`idProducto`
JOIN `clientes` ON `clientes`.`id` = `ventas`.`idCliente`
JOIN `usuarios` ON `usuarios`.`id` = `ventas`.`idUsuario`
WHERE `ventas`.`id` = \'8\'')
 4 SYSTEMPATH\Database\BaseBuilder.php(1616): CodeIgniter\Database\BaseConnection->query('SELECT `ventas`.`id`, `clientes`.`ciNit`, `clientes`.`razonSocial`, `detalleventas`.`cantidadV`, `detalleventas`.`nombre`, `detalleventas`.`precioUnitario`, `ventas`.`total`, `usuarios`.`nombre_Usuario`
FROM `detalleventas`
JOIN `ventas` ON `ventas`.`id` = `detalleventas`.`idVenta`
JOIN `productos` ON `productos`.`id` = `detalleventas`.`idProducto`
JOIN `clientes` ON `clientes`.`id` = `ventas`.`idCliente`
JOIN `usuarios` ON `usuarios`.`id` = `ventas`.`idUsuario`
WHERE `ventas`.`id` = :ventas.id:', [...], false)
 5 APPPATH\Controllers\Ventas.php(110): CodeIgniter\Database\BaseBuilder->get()
 6 SYSTEMPATH\CodeIgniter.php(934): App\Controllers\Ventas->generarComprobante('5')
 7 SYSTEMPATH\CodeIgniter.php(499): CodeIgniter\CodeIgniter->runController(Object(App\Controllers\Ventas))
 8 SYSTEMPATH\CodeIgniter.php(368): CodeIgniter\CodeIgniter->handleRequest(null, Object(Config\Cache), false)
 9 FCPATH\index.php(67): CodeIgniter\CodeIgniter->run()
ERROR - 2023-11-03 16:25:47 --> mysqli_sql_exception: Unknown column 'detalleventas.idProducto' in 'on clause' in C:\Program Files\Xampp\htdocs\ProyectoGrado\ProyectoFinal\system\Database\MySQLi\Connection.php:295
Stack trace:
#0 C:\Program Files\Xampp\htdocs\ProyectoGrado\ProyectoFinal\system\Database\MySQLi\Connection.php(295): mysqli->query('SELECT `ventas`...', 0)
#1 C:\Program Files\Xampp\htdocs\ProyectoGrado\ProyectoFinal\system\Database\BaseConnection.php(692): CodeIgniter\Database\MySQLi\Connection->execute('SELECT `ventas`...')
#2 C:\Program Files\Xampp\htdocs\ProyectoGrado\ProyectoFinal\system\Database\BaseConnection.php(606): CodeIgniter\Database\BaseConnection->simpleQuery('SELECT `ventas`...')
#3 C:\Program Files\Xampp\htdocs\ProyectoGrado\ProyectoFinal\system\Database\BaseBuilder.php(1616): CodeIgniter\Database\BaseConnection->query('SELECT `ventas`...', Array, false)
#4 C:\Program Files\Xampp\htdocs\ProyectoGrado\ProyectoFinal\app\Controllers\Ventas.php(110): CodeIgniter\Database\BaseBuilder->get()
#5 C:\Program Files\Xampp\htdocs\ProyectoGrado\ProyectoFinal\system\CodeIgniter.php(934): App\Controllers\Ventas->generarComprobante('5')
#6 C:\Program Files\Xampp\htdocs\ProyectoGrado\ProyectoFinal\system\CodeIgniter.php(499): CodeIgniter\CodeIgniter->runController(Object(App\Controllers\Ventas))
#7 C:\Program Files\Xampp\htdocs\ProyectoGrado\ProyectoFinal\system\CodeIgniter.php(368): CodeIgniter\CodeIgniter->handleRequest(NULL, Object(Config\Cache), false)
#8 C:\Program Files\Xampp\htdocs\ProyectoGrado\ProyectoFinal\public\index.php(67): CodeIgniter\CodeIgniter->run()
#9 {main}
CRITICAL - 2023-11-03 16:25:47 --> Unknown column 'detalleventas.idProducto' in 'on clause'
in SYSTEMPATH\Database\MySQLi\Connection.php on line 295.
 1 SYSTEMPATH\Database\MySQLi\Connection.php(295): mysqli->query('SELECT `ventas`.`id`, `clientes`.`ciNit`, `clientes`.`razonSocial`, `detalleventas`.`cantidadV`, `detalleventas`.`nombre`, `detalleventas`.`precioUnitario`, `ventas`.`total`, `usuarios`.`nombre_Usuario`
FROM `detalleventas`
JOIN `ventas` ON `ventas`.`id` = `detalleventas`.`idVenta`
JOIN `productos` ON `productos`.`id` = `detalleventas`.`idProducto`
JOIN `clientes` ON `clientes`.`id` = `ventas`.`idClientes`
JOIN `usuarios` ON `usuarios`.`id` = `ventas`.`idUsuarios`
WHERE `ventas`.`id` = \'8\'', 0)
 2 SYSTEMPATH\Database\BaseConnection.php(692): CodeIgniter\Database\MySQLi\Connection->execute('SELECT `ventas`.`id`, `clientes`.`ciNit`, `clientes`.`razonSocial`, `detalleventas`.`cantidadV`, `detalleventas`.`nombre`, `detalleventas`.`precioUnitario`, `ventas`.`total`, `usuarios`.`nombre_Usuario`
FROM `detalleventas`
JOIN `ventas` ON `ventas`.`id` = `detalleventas`.`idVenta`
JOIN `productos` ON `productos`.`id` = `detalleventas`.`idProducto`
JOIN `clientes` ON `clientes`.`id` = `ventas`.`idClientes`
JOIN `usuarios` ON `usuarios`.`id` = `ventas`.`idUsuarios`
WHERE `ventas`.`id` = \'8\'')
 3 SYSTEMPATH\Database\BaseConnection.php(606): CodeIgniter\Database\BaseConnection->simpleQuery('SELECT `ventas`.`id`, `clientes`.`ciNit`, `clientes`.`razonSocial`, `detalleventas`.`cantidadV`, `detalleventas`.`nombre`, `detalleventas`.`precioUnitario`, `ventas`.`total`, `usuarios`.`nombre_Usuario`
FROM `detalleventas`
JOIN `ventas` ON `ventas`.`id` = `detalleventas`.`idVenta`
JOIN `productos` ON `productos`.`id` = `detalleventas`.`idProducto`
JOIN `clientes` ON `clientes`.`id` = `ventas`.`idClientes`
JOIN `usuarios` ON `usuarios`.`id` = `ventas`.`idUsuarios`
WHERE `ventas`.`id` = \'8\'')
 4 SYSTEMPATH\Database\BaseBuilder.php(1616): CodeIgniter\Database\BaseConnection->query('SELECT `ventas`.`id`, `clientes`.`ciNit`, `clientes`.`razonSocial`, `detalleventas`.`cantidadV`, `detalleventas`.`nombre`, `detalleventas`.`precioUnitario`, `ventas`.`total`, `usuarios`.`nombre_Usuario`
FROM `detalleventas`
JOIN `ventas` ON `ventas`.`id` = `detalleventas`.`idVenta`
JOIN `productos` ON `productos`.`id` = `detalleventas`.`idProducto`
JOIN `clientes` ON `clientes`.`id` = `ventas`.`idClientes`
JOIN `usuarios` ON `usuarios`.`id` = `ventas`.`idUsuarios`
WHERE `ventas`.`id` = :ventas.id:', [...], false)
 5 APPPATH\Controllers\Ventas.php(110): CodeIgniter\Database\BaseBuilder->get()
 6 SYSTEMPATH\CodeIgniter.php(934): App\Controllers\Ventas->generarComprobante('5')
 7 SYSTEMPATH\CodeIgniter.php(499): CodeIgniter\CodeIgniter->runController(Object(App\Controllers\Ventas))
 8 SYSTEMPATH\CodeIgniter.php(368): CodeIgniter\CodeIgniter->handleRequest(null, Object(Config\Cache), false)
 9 FCPATH\index.php(67): CodeIgniter\CodeIgniter->run()
ERROR - 2023-11-03 16:25:52 --> mysqli_sql_exception: Unknown column 'detalleventas.idProducto' in 'on clause' in C:\Program Files\Xampp\htdocs\ProyectoGrado\ProyectoFinal\system\Database\MySQLi\Connection.php:295
Stack trace:
#0 C:\Program Files\Xampp\htdocs\ProyectoGrado\ProyectoFinal\system\Database\MySQLi\Connection.php(295): mysqli->query('SELECT `ventas`...', 0)
#1 C:\Program Files\Xampp\htdocs\ProyectoGrado\ProyectoFinal\system\Database\BaseConnection.php(692): CodeIgniter\Database\MySQLi\Connection->execute('SELECT `ventas`...')
#2 C:\Program Files\Xampp\htdocs\ProyectoGrado\ProyectoFinal\system\Database\BaseConnection.php(606): CodeIgniter\Database\BaseConnection->simpleQuery('SELECT `ventas`...')
#3 C:\Program Files\Xampp\htdocs\ProyectoGrado\ProyectoFinal\system\Database\BaseBuilder.php(1616): CodeIgniter\Database\BaseConnection->query('SELECT `ventas`...', Array, false)
#4 C:\Program Files\Xampp\htdocs\ProyectoGrado\ProyectoFinal\app\Controllers\Ventas.php(110): CodeIgniter\Database\BaseBuilder->get()
#5 C:\Program Files\Xampp\htdocs\ProyectoGrado\ProyectoFinal\system\CodeIgniter.php(934): App\Controllers\Ventas->generarComprobante('3')
#6 C:\Program Files\Xampp\htdocs\ProyectoGrado\ProyectoFinal\system\CodeIgniter.php(499): CodeIgniter\CodeIgniter->runController(Object(App\Controllers\Ventas))
#7 C:\Program Files\Xampp\htdocs\ProyectoGrado\ProyectoFinal\system\CodeIgniter.php(368): CodeIgniter\CodeIgniter->handleRequest(NULL, Object(Config\Cache), false)
#8 C:\Program Files\Xampp\htdocs\ProyectoGrado\ProyectoFinal\public\index.php(67): CodeIgniter\CodeIgniter->run()
#9 {main}
CRITICAL - 2023-11-03 16:25:52 --> Unknown column 'detalleventas.idProducto' in 'on clause'
in SYSTEMPATH\Database\MySQLi\Connection.php on line 295.
 1 SYSTEMPATH\Database\MySQLi\Connection.php(295): mysqli->query('SELECT `ventas`.`id`, `clientes`.`ciNit`, `clientes`.`razonSocial`, `detalleventas`.`cantidadV`, `detalleventas`.`nombre`, `detalleventas`.`precioUnitario`, `ventas`.`total`, `usuarios`.`nombre_Usuario`
FROM `detalleventas`
JOIN `ventas` ON `ventas`.`id` = `detalleventas`.`idVenta`
JOIN `productos` ON `productos`.`id` = `detalleventas`.`idProducto`
JOIN `clientes` ON `clientes`.`id` = `ventas`.`idClientes`
JOIN `usuarios` ON `usuarios`.`id` = `ventas`.`idUsuarios`
WHERE `ventas`.`id` = \'8\'', 0)
 2 SYSTEMPATH\Database\BaseConnection.php(692): CodeIgniter\Database\MySQLi\Connection->execute('SELECT `ventas`.`id`, `clientes`.`ciNit`, `clientes`.`razonSocial`, `detalleventas`.`cantidadV`, `detalleventas`.`nombre`, `detalleventas`.`precioUnitario`, `ventas`.`total`, `usuarios`.`nombre_Usuario`
FROM `detalleventas`
JOIN `ventas` ON `ventas`.`id` = `detalleventas`.`idVenta`
JOIN `productos` ON `productos`.`id` = `detalleventas`.`idProducto`
JOIN `clientes` ON `clientes`.`id` = `ventas`.`idClientes`
JOIN `usuarios` ON `usuarios`.`id` = `ventas`.`idUsuarios`
WHERE `ventas`.`id` = \'8\'')
 3 SYSTEMPATH\Database\BaseConnection.php(606): CodeIgniter\Database\BaseConnection->simpleQuery('SELECT `ventas`.`id`, `clientes`.`ciNit`, `clientes`.`razonSocial`, `detalleventas`.`cantidadV`, `detalleventas`.`nombre`, `detalleventas`.`precioUnitario`, `ventas`.`total`, `usuarios`.`nombre_Usuario`
FROM `detalleventas`
JOIN `ventas` ON `ventas`.`id` = `detalleventas`.`idVenta`
JOIN `productos` ON `productos`.`id` = `detalleventas`.`idProducto`
JOIN `clientes` ON `clientes`.`id` = `ventas`.`idClientes`
JOIN `usuarios` ON `usuarios`.`id` = `ventas`.`idUsuarios`
WHERE `ventas`.`id` = \'8\'')
 4 SYSTEMPATH\Database\BaseBuilder.php(1616): CodeIgniter\Database\BaseConnection->query('SELECT `ventas`.`id`, `clientes`.`ciNit`, `clientes`.`razonSocial`, `detalleventas`.`cantidadV`, `detalleventas`.`nombre`, `detalleventas`.`precioUnitario`, `ventas`.`total`, `usuarios`.`nombre_Usuario`
FROM `detalleventas`
JOIN `ventas` ON `ventas`.`id` = `detalleventas`.`idVenta`
JOIN `productos` ON `productos`.`id` = `detalleventas`.`idProducto`
JOIN `clientes` ON `clientes`.`id` = `ventas`.`idClientes`
JOIN `usuarios` ON `usuarios`.`id` = `ventas`.`idUsuarios`
WHERE `ventas`.`id` = :ventas.id:', [...], false)
 5 APPPATH\Controllers\Ventas.php(110): CodeIgniter\Database\BaseBuilder->get()
 6 SYSTEMPATH\CodeIgniter.php(934): App\Controllers\Ventas->generarComprobante('3')
 7 SYSTEMPATH\CodeIgniter.php(499): CodeIgniter\CodeIgniter->runController(Object(App\Controllers\Ventas))
 8 SYSTEMPATH\CodeIgniter.php(368): CodeIgniter\CodeIgniter->handleRequest(null, Object(Config\Cache), false)
 9 FCPATH\index.php(67): CodeIgniter\CodeIgniter->run()
