ERROR - 2023-10-29 15:11:58 --> mysqli_sql_exception: Column 'idClientes' cannot be null in C:\Program Files\Xampp\htdocs\ProyectoGrado\ProyectoFinal\system\Database\MySQLi\Connection.php:295
Stack trace:
#0 C:\Program Files\Xampp\htdocs\ProyectoGrado\ProyectoFinal\system\Database\MySQLi\Connection.php(295): mysqli->query('INSERT INTO `Ve...', 0)
#1 C:\Program Files\Xampp\htdocs\ProyectoGrado\ProyectoFinal\system\Database\BaseConnection.php(692): CodeIgniter\Database\MySQLi\Connection->execute('INSERT INTO `Ve...')
#2 C:\Program Files\Xampp\htdocs\ProyectoGrado\ProyectoFinal\system\Database\BaseConnection.php(606): CodeIgniter\Database\BaseConnection->simpleQuery('INSERT INTO `Ve...')
#3 C:\Program Files\Xampp\htdocs\ProyectoGrado\ProyectoFinal\system\Database\BaseBuilder.php(2309): CodeIgniter\Database\BaseConnection->query('INSERT INTO `Ve...', Array, false)
#4 C:\Program Files\Xampp\htdocs\ProyectoGrado\ProyectoFinal\system\Model.php(330): CodeIgniter\Database\BaseBuilder->insert()
#5 C:\Program Files\Xampp\htdocs\ProyectoGrado\ProyectoFinal\system\BaseModel.php(782): CodeIgniter\Model->doInsert(Array)
#6 C:\Program Files\Xampp\htdocs\ProyectoGrado\ProyectoFinal\system\Model.php(730): CodeIgniter\BaseModel->insert(Array, true)
#7 C:\Program Files\Xampp\htdocs\ProyectoGrado\ProyectoFinal\app\Controllers\Ventas.php(52): CodeIgniter\Model->insert(Array)
#8 C:\Program Files\Xampp\htdocs\ProyectoGrado\ProyectoFinal\system\CodeIgniter.php(934): App\Controllers\Ventas->crearVenta()
#9 C:\Program Files\Xampp\htdocs\ProyectoGrado\ProyectoFinal\system\CodeIgniter.php(499): CodeIgniter\CodeIgniter->runController(Object(App\Controllers\Ventas))
#10 C:\Program Files\Xampp\htdocs\ProyectoGrado\ProyectoFinal\system\CodeIgniter.php(368): CodeIgniter\CodeIgniter->handleRequest(NULL, Object(Config\Cache), false)
#11 C:\Program Files\Xampp\htdocs\ProyectoGrado\ProyectoFinal\public\index.php(67): CodeIgniter\CodeIgniter->run()
#12 {main}
CRITICAL - 2023-10-29 15:11:58 --> Column 'idClientes' cannot be null
in SYSTEMPATH\Database\MySQLi\Connection.php on line 295.
 1 SYSTEMPATH\Database\MySQLi\Connection.php(295): mysqli->query('INSERT INTO `Ventas` (`idClientes`, `idUsuarios`) VALUES (NULL, NULL)', 0)
 2 SYSTEMPATH\Database\BaseConnection.php(692): CodeIgniter\Database\MySQLi\Connection->execute('INSERT INTO `Ventas` (`idClientes`, `idUsuarios`) VALUES (NULL, NULL)')
 3 SYSTEMPATH\Database\BaseConnection.php(606): CodeIgniter\Database\BaseConnection->simpleQuery('INSERT INTO `Ventas` (`idClientes`, `idUsuarios`) VALUES (NULL, NULL)')
 4 SYSTEMPATH\Database\BaseBuilder.php(2309): CodeIgniter\Database\BaseConnection->query('INSERT INTO `Ventas` (`idClientes`, `idUsuarios`) VALUES (:idClientes:, :idUsuarios:)', [...], false)
 5 SYSTEMPATH\Model.php(330): CodeIgniter\Database\BaseBuilder->insert()
 6 SYSTEMPATH\BaseModel.php(782): CodeIgniter\Model->doInsert([...])
 7 SYSTEMPATH\Model.php(730): CodeIgniter\BaseModel->insert([...], true)
 8 APPPATH\Controllers\Ventas.php(52): CodeIgniter\Model->insert([...])
 9 SYSTEMPATH\CodeIgniter.php(934): App\Controllers\Ventas->crearVenta()
10 SYSTEMPATH\CodeIgniter.php(499): CodeIgniter\CodeIgniter->runController(Object(App\Controllers\Ventas))
11 SYSTEMPATH\CodeIgniter.php(368): CodeIgniter\CodeIgniter->handleRequest(null, Object(Config\Cache), false)
12 FCPATH\index.php(67): CodeIgniter\CodeIgniter->run()
ERROR - 2023-10-29 15:44:25 --> mysqli_sql_exception: Column 'idClientes' cannot be null in C:\Program Files\Xampp\htdocs\ProyectoGrado\ProyectoFinal\system\Database\MySQLi\Connection.php:295
Stack trace:
#0 C:\Program Files\Xampp\htdocs\ProyectoGrado\ProyectoFinal\system\Database\MySQLi\Connection.php(295): mysqli->query('INSERT INTO `Ve...', 0)
#1 C:\Program Files\Xampp\htdocs\ProyectoGrado\ProyectoFinal\system\Database\BaseConnection.php(692): CodeIgniter\Database\MySQLi\Connection->execute('INSERT INTO `Ve...')
#2 C:\Program Files\Xampp\htdocs\ProyectoGrado\ProyectoFinal\system\Database\BaseConnection.php(606): CodeIgniter\Database\BaseConnection->simpleQuery('INSERT INTO `Ve...')
#3 C:\Program Files\Xampp\htdocs\ProyectoGrado\ProyectoFinal\system\Database\BaseBuilder.php(2309): CodeIgniter\Database\BaseConnection->query('INSERT INTO `Ve...', Array, false)
#4 C:\Program Files\Xampp\htdocs\ProyectoGrado\ProyectoFinal\system\Model.php(330): CodeIgniter\Database\BaseBuilder->insert()
#5 C:\Program Files\Xampp\htdocs\ProyectoGrado\ProyectoFinal\system\BaseModel.php(782): CodeIgniter\Model->doInsert(Array)
#6 C:\Program Files\Xampp\htdocs\ProyectoGrado\ProyectoFinal\system\Model.php(730): CodeIgniter\BaseModel->insert(Array, true)
#7 C:\Program Files\Xampp\htdocs\ProyectoGrado\ProyectoFinal\app\Controllers\Ventas.php(52): CodeIgniter\Model->insert(Array)
#8 C:\Program Files\Xampp\htdocs\ProyectoGrado\ProyectoFinal\system\CodeIgniter.php(934): App\Controllers\Ventas->crearVenta()
#9 C:\Program Files\Xampp\htdocs\ProyectoGrado\ProyectoFinal\system\CodeIgniter.php(499): CodeIgniter\CodeIgniter->runController(Object(App\Controllers\Ventas))
#10 C:\Program Files\Xampp\htdocs\ProyectoGrado\ProyectoFinal\system\CodeIgniter.php(368): CodeIgniter\CodeIgniter->handleRequest(NULL, Object(Config\Cache), false)
#11 C:\Program Files\Xampp\htdocs\ProyectoGrado\ProyectoFinal\public\index.php(67): CodeIgniter\CodeIgniter->run()
#12 {main}
CRITICAL - 2023-10-29 15:44:25 --> Column 'idClientes' cannot be null
in SYSTEMPATH\Database\MySQLi\Connection.php on line 295.
 1 SYSTEMPATH\Database\MySQLi\Connection.php(295): mysqli->query('INSERT INTO `Ventas` (`idClientes`, `idUsuarios`) VALUES (NULL, NULL)', 0)
 2 SYSTEMPATH\Database\BaseConnection.php(692): CodeIgniter\Database\MySQLi\Connection->execute('INSERT INTO `Ventas` (`idClientes`, `idUsuarios`) VALUES (NULL, NULL)')
 3 SYSTEMPATH\Database\BaseConnection.php(606): CodeIgniter\Database\BaseConnection->simpleQuery('INSERT INTO `Ventas` (`idClientes`, `idUsuarios`) VALUES (NULL, NULL)')
 4 SYSTEMPATH\Database\BaseBuilder.php(2309): CodeIgniter\Database\BaseConnection->query('INSERT INTO `Ventas` (`idClientes`, `idUsuarios`) VALUES (:idClientes:, :idUsuarios:)', [...], false)
 5 SYSTEMPATH\Model.php(330): CodeIgniter\Database\BaseBuilder->insert()
 6 SYSTEMPATH\BaseModel.php(782): CodeIgniter\Model->doInsert([...])
 7 SYSTEMPATH\Model.php(730): CodeIgniter\BaseModel->insert([...], true)
 8 APPPATH\Controllers\Ventas.php(52): CodeIgniter\Model->insert([...])
 9 SYSTEMPATH\CodeIgniter.php(934): App\Controllers\Ventas->crearVenta()
10 SYSTEMPATH\CodeIgniter.php(499): CodeIgniter\CodeIgniter->runController(Object(App\Controllers\Ventas))
11 SYSTEMPATH\CodeIgniter.php(368): CodeIgniter\CodeIgniter->handleRequest(null, Object(Config\Cache), false)
12 FCPATH\index.php(67): CodeIgniter\CodeIgniter->run()
ERROR - 2023-10-29 15:45:01 --> mysqli_sql_exception: Column 'idClientes' cannot be null in C:\Program Files\Xampp\htdocs\ProyectoGrado\ProyectoFinal\system\Database\MySQLi\Connection.php:295
Stack trace:
#0 C:\Program Files\Xampp\htdocs\ProyectoGrado\ProyectoFinal\system\Database\MySQLi\Connection.php(295): mysqli->query('INSERT INTO `Ve...', 0)
#1 C:\Program Files\Xampp\htdocs\ProyectoGrado\ProyectoFinal\system\Database\BaseConnection.php(692): CodeIgniter\Database\MySQLi\Connection->execute('INSERT INTO `Ve...')
#2 C:\Program Files\Xampp\htdocs\ProyectoGrado\ProyectoFinal\system\Database\BaseConnection.php(606): CodeIgniter\Database\BaseConnection->simpleQuery('INSERT INTO `Ve...')
#3 C:\Program Files\Xampp\htdocs\ProyectoGrado\ProyectoFinal\system\Database\BaseBuilder.php(2309): CodeIgniter\Database\BaseConnection->query('INSERT INTO `Ve...', Array, false)
#4 C:\Program Files\Xampp\htdocs\ProyectoGrado\ProyectoFinal\system\Model.php(330): CodeIgniter\Database\BaseBuilder->insert()
#5 C:\Program Files\Xampp\htdocs\ProyectoGrado\ProyectoFinal\system\BaseModel.php(782): CodeIgniter\Model->doInsert(Array)
#6 C:\Program Files\Xampp\htdocs\ProyectoGrado\ProyectoFinal\system\Model.php(730): CodeIgniter\BaseModel->insert(Array, true)
#7 C:\Program Files\Xampp\htdocs\ProyectoGrado\ProyectoFinal\app\Controllers\Ventas.php(52): CodeIgniter\Model->insert(Array)
#8 C:\Program Files\Xampp\htdocs\ProyectoGrado\ProyectoFinal\system\CodeIgniter.php(934): App\Controllers\Ventas->crearVenta()
#9 C:\Program Files\Xampp\htdocs\ProyectoGrado\ProyectoFinal\system\CodeIgniter.php(499): CodeIgniter\CodeIgniter->runController(Object(App\Controllers\Ventas))
#10 C:\Program Files\Xampp\htdocs\ProyectoGrado\ProyectoFinal\system\CodeIgniter.php(368): CodeIgniter\CodeIgniter->handleRequest(NULL, Object(Config\Cache), false)
#11 C:\Program Files\Xampp\htdocs\ProyectoGrado\ProyectoFinal\public\index.php(67): CodeIgniter\CodeIgniter->run()
#12 {main}
CRITICAL - 2023-10-29 15:45:01 --> Column 'idClientes' cannot be null
in SYSTEMPATH\Database\MySQLi\Connection.php on line 295.
 1 SYSTEMPATH\Database\MySQLi\Connection.php(295): mysqli->query('INSERT INTO `Ventas` (`idClientes`, `idUsuarios`) VALUES (NULL, NULL)', 0)
 2 SYSTEMPATH\Database\BaseConnection.php(692): CodeIgniter\Database\MySQLi\Connection->execute('INSERT INTO `Ventas` (`idClientes`, `idUsuarios`) VALUES (NULL, NULL)')
 3 SYSTEMPATH\Database\BaseConnection.php(606): CodeIgniter\Database\BaseConnection->simpleQuery('INSERT INTO `Ventas` (`idClientes`, `idUsuarios`) VALUES (NULL, NULL)')
 4 SYSTEMPATH\Database\BaseBuilder.php(2309): CodeIgniter\Database\BaseConnection->query('INSERT INTO `Ventas` (`idClientes`, `idUsuarios`) VALUES (:idClientes:, :idUsuarios:)', [...], false)
 5 SYSTEMPATH\Model.php(330): CodeIgniter\Database\BaseBuilder->insert()
 6 SYSTEMPATH\BaseModel.php(782): CodeIgniter\Model->doInsert([...])
 7 SYSTEMPATH\Model.php(730): CodeIgniter\BaseModel->insert([...], true)
 8 APPPATH\Controllers\Ventas.php(52): CodeIgniter\Model->insert([...])
 9 SYSTEMPATH\CodeIgniter.php(934): App\Controllers\Ventas->crearVenta()
10 SYSTEMPATH\CodeIgniter.php(499): CodeIgniter\CodeIgniter->runController(Object(App\Controllers\Ventas))
11 SYSTEMPATH\CodeIgniter.php(368): CodeIgniter\CodeIgniter->handleRequest(null, Object(Config\Cache), false)
12 FCPATH\index.php(67): CodeIgniter\CodeIgniter->run()
ERROR - 2023-10-29 16:14:42 --> mysqli_sql_exception: Column 'idUsuarios' cannot be null in C:\Program Files\Xampp\htdocs\ProyectoGrado\ProyectoFinal\system\Database\MySQLi\Connection.php:295
Stack trace:
#0 C:\Program Files\Xampp\htdocs\ProyectoGrado\ProyectoFinal\system\Database\MySQLi\Connection.php(295): mysqli->query('INSERT INTO `Ve...', 0)
#1 C:\Program Files\Xampp\htdocs\ProyectoGrado\ProyectoFinal\system\Database\BaseConnection.php(692): CodeIgniter\Database\MySQLi\Connection->execute('INSERT INTO `Ve...')
#2 C:\Program Files\Xampp\htdocs\ProyectoGrado\ProyectoFinal\system\Database\BaseConnection.php(606): CodeIgniter\Database\BaseConnection->simpleQuery('INSERT INTO `Ve...')
#3 C:\Program Files\Xampp\htdocs\ProyectoGrado\ProyectoFinal\system\Database\BaseBuilder.php(2309): CodeIgniter\Database\BaseConnection->query('INSERT INTO `Ve...', Array, false)
#4 C:\Program Files\Xampp\htdocs\ProyectoGrado\ProyectoFinal\system\Model.php(330): CodeIgniter\Database\BaseBuilder->insert()
#5 C:\Program Files\Xampp\htdocs\ProyectoGrado\ProyectoFinal\system\BaseModel.php(782): CodeIgniter\Model->doInsert(Array)
#6 C:\Program Files\Xampp\htdocs\ProyectoGrado\ProyectoFinal\system\Model.php(730): CodeIgniter\BaseModel->insert(Array, true)
#7 C:\Program Files\Xampp\htdocs\ProyectoGrado\ProyectoFinal\app\Controllers\Ventas.php(52): CodeIgniter\Model->insert(Array)
#8 C:\Program Files\Xampp\htdocs\ProyectoGrado\ProyectoFinal\system\CodeIgniter.php(934): App\Controllers\Ventas->crearVenta()
#9 C:\Program Files\Xampp\htdocs\ProyectoGrado\ProyectoFinal\system\CodeIgniter.php(499): CodeIgniter\CodeIgniter->runController(Object(App\Controllers\Ventas))
#10 C:\Program Files\Xampp\htdocs\ProyectoGrado\ProyectoFinal\system\CodeIgniter.php(368): CodeIgniter\CodeIgniter->handleRequest(NULL, Object(Config\Cache), false)
#11 C:\Program Files\Xampp\htdocs\ProyectoGrado\ProyectoFinal\public\index.php(67): CodeIgniter\CodeIgniter->run()
#12 {main}
CRITICAL - 2023-10-29 16:14:42 --> Column 'idUsuarios' cannot be null
in SYSTEMPATH\Database\MySQLi\Connection.php on line 295.
 1 SYSTEMPATH\Database\MySQLi\Connection.php(295): mysqli->query('INSERT INTO `Ventas` (`idClientes`, `idUsuarios`) VALUES (\'4\', NULL)', 0)
 2 SYSTEMPATH\Database\BaseConnection.php(692): CodeIgniter\Database\MySQLi\Connection->execute('INSERT INTO `Ventas` (`idClientes`, `idUsuarios`) VALUES (\'4\', NULL)')
 3 SYSTEMPATH\Database\BaseConnection.php(606): CodeIgniter\Database\BaseConnection->simpleQuery('INSERT INTO `Ventas` (`idClientes`, `idUsuarios`) VALUES (\'4\', NULL)')
 4 SYSTEMPATH\Database\BaseBuilder.php(2309): CodeIgniter\Database\BaseConnection->query('INSERT INTO `Ventas` (`idClientes`, `idUsuarios`) VALUES (:idClientes:, :idUsuarios:)', [...], false)
 5 SYSTEMPATH\Model.php(330): CodeIgniter\Database\BaseBuilder->insert()
 6 SYSTEMPATH\BaseModel.php(782): CodeIgniter\Model->doInsert([...])
 7 SYSTEMPATH\Model.php(730): CodeIgniter\BaseModel->insert([...], true)
 8 APPPATH\Controllers\Ventas.php(52): CodeIgniter\Model->insert([...])
 9 SYSTEMPATH\CodeIgniter.php(934): App\Controllers\Ventas->crearVenta()
10 SYSTEMPATH\CodeIgniter.php(499): CodeIgniter\CodeIgniter->runController(Object(App\Controllers\Ventas))
11 SYSTEMPATH\CodeIgniter.php(368): CodeIgniter\CodeIgniter->handleRequest(null, Object(Config\Cache), false)
12 FCPATH\index.php(67): CodeIgniter\CodeIgniter->run()
CRITICAL - 2023-10-29 16:17:45 --> foreach() argument must be of type array|object, null given
in APPPATH\Controllers\Ventas.php on line 59.
 1 APPPATH\Controllers\Ventas.php(59): CodeIgniter\Debug\Exceptions->errorHandler(2, 'foreach() argument must be of type array|object, null given', 'C:\\Program Files\\Xampp\\htdocs\\ProyectoGrado\\ProyectoFinal\\app\\Controllers\\Ventas.php', 59)
 2 SYSTEMPATH\CodeIgniter.php(934): App\Controllers\Ventas->crearVenta()
 3 SYSTEMPATH\CodeIgniter.php(499): CodeIgniter\CodeIgniter->runController(Object(App\Controllers\Ventas))
 4 SYSTEMPATH\CodeIgniter.php(368): CodeIgniter\CodeIgniter->handleRequest(null, Object(Config\Cache), false)
 5 FCPATH\index.php(67): CodeIgniter\CodeIgniter->run()
CRITICAL - 2023-10-29 16:24:21 --> foreach() argument must be of type array|object, null given
in APPPATH\Controllers\Ventas.php on line 59.
 1 APPPATH\Controllers\Ventas.php(59): CodeIgniter\Debug\Exceptions->errorHandler(2, 'foreach() argument must be of type array|object, null given', 'C:\\Program Files\\Xampp\\htdocs\\ProyectoGrado\\ProyectoFinal\\app\\Controllers\\Ventas.php', 59)
 2 SYSTEMPATH\CodeIgniter.php(934): App\Controllers\Ventas->crearVenta()
 3 SYSTEMPATH\CodeIgniter.php(499): CodeIgniter\CodeIgniter->runController(Object(App\Controllers\Ventas))
 4 SYSTEMPATH\CodeIgniter.php(368): CodeIgniter\CodeIgniter->handleRequest(null, Object(Config\Cache), false)
 5 FCPATH\index.php(67): CodeIgniter\CodeIgniter->run()
CRITICAL - 2023-10-29 16:24:47 --> foreach() argument must be of type array|object, null given
in APPPATH\Controllers\Ventas.php on line 59.
 1 APPPATH\Controllers\Ventas.php(59): CodeIgniter\Debug\Exceptions->errorHandler(2, 'foreach() argument must be of type array|object, null given', 'C:\\Program Files\\Xampp\\htdocs\\ProyectoGrado\\ProyectoFinal\\app\\Controllers\\Ventas.php', 59)
 2 SYSTEMPATH\CodeIgniter.php(934): App\Controllers\Ventas->crearVenta()
 3 SYSTEMPATH\CodeIgniter.php(499): CodeIgniter\CodeIgniter->runController(Object(App\Controllers\Ventas))
 4 SYSTEMPATH\CodeIgniter.php(368): CodeIgniter\CodeIgniter->handleRequest(null, Object(Config\Cache), false)
 5 FCPATH\index.php(67): CodeIgniter\CodeIgniter->run()
CRITICAL - 2023-10-29 17:55:02 --> Undefined variable $productos
in APPPATH\Views\ventas\index.php on line 48.
 1 APPPATH\Views\ventas\index.php(48): CodeIgniter\Debug\Exceptions->errorHandler(2, 'Undefined variable $productos', 'C:\\Program Files\\Xampp\\htdocs\\ProyectoGrado\\ProyectoFinal\\app\\Views\\ventas\\index.php', 48)
 2 SYSTEMPATH\View\View.php(213): include('C:\\Program Files\\Xampp\\htdocs\\ProyectoGrado\\ProyectoFinal\\app\\Views\\ventas\\index.php')
 3 SYSTEMPATH\View\View.php(216): CodeIgniter\View\View->CodeIgniter\View\{closure}()
 4 SYSTEMPATH\Common.php(1184): CodeIgniter\View\View->render('ventas/index', [], true)
 5 APPPATH\Controllers\Ventas.php(19): view('ventas/index')
 6 SYSTEMPATH\CodeIgniter.php(934): App\Controllers\Ventas->index('5')
 7 SYSTEMPATH\CodeIgniter.php(499): CodeIgniter\CodeIgniter->runController(Object(App\Controllers\Ventas))
 8 SYSTEMPATH\CodeIgniter.php(368): CodeIgniter\CodeIgniter->handleRequest(null, Object(Config\Cache), false)
 9 FCPATH\index.php(67): CodeIgniter\CodeIgniter->run()
CRITICAL - 2023-10-29 17:55:09 --> Undefined variable $productos
in APPPATH\Views\ventas\index.php on line 48.
 1 APPPATH\Views\ventas\index.php(48): CodeIgniter\Debug\Exceptions->errorHandler(2, 'Undefined variable $productos', 'C:\\Program Files\\Xampp\\htdocs\\ProyectoGrado\\ProyectoFinal\\app\\Views\\ventas\\index.php', 48)
 2 SYSTEMPATH\View\View.php(213): include('C:\\Program Files\\Xampp\\htdocs\\ProyectoGrado\\ProyectoFinal\\app\\Views\\ventas\\index.php')
 3 SYSTEMPATH\View\View.php(216): CodeIgniter\View\View->CodeIgniter\View\{closure}()
 4 SYSTEMPATH\Common.php(1184): CodeIgniter\View\View->render('ventas/index', [], true)
 5 APPPATH\Controllers\Ventas.php(19): view('ventas/index')
 6 SYSTEMPATH\CodeIgniter.php(934): App\Controllers\Ventas->index('3')
 7 SYSTEMPATH\CodeIgniter.php(499): CodeIgniter\CodeIgniter->runController(Object(App\Controllers\Ventas))
 8 SYSTEMPATH\CodeIgniter.php(368): CodeIgniter\CodeIgniter->handleRequest(null, Object(Config\Cache), false)
 9 FCPATH\index.php(67): CodeIgniter\CodeIgniter->run()
ERROR - 2023-10-29 19:59:30 --> mysqli_sql_exception: Column 'idClientes' cannot be null in C:\Program Files\Xampp\htdocs\ProyectoGrado\ProyectoFinal\system\Database\MySQLi\Connection.php:295
Stack trace:
#0 C:\Program Files\Xampp\htdocs\ProyectoGrado\ProyectoFinal\system\Database\MySQLi\Connection.php(295): mysqli->query('INSERT INTO `Ve...', 0)
#1 C:\Program Files\Xampp\htdocs\ProyectoGrado\ProyectoFinal\system\Database\BaseConnection.php(692): CodeIgniter\Database\MySQLi\Connection->execute('INSERT INTO `Ve...')
#2 C:\Program Files\Xampp\htdocs\ProyectoGrado\ProyectoFinal\system\Database\BaseConnection.php(606): CodeIgniter\Database\BaseConnection->simpleQuery('INSERT INTO `Ve...')
#3 C:\Program Files\Xampp\htdocs\ProyectoGrado\ProyectoFinal\system\Database\BaseBuilder.php(2309): CodeIgniter\Database\BaseConnection->query('INSERT INTO `Ve...', Array, false)
#4 C:\Program Files\Xampp\htdocs\ProyectoGrado\ProyectoFinal\system\Model.php(330): CodeIgniter\Database\BaseBuilder->insert()
#5 C:\Program Files\Xampp\htdocs\ProyectoGrado\ProyectoFinal\system\BaseModel.php(782): CodeIgniter\Model->doInsert(Array)
#6 C:\Program Files\Xampp\htdocs\ProyectoGrado\ProyectoFinal\system\Model.php(730): CodeIgniter\BaseModel->insert(Array, true)
#7 C:\Program Files\Xampp\htdocs\ProyectoGrado\ProyectoFinal\app\Controllers\Ventas.php(41): CodeIgniter\Model->insert(Array)
#8 C:\Program Files\Xampp\htdocs\ProyectoGrado\ProyectoFinal\system\CodeIgniter.php(934): App\Controllers\Ventas->crearVenta()
#9 C:\Program Files\Xampp\htdocs\ProyectoGrado\ProyectoFinal\system\CodeIgniter.php(499): CodeIgniter\CodeIgniter->runController(Object(App\Controllers\Ventas))
#10 C:\Program Files\Xampp\htdocs\ProyectoGrado\ProyectoFinal\system\CodeIgniter.php(368): CodeIgniter\CodeIgniter->handleRequest(NULL, Object(Config\Cache), false)
#11 C:\Program Files\Xampp\htdocs\ProyectoGrado\ProyectoFinal\public\index.php(67): CodeIgniter\CodeIgniter->run()
#12 {main}
CRITICAL - 2023-10-29 19:59:30 --> Column 'idClientes' cannot be null
in SYSTEMPATH\Database\MySQLi\Connection.php on line 295.
 1 SYSTEMPATH\Database\MySQLi\Connection.php(295): mysqli->query('INSERT INTO `Ventas` (`idClientes`, `idUsuarios`) VALUES (NULL, NULL)', 0)
 2 SYSTEMPATH\Database\BaseConnection.php(692): CodeIgniter\Database\MySQLi\Connection->execute('INSERT INTO `Ventas` (`idClientes`, `idUsuarios`) VALUES (NULL, NULL)')
 3 SYSTEMPATH\Database\BaseConnection.php(606): CodeIgniter\Database\BaseConnection->simpleQuery('INSERT INTO `Ventas` (`idClientes`, `idUsuarios`) VALUES (NULL, NULL)')
 4 SYSTEMPATH\Database\BaseBuilder.php(2309): CodeIgniter\Database\BaseConnection->query('INSERT INTO `Ventas` (`idClientes`, `idUsuarios`) VALUES (:idClientes:, :idUsuarios:)', [...], false)
 5 SYSTEMPATH\Model.php(330): CodeIgniter\Database\BaseBuilder->insert()
 6 SYSTEMPATH\BaseModel.php(782): CodeIgniter\Model->doInsert([...])
 7 SYSTEMPATH\Model.php(730): CodeIgniter\BaseModel->insert([...], true)
 8 APPPATH\Controllers\Ventas.php(41): CodeIgniter\Model->insert([...])
 9 SYSTEMPATH\CodeIgniter.php(934): App\Controllers\Ventas->crearVenta()
10 SYSTEMPATH\CodeIgniter.php(499): CodeIgniter\CodeIgniter->runController(Object(App\Controllers\Ventas))
11 SYSTEMPATH\CodeIgniter.php(368): CodeIgniter\CodeIgniter->handleRequest(null, Object(Config\Cache), false)
12 FCPATH\index.php(67): CodeIgniter\CodeIgniter->run()
ERROR - 2023-10-29 19:59:43 --> mysqli_sql_exception: Column 'idClientes' cannot be null in C:\Program Files\Xampp\htdocs\ProyectoGrado\ProyectoFinal\system\Database\MySQLi\Connection.php:295
Stack trace:
#0 C:\Program Files\Xampp\htdocs\ProyectoGrado\ProyectoFinal\system\Database\MySQLi\Connection.php(295): mysqli->query('INSERT INTO `Ve...', 0)
#1 C:\Program Files\Xampp\htdocs\ProyectoGrado\ProyectoFinal\system\Database\BaseConnection.php(692): CodeIgniter\Database\MySQLi\Connection->execute('INSERT INTO `Ve...')
#2 C:\Program Files\Xampp\htdocs\ProyectoGrado\ProyectoFinal\system\Database\BaseConnection.php(606): CodeIgniter\Database\BaseConnection->simpleQuery('INSERT INTO `Ve...')
#3 C:\Program Files\Xampp\htdocs\ProyectoGrado\ProyectoFinal\system\Database\BaseBuilder.php(2309): CodeIgniter\Database\BaseConnection->query('INSERT INTO `Ve...', Array, false)
#4 C:\Program Files\Xampp\htdocs\ProyectoGrado\ProyectoFinal\system\Model.php(330): CodeIgniter\Database\BaseBuilder->insert()
#5 C:\Program Files\Xampp\htdocs\ProyectoGrado\ProyectoFinal\system\BaseModel.php(782): CodeIgniter\Model->doInsert(Array)
#6 C:\Program Files\Xampp\htdocs\ProyectoGrado\ProyectoFinal\system\Model.php(730): CodeIgniter\BaseModel->insert(Array, true)
#7 C:\Program Files\Xampp\htdocs\ProyectoGrado\ProyectoFinal\app\Controllers\Ventas.php(40): CodeIgniter\Model->insert(Array)
#8 C:\Program Files\Xampp\htdocs\ProyectoGrado\ProyectoFinal\system\CodeIgniter.php(934): App\Controllers\Ventas->crearVenta()
#9 C:\Program Files\Xampp\htdocs\ProyectoGrado\ProyectoFinal\system\CodeIgniter.php(499): CodeIgniter\CodeIgniter->runController(Object(App\Controllers\Ventas))
#10 C:\Program Files\Xampp\htdocs\ProyectoGrado\ProyectoFinal\system\CodeIgniter.php(368): CodeIgniter\CodeIgniter->handleRequest(NULL, Object(Config\Cache), false)
#11 C:\Program Files\Xampp\htdocs\ProyectoGrado\ProyectoFinal\public\index.php(67): CodeIgniter\CodeIgniter->run()
#12 {main}
CRITICAL - 2023-10-29 19:59:43 --> Column 'idClientes' cannot be null
in SYSTEMPATH\Database\MySQLi\Connection.php on line 295.
 1 SYSTEMPATH\Database\MySQLi\Connection.php(295): mysqli->query('INSERT INTO `Ventas` (`idClientes`, `idUsuarios`) VALUES (NULL, NULL)', 0)
 2 SYSTEMPATH\Database\BaseConnection.php(692): CodeIgniter\Database\MySQLi\Connection->execute('INSERT INTO `Ventas` (`idClientes`, `idUsuarios`) VALUES (NULL, NULL)')
 3 SYSTEMPATH\Database\BaseConnection.php(606): CodeIgniter\Database\BaseConnection->simpleQuery('INSERT INTO `Ventas` (`idClientes`, `idUsuarios`) VALUES (NULL, NULL)')
 4 SYSTEMPATH\Database\BaseBuilder.php(2309): CodeIgniter\Database\BaseConnection->query('INSERT INTO `Ventas` (`idClientes`, `idUsuarios`) VALUES (:idClientes:, :idUsuarios:)', [...], false)
 5 SYSTEMPATH\Model.php(330): CodeIgniter\Database\BaseBuilder->insert()
 6 SYSTEMPATH\BaseModel.php(782): CodeIgniter\Model->doInsert([...])
 7 SYSTEMPATH\Model.php(730): CodeIgniter\BaseModel->insert([...], true)
 8 APPPATH\Controllers\Ventas.php(40): CodeIgniter\Model->insert([...])
 9 SYSTEMPATH\CodeIgniter.php(934): App\Controllers\Ventas->crearVenta()
10 SYSTEMPATH\CodeIgniter.php(499): CodeIgniter\CodeIgniter->runController(Object(App\Controllers\Ventas))
11 SYSTEMPATH\CodeIgniter.php(368): CodeIgniter\CodeIgniter->handleRequest(null, Object(Config\Cache), false)
12 FCPATH\index.php(67): CodeIgniter\CodeIgniter->run()
CRITICAL - 2023-10-29 23:32:30 --> Undefined variable $titulo
in APPPATH\Views\ventas\index.php on line 4.
 1 APPPATH\Views\ventas\index.php(4): CodeIgniter\Debug\Exceptions->errorHandler(2, 'Undefined variable $titulo', 'C:\\Program Files\\Xampp\\htdocs\\ProyectoGrado\\ProyectoFinal\\app\\Views\\ventas\\index.php', 4)
 2 SYSTEMPATH\View\View.php(213): include('C:\\Program Files\\Xampp\\htdocs\\ProyectoGrado\\ProyectoFinal\\app\\Views\\ventas\\index.php')
 3 SYSTEMPATH\View\View.php(216): CodeIgniter\View\View->CodeIgniter\View\{closure}()
 4 SYSTEMPATH\Common.php(1184): CodeIgniter\View\View->render('ventas/index', [], true)
 5 APPPATH\Controllers\Ventas.php(25): view('ventas/index', [...])
 6 SYSTEMPATH\CodeIgniter.php(934): App\Controllers\Ventas->index('4')
 7 SYSTEMPATH\CodeIgniter.php(499): CodeIgniter\CodeIgniter->runController(Object(App\Controllers\Ventas))
 8 SYSTEMPATH\CodeIgniter.php(368): CodeIgniter\CodeIgniter->handleRequest(null, Object(Config\Cache), false)
 9 FCPATH\index.php(67): CodeIgniter\CodeIgniter->run()
