CRITICAL - 2023-11-19 15:08:19 --> Undefined variable $datos
in APPPATH\Views\ventas\reportes.php on line 49.
 1 APPPATH\Views\ventas\reportes.php(49): CodeIgniter\Debug\Exceptions->errorHandler(2, 'Undefined variable $datos', 'C:\\Program Files\\Xampp\\htdocs\\ProyectoGrado\\ProyectoFinal\\app\\Views\\ventas\\reportes.php', 49)
 2 SYSTEMPATH\View\View.php(213): include('C:\\Program Files\\Xampp\\htdocs\\ProyectoGrado\\ProyectoFinal\\app\\Views\\ventas\\reportes.php')
 3 SYSTEMPATH\View\View.php(216): CodeIgniter\View\View->CodeIgniter\View\{closure}()
 4 SYSTEMPATH\Common.php(1184): CodeIgniter\View\View->render('ventas/reportes', [], true)
 5 APPPATH\Controllers\Reportes.php(14): view('ventas/reportes')
 6 SYSTEMPATH\CodeIgniter.php(934): App\Controllers\Reportes->reportes()
 7 SYSTEMPATH\CodeIgniter.php(499): CodeIgniter\CodeIgniter->runController(Object(App\Controllers\Reportes))
 8 SYSTEMPATH\CodeIgniter.php(368): CodeIgniter\CodeIgniter->handleRequest(null, Object(Config\Cache), false)
 9 FCPATH\index.php(67): CodeIgniter\CodeIgniter->run()
CRITICAL - 2023-11-19 15:32:40 --> Undefined variable $datos
in APPPATH\Views\ventas\reportes.php on line 49.
 1 APPPATH\Views\ventas\reportes.php(49): CodeIgniter\Debug\Exceptions->errorHandler(2, 'Undefined variable $datos', 'C:\\Program Files\\Xampp\\htdocs\\ProyectoGrado\\ProyectoFinal\\app\\Views\\ventas\\reportes.php', 49)
 2 SYSTEMPATH\View\View.php(213): include('C:\\Program Files\\Xampp\\htdocs\\ProyectoGrado\\ProyectoFinal\\app\\Views\\ventas\\reportes.php')
 3 SYSTEMPATH\View\View.php(216): CodeIgniter\View\View->CodeIgniter\View\{closure}()
 4 SYSTEMPATH\Common.php(1184): CodeIgniter\View\View->render('ventas/reportes', [], true)
 5 APPPATH\Controllers\Reportes.php(14): view('ventas/reportes')
 6 SYSTEMPATH\CodeIgniter.php(934): App\Controllers\Reportes->reportes()
 7 SYSTEMPATH\CodeIgniter.php(499): CodeIgniter\CodeIgniter->runController(Object(App\Controllers\Reportes))
 8 SYSTEMPATH\CodeIgniter.php(368): CodeIgniter\CodeIgniter->handleRequest(null, Object(Config\Cache), false)
 9 FCPATH\index.php(67): CodeIgniter\CodeIgniter->run()
CRITICAL - 2023-11-19 15:32:44 --> Undefined array key 6
in APPPATH\Views\productos\listar.php on line 38.
 1 APPPATH\Views\productos\listar.php(38): CodeIgniter\Debug\Exceptions->errorHandler(2, 'Undefined array key 6', 'C:\\Program Files\\Xampp\\htdocs\\ProyectoGrado\\ProyectoFinal\\app\\Views\\productos\\listar.php', 38)
 2 SYSTEMPATH\View\View.php(213): include('C:\\Program Files\\Xampp\\htdocs\\ProyectoGrado\\ProyectoFinal\\app\\Views\\productos\\listar.php')
 3 SYSTEMPATH\View\View.php(216): CodeIgniter\View\View->CodeIgniter\View\{closure}()
 4 SYSTEMPATH\Common.php(1184): CodeIgniter\View\View->render('productos/listar', [], true)
 5 APPPATH\Controllers\Productos.php(17): view('productos/listar', [...])
 6 SYSTEMPATH\CodeIgniter.php(934): App\Controllers\Productos->index()
 7 SYSTEMPATH\CodeIgniter.php(499): CodeIgniter\CodeIgniter->runController(Object(App\Controllers\Productos))
 8 SYSTEMPATH\CodeIgniter.php(368): CodeIgniter\CodeIgniter->handleRequest(null, Object(Config\Cache), false)
 9 FCPATH\index.php(67): CodeIgniter\CodeIgniter->run()
CRITICAL - 2023-11-19 16:58:50 --> Undefined variable $datos
in APPPATH\Views\ventas\reportes.php on line 49.
 1 APPPATH\Views\ventas\reportes.php(49): CodeIgniter\Debug\Exceptions->errorHandler(2, 'Undefined variable $datos', 'C:\\Program Files\\Xampp\\htdocs\\ProyectoGrado\\ProyectoFinal\\app\\Views\\ventas\\reportes.php', 49)
 2 SYSTEMPATH\View\View.php(213): include('C:\\Program Files\\Xampp\\htdocs\\ProyectoGrado\\ProyectoFinal\\app\\Views\\ventas\\reportes.php')
 3 SYSTEMPATH\View\View.php(216): CodeIgniter\View\View->CodeIgniter\View\{closure}()
 4 SYSTEMPATH\Common.php(1184): CodeIgniter\View\View->render('ventas/reportes', [], true)
 5 APPPATH\Controllers\Reportes.php(14): view('ventas/reportes')
 6 SYSTEMPATH\CodeIgniter.php(934): App\Controllers\Reportes->reportes()
 7 SYSTEMPATH\CodeIgniter.php(499): CodeIgniter\CodeIgniter->runController(Object(App\Controllers\Reportes))
 8 SYSTEMPATH\CodeIgniter.php(368): CodeIgniter\CodeIgniter->handleRequest(null, Object(Config\Cache), false)
 9 FCPATH\index.php(67): CodeIgniter\CodeIgniter->run()
CRITICAL - 2023-11-19 16:58:51 --> Undefined variable $datos
in APPPATH\Views\ventas\reportes.php on line 49.
 1 APPPATH\Views\ventas\reportes.php(49): CodeIgniter\Debug\Exceptions->errorHandler(2, 'Undefined variable $datos', 'C:\\Program Files\\Xampp\\htdocs\\ProyectoGrado\\ProyectoFinal\\app\\Views\\ventas\\reportes.php', 49)
 2 SYSTEMPATH\View\View.php(213): include('C:\\Program Files\\Xampp\\htdocs\\ProyectoGrado\\ProyectoFinal\\app\\Views\\ventas\\reportes.php')
 3 SYSTEMPATH\View\View.php(216): CodeIgniter\View\View->CodeIgniter\View\{closure}()
 4 SYSTEMPATH\Common.php(1184): CodeIgniter\View\View->render('ventas/reportes', [], true)
 5 APPPATH\Controllers\Reportes.php(14): view('ventas/reportes')
 6 SYSTEMPATH\CodeIgniter.php(934): App\Controllers\Reportes->reportes()
 7 SYSTEMPATH\CodeIgniter.php(499): CodeIgniter\CodeIgniter->runController(Object(App\Controllers\Reportes))
 8 SYSTEMPATH\CodeIgniter.php(368): CodeIgniter\CodeIgniter->handleRequest(null, Object(Config\Cache), false)
 9 FCPATH\index.php(67): CodeIgniter\CodeIgniter->run()
CRITICAL - 2023-11-19 16:59:36 --> Undefined variable $datos
in APPPATH\Views\ventas\reportes.php on line 49.
 1 APPPATH\Views\ventas\reportes.php(49): CodeIgniter\Debug\Exceptions->errorHandler(2, 'Undefined variable $datos', 'C:\\Program Files\\Xampp\\htdocs\\ProyectoGrado\\ProyectoFinal\\app\\Views\\ventas\\reportes.php', 49)
 2 SYSTEMPATH\View\View.php(213): include('C:\\Program Files\\Xampp\\htdocs\\ProyectoGrado\\ProyectoFinal\\app\\Views\\ventas\\reportes.php')
 3 SYSTEMPATH\View\View.php(216): CodeIgniter\View\View->CodeIgniter\View\{closure}()
 4 SYSTEMPATH\Common.php(1184): CodeIgniter\View\View->render('ventas/reportes', [], true)
 5 APPPATH\Controllers\Reportes.php(14): view('ventas/reportes')
 6 SYSTEMPATH\CodeIgniter.php(934): App\Controllers\Reportes->reportes()
 7 SYSTEMPATH\CodeIgniter.php(499): CodeIgniter\CodeIgniter->runController(Object(App\Controllers\Reportes))
 8 SYSTEMPATH\CodeIgniter.php(368): CodeIgniter\CodeIgniter->handleRequest(null, Object(Config\Cache), false)
 9 FCPATH\index.php(67): CodeIgniter\CodeIgniter->run()
